<?xml version="1.0" encoding="UTF-8"?>
<!-- Generated by org.testng.reporters.JUnitXMLReporter -->
<testsuite ignored="0" hostname="Hanz-Riya" failures="1" tests="1" name="Test" time="5.038" errors="0" timestamp="2025-01-03T20:41:57 IST">
  <testcase classname="TestScript.QALegendNoteTest" name="addNoteTest" time="2.958">
    <failure type="org.openqa.selenium.ElementClickInterceptedException" message="element click intercepted: Element &amp;lt;input type=&amp;quot;search&amp;quot; class=&amp;quot;&amp;quot; placeholder=&amp;quot;Search&amp;quot; aria-controls=&amp;quot;note-table&amp;quot;&amp;gt; is not clickable at point (900, 156). Other element would receive the click: &amp;lt;div class=&amp;quot;modal in&amp;quot; id=&amp;quot;ajaxModal&amp;quot; tabindex=&amp;quot;-1&amp;quot; role=&amp;quot;dialog&amp;quot; aria-labelledby=&amp;quot;ajaxModal&amp;quot; aria-hidden=&amp;quot;true&amp;quot; style=&amp;quot;display: block;&amp;quot;&amp;gt;...&amp;lt;/div&amp;gt;
  (Session info: chrome=131.0.6778.205)
Build info: version: &amp;apos;4.25.0&amp;apos;, revision: &amp;apos;8a8aea2337&amp;apos;
System info: os.name: &amp;apos;Windows 11&amp;apos;, os.arch: &amp;apos;amd64&amp;apos;, os.version: &amp;apos;10.0&amp;apos;, java.version: &amp;apos;22.0.2&amp;apos;
Driver info: org.openqa.selenium.chrome.ChromeDriver
Command: [daa1107f3e017499bd0687aa9ed3fd4c, clickElement {id=f.E871CB72AD26E52AA1EC94ECFA216264.d.F612C3DED13ED26E0A8A2114A7775CF5.e.56}]
Capabilities {acceptInsecureCerts: false, browserName: chrome, browserVersion: 131.0.6778.205, chrome: {chromedriverVersion: 131.0.6778.204 (52183f9e99a..., userDataDir: C:\Users\hanzh\AppData\Loca...}, fedcm:accounts: true, goog:chromeOptions: {debuggerAddress: localhost:59370}, networkConnectionEnabled: false, pageLoadStrategy: normal, platformName: windows, proxy: Proxy(), se:cdp: ws://localhost:59370/devtoo..., se:cdpVersion: 131.0.6778.205, setWindowRect: true, strictFileInteractability: false, timeouts: {implicit: 0, pageLoad: 300000, script: 30000}, unhandledPromptBehavior: dismiss and notify, webauthn:extension:credBlob: true, webauthn:extension:largeBlob: true, webauthn:extension:minPinLength: true, webauthn:extension:prf: true, webauthn:virtualAuthenticators: true}
Element: [[ChromeDriver: chrome on windows (daa1107f3e017499bd0687aa9ed3fd4c)] -&amp;gt; xpath: //div[@id=&amp;apos;note-table_filter&amp;apos;]//descendant::input]
Session ID: daa1107f3e017499bd0687aa9ed3fd4c">
      <![CDATA[org.openqa.selenium.ElementClickInterceptedException: element click intercepted: Element <input type="search" class="" placeholder="Search" aria-controls="note-table"> is not clickable at point (900, 156). Other element would receive the click: <div class="modal in" id="ajaxModal" tabindex="-1" role="dialog" aria-labelledby="ajaxModal" aria-hidden="true" style="display: block;">...</div>
  (Session info: chrome=131.0.6778.205)
Build info: version: '4.25.0', revision: '8a8aea2337'
System info: os.name: 'Windows 11', os.arch: 'amd64', os.version: '10.0', java.version: '22.0.2'
Driver info: org.openqa.selenium.chrome.ChromeDriver
Command: [daa1107f3e017499bd0687aa9ed3fd4c, clickElement {id=f.E871CB72AD26E52AA1EC94ECFA216264.d.F612C3DED13ED26E0A8A2114A7775CF5.e.56}]
Capabilities {acceptInsecureCerts: false, browserName: chrome, browserVersion: 131.0.6778.205, chrome: {chromedriverVersion: 131.0.6778.204 (52183f9e99a..., userDataDir: C:\Users\hanzh\AppData\Loca...}, fedcm:accounts: true, goog:chromeOptions: {debuggerAddress: localhost:59370}, networkConnectionEnabled: false, pageLoadStrategy: normal, platformName: windows, proxy: Proxy(), se:cdp: ws://localhost:59370/devtoo..., se:cdpVersion: 131.0.6778.205, setWindowRect: true, strictFileInteractability: false, timeouts: {implicit: 0, pageLoad: 300000, script: 30000}, unhandledPromptBehavior: dismiss and notify, webauthn:extension:credBlob: true, webauthn:extension:largeBlob: true, webauthn:extension:minPinLength: true, webauthn:extension:prf: true, webauthn:virtualAuthenticators: true}
Element: [[ChromeDriver: chrome on windows (daa1107f3e017499bd0687aa9ed3fd4c)] -> xpath: //div[@id='note-table_filter']//descendant::input]
Session ID: daa1107f3e017499bd0687aa9ed3fd4c
at org.openqa.selenium.remote.ErrorCodec.decode(ErrorCodec.java:167)
at org.openqa.selenium.remote.codec.w3c.W3CHttpResponseCodec.decode(W3CHttpResponseCodec.java:138)
at org.openqa.selenium.remote.codec.w3c.W3CHttpResponseCodec.decode(W3CHttpResponseCodec.java:50)
at org.openqa.selenium.remote.HttpCommandExecutor.execute(HttpCommandExecutor.java:190)
at org.openqa.selenium.remote.service.DriverCommandExecutor.invokeExecute(DriverCommandExecutor.java:216)
at org.openqa.selenium.remote.service.DriverCommandExecutor.execute(DriverCommandExecutor.java:174)
at org.openqa.selenium.remote.RemoteWebDriver.execute(RemoteWebDriver.java:545)
at org.openqa.selenium.remote.RemoteWebElement.execute(RemoteWebElement.java:223)
at org.openqa.selenium.remote.RemoteWebElement.click(RemoteWebElement.java:76)
at org.openqa.selenium.support.pagefactory.internal.LocatingElementHandler.invoke(LocatingElementHandler.java:51)
at jdk.proxy2/jdk.proxy2.$Proxy12.click(Unknown Source)
at Utilities.PageUtilities.clickOnElement(PageUtilities.java:27)
at PageClasses.QALegendNotePage.searchNoteAdded(QALegendNotePage.java:58)
at TestScript.QALegendNoteTest.addNoteTest(QALegendNoteTest.java:22)
at java.base/java.util.ArrayList.forEach(ArrayList.java:1597)
... Removed 30 stack frames]]>
    </failure>
  </testcase> <!-- addNoteTest -->
</testsuite> <!-- Test -->
