<?xml version="1.0" encoding="UTF-8"?>
<!-- Generated by org.testng.reporters.JUnitXMLReporter -->
<testsuite ignored="0" hostname="Hanz-Riya" failures="0" tests="16" name="Test" time="74.32" errors="0" timestamp="2025-01-03T12:36:46 IST">
  <testcase classname="TestScript.QALegendEventTest" name="addEvent" time="2.917"/>
  <testcase classname="TestScript.QALegendEditEventTest" name="editEventTestCases" time="2.131"/>
  <testcase classname="TestScript.QALegendNoteTest" name="addNoteTest" time="3.037"/>
  <testcase classname="TestScript.QALegendMessageTest" name="verifyComposeMessage" time="2.332"/>
  <testcase classname="TestScript.QALegendClientsTest" name="addClients" time="4.628"/>
  <testcase classname="TestScript.QALegendProjectTest" name="verifyAddProject" time="3.853"/>
  <testcase classname="TestScript.QALegendItemsTest" name="addItem" time="2.965">
    <skipped/>
  </testcase> <!-- addItem -->
  <testcase classname="TestScript.QALegendItemsTest" name="addItem" time="3.502"/>
  <testcase classname="TestScript.QALegendAnnouncementTest" name="addAnnouncement" time="2.122"/>
  <testcase classname="TestScript.QALegendEditAnnouncementTest" name="editannouncementTestCases" time="1.677"/>
  <testcase classname="TestScript.QALegendTeamMembersTest" name="addTeamMembers" time="3.056"/>
  <testcase classname="TestScript.QALegendEditTeamMembersTest" name="editTeamTestCases" time="1.571"/>
  <testcase classname="TestScript.QALegendTicketTest" name="verifyTicketAssignment" time="5.86"/>
  <testcase classname="TestScript.QALegendTicketTest" name="verifyTicketMarkedAsClosed" time="4.895"/>
  <testcase classname="TestScript.QALegendLoginTest" name="checkValidLogin" time="1.022"/>
  <testcase classname="TestScript.QALegendLoginTest" name="checkinValidLogin" time="1.093"/>
</testsuite> <!-- Test -->
