<?xml version="1.0" encoding="UTF-8"?>
<!-- Generated by org.testng.reporters.JUnitXMLReporter -->
<testsuite ignored="0" hostname="Hanz-Riya" failures="1" tests="15" name="Test" time="80.801" errors="0" timestamp="2025-01-03T19:25:15 IST">
  <testcase classname="TestScript.QALegendEventTest" name="addEvent" time="3.505"/>
  <testcase classname="TestScript.QALegendEditEventTest" name="editEventTestCases" time="2.738"/>
  <testcase classname="TestScript.QALegendNoteTest" name="addNoteTest" time="3.471"/>
  <testcase classname="TestScript.QALegendMessageTest" name="verifyComposeMessage" time="4.9"/>
  <testcase classname="TestScript.QALegendClientsTest" name="addClients" time="5.217"/>
  <testcase classname="TestScript.QALegendProjectTest" name="verifyAddProject" time="6.522"/>
  <testcase classname="TestScript.QALegendItemsTest" name="addItem" time="3.393">
    <failure type="org.openqa.selenium.ElementClickInterceptedException" message="element click intercepted: Element &amp;lt;input type=&amp;quot;search&amp;quot; class=&amp;quot;&amp;quot; placeholder=&amp;quot;Search&amp;quot; aria-controls=&amp;quot;item-table&amp;quot;&amp;gt; is not clickable at point (900, 156). Other element would receive the click: &amp;lt;div class=&amp;quot;modal in&amp;quot; id=&amp;quot;ajaxModal&amp;quot; tabindex=&amp;quot;-1&amp;quot; role=&amp;quot;dialog&amp;quot; aria-labelledby=&amp;quot;ajaxModal&amp;quot; aria-hidden=&amp;quot;true&amp;quot; style=&amp;quot;display: block;&amp;quot;&amp;gt;...&amp;lt;/div&amp;gt;
  (Session info: chrome=131.0.6778.205)
Build info: version: &amp;apos;4.25.0&amp;apos;, revision: &amp;apos;8a8aea2337&amp;apos;
System info: os.name: &amp;apos;Windows 11&amp;apos;, os.arch: &amp;apos;amd64&amp;apos;, os.version: &amp;apos;10.0&amp;apos;, java.version: &amp;apos;22.0.2&amp;apos;
Driver info: org.openqa.selenium.chrome.ChromeDriver
Command: [5b9af9a21a8dd869336acceb84cb566e, clickElement {id=f.2D9D4C46A98CB1B58BC25B21BF83B5C5.d.BD271371DA8141FF9241F9E2B965C8C2.e.57}]
Capabilities {acceptInsecureCerts: false, browserName: chrome, browserVersion: 131.0.6778.205, chrome: {chromedriverVersion: 131.0.6778.204 (52183f9e99a..., userDataDir: C:\Users\hanzh\AppData\Loca...}, fedcm:accounts: true, goog:chromeOptions: {debuggerAddress: localhost:55750}, networkConnectionEnabled: false, pageLoadStrategy: normal, platformName: windows, proxy: Proxy(), se:cdp: ws://localhost:55750/devtoo..., se:cdpVersion: 131.0.6778.205, setWindowRect: true, strictFileInteractability: false, timeouts: {implicit: 0, pageLoad: 300000, script: 30000}, unhandledPromptBehavior: dismiss and notify, webauthn:extension:credBlob: true, webauthn:extension:largeBlob: true, webauthn:extension:minPinLength: true, webauthn:extension:prf: true, webauthn:virtualAuthenticators: true}
Element: [[ChromeDriver: chrome on windows (5b9af9a21a8dd869336acceb84cb566e)] -&amp;gt; xpath: //input[@type=&amp;apos;search&amp;apos;]]
Session ID: 5b9af9a21a8dd869336acceb84cb566e">
      <![CDATA[org.openqa.selenium.ElementClickInterceptedException: element click intercepted: Element <input type="search" class="" placeholder="Search" aria-controls="item-table"> is not clickable at point (900, 156). Other element would receive the click: <div class="modal in" id="ajaxModal" tabindex="-1" role="dialog" aria-labelledby="ajaxModal" aria-hidden="true" style="display: block;">...</div>
  (Session info: chrome=131.0.6778.205)
Build info: version: '4.25.0', revision: '8a8aea2337'
System info: os.name: 'Windows 11', os.arch: 'amd64', os.version: '10.0', java.version: '22.0.2'
Driver info: org.openqa.selenium.chrome.ChromeDriver
Command: [5b9af9a21a8dd869336acceb84cb566e, clickElement {id=f.2D9D4C46A98CB1B58BC25B21BF83B5C5.d.BD271371DA8141FF9241F9E2B965C8C2.e.57}]
Capabilities {acceptInsecureCerts: false, browserName: chrome, browserVersion: 131.0.6778.205, chrome: {chromedriverVersion: 131.0.6778.204 (52183f9e99a..., userDataDir: C:\Users\hanzh\AppData\Loca...}, fedcm:accounts: true, goog:chromeOptions: {debuggerAddress: localhost:55750}, networkConnectionEnabled: false, pageLoadStrategy: normal, platformName: windows, proxy: Proxy(), se:cdp: ws://localhost:55750/devtoo..., se:cdpVersion: 131.0.6778.205, setWindowRect: true, strictFileInteractability: false, timeouts: {implicit: 0, pageLoad: 300000, script: 30000}, unhandledPromptBehavior: dismiss and notify, webauthn:extension:credBlob: true, webauthn:extension:largeBlob: true, webauthn:extension:minPinLength: true, webauthn:extension:prf: true, webauthn:virtualAuthenticators: true}
Element: [[ChromeDriver: chrome on windows (5b9af9a21a8dd869336acceb84cb566e)] -> xpath: //input[@type='search']]
Session ID: 5b9af9a21a8dd869336acceb84cb566e
at org.openqa.selenium.remote.ErrorCodec.decode(ErrorCodec.java:167)
at org.openqa.selenium.remote.codec.w3c.W3CHttpResponseCodec.decode(W3CHttpResponseCodec.java:138)
at org.openqa.selenium.remote.codec.w3c.W3CHttpResponseCodec.decode(W3CHttpResponseCodec.java:50)
at org.openqa.selenium.remote.HttpCommandExecutor.execute(HttpCommandExecutor.java:190)
at org.openqa.selenium.remote.service.DriverCommandExecutor.invokeExecute(DriverCommandExecutor.java:216)
at org.openqa.selenium.remote.service.DriverCommandExecutor.execute(DriverCommandExecutor.java:174)
at org.openqa.selenium.remote.RemoteWebDriver.execute(RemoteWebDriver.java:545)
at org.openqa.selenium.remote.RemoteWebElement.execute(RemoteWebElement.java:223)
at org.openqa.selenium.remote.RemoteWebElement.click(RemoteWebElement.java:76)
at org.openqa.selenium.support.pagefactory.internal.LocatingElementHandler.invoke(LocatingElementHandler.java:51)
at jdk.proxy2/jdk.proxy2.$Proxy12.click(Unknown Source)
at PageClasses.QALegendItemsPage.searchItemAdded(QALegendItemsPage.java:60)
at TestScript.QALegendItemsTest.addItem(QALegendItemsTest.java:23)
at java.base/java.util.ArrayList.forEach(ArrayList.java:1597)
... Removed 30 stack frames]]>
    </failure>
  </testcase> <!-- addItem -->
  <testcase classname="TestScript.QALegendAnnouncementTest" name="addAnnouncement" time="2.797"/>
  <testcase classname="TestScript.QALegendEditAnnouncementTest" name="editannouncementTestCases" time="1.573"/>
  <testcase classname="TestScript.QALegendTeamMembersTest" name="addTeamMembers" time="2.906"/>
  <testcase classname="TestScript.QALegendEditTeamMembersTest" name="editTeamTestCases" time="1.579"/>
  <testcase classname="TestScript.QALegendTicketTest" name="verifyTicketAssignment" time="7.043"/>
  <testcase classname="TestScript.QALegendTicketTest" name="verifyTicketMarkedAsClosed" time="7.243"/>
  <testcase classname="TestScript.QALegendLoginTest" name="checkValidLogin" time="0.494"/>
  <testcase classname="TestScript.QALegendLoginTest" name="checkinValidLogin" time="2.191"/>
</testsuite> <!-- Test -->
