<?xml version="1.0" encoding="UTF-8"?>
<!-- Generated by org.testng.reporters.JUnitXMLReporter -->
<testsuite ignored="0" hostname="Hanz-Riya" failures="0" tests="14" name="Test" time="71.698" errors="0" timestamp="2025-01-04T16:49:09 IST">
  <testcase classname="TestScript.QALegendEventTest" name="addEvent" time="2.966"/>
  <testcase classname="TestScript.QALegendEditEventTest" name="editEventTestCases" time="2.742"/>
  <testcase classname="TestScript.QALegendNoteTest" name="verifyAddNoteTest" time="3.287"/>
  <testcase classname="TestScript.QALegendMessageTest" name="verifyComposeMessage" time="4.908"/>
  <testcase classname="TestScript.QALegendClientsTest" name="verifyAddClient" time="3.973"/>
  <testcase classname="TestScript.QALegendClientsTest" name="verifyEditClient" time="5.214"/>
  <testcase classname="TestScript.QALegendProjectTest" name="verifyAddProject" time="4.227"/>
  <testcase classname="TestScript.QALegendProjectTest" name="verifyDeleteProject" time="6.437"/>
  <testcase classname="TestScript.QALegendAnnouncementTest" name="addAnnouncement" time="2.437"/>
  <testcase classname="TestScript.QALegendEditAnnouncementTest" name="editannouncementTestCases" time="1.598"/>
  <testcase classname="TestScript.QALegendTicketTest" name="verifyTicketAssignment" time="3.857"/>
  <testcase classname="TestScript.QALegendTicketTest" name="verifyTicketMarkedAsClosed" time="5.524"/>
  <testcase classname="TestScript.QALegendLoginTest" name="checkValidLogin" time="0.503"/>
  <testcase classname="TestScript.QALegendLoginTest" name="checkinValidLogin" time="1.439"/>
</testsuite> <!-- Test -->
