<?xml version="1.0" encoding="UTF-8"?>
<!-- Generated by org.testng.reporters.JUnitXMLReporter -->
<testsuite ignored="0" hostname="Hanz-Riya" failures="0" tests="5" name="Test" time="33.541" errors="0" timestamp="2025-01-03T21:32:17 IST">
  <testcase classname="TestScript.QALegendNoteTest" name="verifyAddNoteTest" time="3.238"/>
  <testcase classname="TestScript.QALegendClientsTest" name="verifyAddClient" time="3.646"/>
  <testcase classname="TestScript.QALegendClientsTest" name="verifyEditClient" time="5.694"/>
  <testcase classname="TestScript.QALegendTicketTest" name="verifyTicketAssignment" time="5.004"/>
  <testcase classname="TestScript.QALegendTicketTest" name="verifyTicketMarkedAsClosed" time="7.276"/>
</testsuite> <!-- Test -->
