<?xml version="1.0" encoding="UTF-8"?>
<!-- Generated by org.testng.reporters.JUnitXMLReporter -->
<testsuite ignored="0" hostname="Hanz-Riya" failures="0" tests="12" name="Test" time="66.032" errors="0" timestamp="2025-01-04T16:04:17 IST">
  <testcase classname="TestScript.QALegendEventTest" name="addEvent" time="10.941"/>
  <testcase classname="TestScript.QALegendEditEventTest" name="editEventTestCases" time="1.901"/>
  <testcase classname="TestScript.QALegendNoteTest" name="verifyAddNoteTest" time="4.019"/>
  <testcase classname="TestScript.QALegendMessageTest" name="verifyComposeMessage" time="3.515"/>
  <testcase classname="TestScript.QALegendClientsTest" name="addClients" time="3.88"/>
  <testcase classname="TestScript.QALegendProjectTest" name="verifyAddProject" time="3.949"/>
  <testcase classname="TestScript.QALegendAnnouncementTest" name="addAnnouncement" time="2.658"/>
  <testcase classname="TestScript.QALegendEditAnnouncementTest" name="editannouncementTestCases" time="1.544"/>
  <testcase classname="TestScript.QALegendTicketTest" name="verifyTicketAssignment" time="4.616"/>
  <testcase classname="TestScript.QALegendTicketTest" name="verifyTicketMarkedAsClosed" time="5.857"/>
  <testcase classname="TestScript.QALegendLoginTest" name="checkValidLogin" time="0.893"/>
  <testcase classname="TestScript.QALegendLoginTest" name="checkinValidLogin" time="0.981"/>
</testsuite> <!-- Test -->
