<?xml version="1.0" encoding="UTF-8"?>
<!-- Generated by org.testng.reporters.JUnitXMLReporter -->
<testsuite ignored="0" hostname="Hanz-Riya" failures="0" tests="15" name="Test" time="80.318" errors="0" timestamp="2025-01-01T23:02:36 IST">
  <testcase classname="TestScript.QALegendEventTest" name="addEvent" time="2.564"/>
  <testcase classname="TestScript.QALegendEditEventTest" name="editEventTestCases" time="2.925"/>
  <testcase classname="TestScript.QALegendNoteTest" name="addNoteTest" time="3.812"/>
  <testcase classname="TestScript.QALegendMessageTest" name="verifyComposeMessage" time="4.518"/>
  <testcase classname="TestScript.QALegendClientsTest" name="addClients" time="4.492"/>
  <testcase classname="TestScript.QALegendProjectTest" name="verifyAddProject" time="6.168"/>
  <testcase classname="TestScript.QALegendItemsTest" name="addItem" time="3.519"/>
  <testcase classname="TestScript.QALegendAnnouncementTest" name="addAnnouncement" time="3.33"/>
  <testcase classname="TestScript.QALegendEditAnnouncementTest" name="editannouncementTestCases" time="2.474"/>
  <testcase classname="TestScript.QALegendTeamMembersTest" name="addTeamMembers" time="2.531"/>
  <testcase classname="TestScript.QALegendEditTeamMembersTest" name="editTeamTestCases" time="2.15"/>
  <testcase classname="TestScript.QALegendTicketTest" name="verifyTicketAssignment" time="4.259"/>
  <testcase classname="TestScript.QALegendTicketTest" name="verifyTicketMarkedAsClosed" time="5.725"/>
  <testcase classname="TestScript.QALegendLoginTest" name="checkValidLogin" time="0.94"/>
  <testcase classname="TestScript.QALegendLoginTest" name="checkinValidLogin" time="1.094"/>
</testsuite> <!-- Test -->
