<?xml version="1.0" encoding="UTF-8"?>
<!-- Generated by org.testng.reporters.JUnitXMLReporter -->
<testsuite ignored="0" hostname="Hanz-Riya" failures="0" tests="3" name="Test" time="17.62" errors="0" timestamp="2025-01-03T21:04:08 IST">
  <testcase classname="TestScript.QALegendNoteTest" name="verifyAddNoteTest" time="3.943"/>
  <testcase classname="TestScript.QALegendTicketTest" name="verifyTicketAssignment" time="4.825"/>
  <testcase classname="TestScript.QALegendTicketTest" name="verifyTicketMarkedAsClosed" time="3.579"/>
</testsuite> <!-- Test -->
