<?xml version="1.0" encoding="UTF-8"?>
<testng-results ignored="0" total="14" passed="14" failed="0" skipped="0">
  <reporter-output>
  </reporter-output>
  <suite started-at="2025-01-04T16:47:58 IST" name="Suite" finished-at="2025-01-04T16:49:09 IST" duration-ms="71698">
    <groups>
      <group name="smoke">
        <method signature="QALegendAnnouncementTest.addAnnouncement()[pri:0, instance:TestScript.QALegendAnnouncementTest@71329995]" name="addAnnouncement" class="TestScript.QALegendAnnouncementTest"/>
        <method signature="QALegendClientsTest.verifyAddClient()[pri:0, instance:TestScript.QALegendClientsTest@6f19ac19]" name="verifyAddClient" class="TestScript.QALegendClientsTest"/>
        <method signature="QALegendClientsTest.verifyEditClient()[pri:0, instance:TestScript.QALegendClientsTest@6f19ac19]" name="verifyEditClient" class="TestScript.QALegendClientsTest"/>
        <method signature="QALegendEventTest.addEvent()[pri:0, instance:TestScript.QALegendEventTest@1672fe87]" name="addEvent" class="TestScript.QALegendEventTest"/>
        <method signature="QALegendTicketTest.verifyTicketAssignment()[pri:0, instance:TestScript.QALegendTicketTest@5454d35e]" name="verifyTicketAssignment" class="TestScript.QALegendTicketTest"/>
        <method signature="QALegendTicketTest.verifyTicketMarkedAsClosed()[pri:0, instance:TestScript.QALegendTicketTest@5454d35e]" name="verifyTicketMarkedAsClosed" class="TestScript.QALegendTicketTest"/>
      </group> <!-- smoke -->
    </groups>
    <test started-at="2025-01-04T16:47:58 IST" name="Test" finished-at="2025-01-04T16:49:09 IST" duration-ms="71698">
      <class name="TestScript.QALegendProjectTest">
        <test-method is-config="true" signature="browserintialization()[pri:0, instance:TestScript.QALegendProjectTest@119cbf96]" started-at="2025-01-04T16:48:31 IST" name="browserintialization" finished-at="2025-01-04T16:48:32 IST" duration-ms="1280" status="PASS">
          <reporter-output>
          </reporter-output>
        </test-method> <!-- browserintialization -->
        <test-method signature="verifyAddProject()[pri:0, instance:TestScript.QALegendProjectTest@119cbf96]" started-at="2025-01-04T16:48:32 IST" name="verifyAddProject" finished-at="2025-01-04T16:48:36 IST" duration-ms="4227" status="PASS">
          <reporter-output>
          </reporter-output>
        </test-method> <!-- verifyAddProject -->
        <test-method is-config="true" signature="afterMethod(org.testng.ITestResult)[pri:0, instance:TestScript.QALegendProjectTest@119cbf96]" started-at="2025-01-04T16:48:36 IST" name="afterMethod" finished-at="2025-01-04T16:48:36 IST" duration-ms="151" status="PASS">
          <params>
            <param index="0">
              <value>
                <![CDATA[[TestResult name=verifyAddProject status=SUCCESS method=QALegendProjectTest.verifyAddProject()[pri:0, instance:TestScript.QALegendProjectTest@119cbf96] output={null}]]]>
              </value>
            </param>
          </params>
          <reporter-output>
          </reporter-output>
        </test-method> <!-- afterMethod -->
        <test-method is-config="true" signature="browserintialization()[pri:0, instance:TestScript.QALegendProjectTest@119cbf96]" started-at="2025-01-04T16:48:36 IST" name="browserintialization" finished-at="2025-01-04T16:48:38 IST" duration-ms="2022" status="PASS">
          <reporter-output>
          </reporter-output>
        </test-method> <!-- browserintialization -->
        <test-method signature="verifyDeleteProject()[pri:0, instance:TestScript.QALegendProjectTest@119cbf96]" started-at="2025-01-04T16:48:38 IST" name="verifyDeleteProject" finished-at="2025-01-04T16:48:45 IST" duration-ms="6437" status="PASS">
          <reporter-output>
          </reporter-output>
        </test-method> <!-- verifyDeleteProject -->
        <test-method is-config="true" signature="afterMethod(org.testng.ITestResult)[pri:0, instance:TestScript.QALegendProjectTest@119cbf96]" started-at="2025-01-04T16:48:45 IST" name="afterMethod" finished-at="2025-01-04T16:48:45 IST" duration-ms="141" status="PASS">
          <params>
            <param index="0">
              <value>
                <![CDATA[[TestResult name=verifyDeleteProject status=SUCCESS method=QALegendProjectTest.verifyDeleteProject()[pri:0, instance:TestScript.QALegendProjectTest@119cbf96] output={null}]]]>
              </value>
            </param>
          </params>
          <reporter-output>
          </reporter-output>
        </test-method> <!-- afterMethod -->
      </class> <!-- TestScript.QALegendProjectTest -->
      <class name="TestScript.QALegendNoteTest">
        <test-method is-config="true" signature="browserintialization()[pri:0, instance:TestScript.QALegendNoteTest@59cba5a]" started-at="2025-01-04T16:48:07 IST" name="browserintialization" finished-at="2025-01-04T16:48:08 IST" duration-ms="1626" status="PASS">
          <reporter-output>
          </reporter-output>
        </test-method> <!-- browserintialization -->
        <test-method signature="verifyAddNoteTest()[pri:0, instance:TestScript.QALegendNoteTest@59cba5a]" started-at="2025-01-04T16:48:08 IST" name="verifyAddNoteTest" finished-at="2025-01-04T16:48:12 IST" duration-ms="3287" status="PASS">
          <reporter-output>
          </reporter-output>
        </test-method> <!-- verifyAddNoteTest -->
        <test-method is-config="true" signature="afterMethod(org.testng.ITestResult)[pri:0, instance:TestScript.QALegendNoteTest@59cba5a]" started-at="2025-01-04T16:48:12 IST" name="afterMethod" finished-at="2025-01-04T16:48:12 IST" duration-ms="135" status="PASS">
          <params>
            <param index="0">
              <value>
                <![CDATA[[TestResult name=verifyAddNoteTest status=SUCCESS method=QALegendNoteTest.verifyAddNoteTest()[pri:0, instance:TestScript.QALegendNoteTest@59cba5a] output={null}]]]>
              </value>
            </param>
          </params>
          <reporter-output>
          </reporter-output>
        </test-method> <!-- afterMethod -->
      </class> <!-- TestScript.QALegendNoteTest -->
      <class name="TestScript.QALegendLoginTest">
        <test-method is-config="true" signature="browserintialization()[pri:0, instance:TestScript.QALegendLoginTest@20c0a64d]" started-at="2025-01-04T16:49:04 IST" name="browserintialization" finished-at="2025-01-04T16:49:06 IST" duration-ms="1625" status="PASS">
          <reporter-output>
          </reporter-output>
        </test-method> <!-- browserintialization -->
        <test-method signature="checkValidLogin()[pri:0, instance:TestScript.QALegendLoginTest@20c0a64d]" started-at="2025-01-04T16:49:06 IST" name="checkValidLogin" finished-at="2025-01-04T16:49:06 IST" duration-ms="503" status="PASS">
          <reporter-output>
          </reporter-output>
        </test-method> <!-- checkValidLogin -->
        <test-method is-config="true" signature="afterMethod(org.testng.ITestResult)[pri:0, instance:TestScript.QALegendLoginTest@20c0a64d]" started-at="2025-01-04T16:49:06 IST" name="afterMethod" finished-at="2025-01-04T16:49:06 IST" duration-ms="134" status="PASS">
          <params>
            <param index="0">
              <value>
                <![CDATA[[TestResult name=checkValidLogin status=SUCCESS method=QALegendLoginTest.checkValidLogin()[pri:0, instance:TestScript.QALegendLoginTest@20c0a64d] output={null}]]]>
              </value>
            </param>
          </params>
          <reporter-output>
          </reporter-output>
        </test-method> <!-- afterMethod -->
        <test-method is-config="true" signature="browserintialization()[pri:0, instance:TestScript.QALegendLoginTest@20c0a64d]" started-at="2025-01-04T16:49:06 IST" name="browserintialization" finished-at="2025-01-04T16:49:08 IST" duration-ms="1318" status="PASS">
          <reporter-output>
          </reporter-output>
        </test-method> <!-- browserintialization -->
        <test-method signature="checkinValidLogin()[pri:0, instance:TestScript.QALegendLoginTest@20c0a64d]" started-at="2025-01-04T16:49:08 IST" name="checkinValidLogin" finished-at="2025-01-04T16:49:09 IST" duration-ms="1439" status="PASS">
          <reporter-output>
          </reporter-output>
        </test-method> <!-- checkinValidLogin -->
        <test-method is-config="true" signature="afterMethod(org.testng.ITestResult)[pri:0, instance:TestScript.QALegendLoginTest@20c0a64d]" started-at="2025-01-04T16:49:09 IST" name="afterMethod" finished-at="2025-01-04T16:49:09 IST" duration-ms="119" status="PASS">
          <params>
            <param index="0">
              <value>
                <![CDATA[[TestResult name=checkinValidLogin status=SUCCESS method=QALegendLoginTest.checkinValidLogin()[pri:0, instance:TestScript.QALegendLoginTest@20c0a64d] output={null}]]]>
              </value>
            </param>
          </params>
          <reporter-output>
          </reporter-output>
        </test-method> <!-- afterMethod -->
      </class> <!-- TestScript.QALegendLoginTest -->
      <class name="TestScript.QALegendMessageTest">
        <test-method is-config="true" signature="browserintialization()[pri:0, instance:TestScript.QALegendMessageTest@1bd39d3c]" started-at="2025-01-04T16:48:12 IST" name="browserintialization" finished-at="2025-01-04T16:48:13 IST" duration-ms="1302" status="PASS">
          <reporter-output>
          </reporter-output>
        </test-method> <!-- browserintialization -->
        <test-method signature="verifyComposeMessage()[pri:0, instance:TestScript.QALegendMessageTest@1bd39d3c]" started-at="2025-01-04T16:48:13 IST" name="verifyComposeMessage" finished-at="2025-01-04T16:48:18 IST" duration-ms="4908" status="PASS">
          <reporter-output>
          </reporter-output>
        </test-method> <!-- verifyComposeMessage -->
        <test-method is-config="true" signature="afterMethod(org.testng.ITestResult)[pri:0, instance:TestScript.QALegendMessageTest@1bd39d3c]" started-at="2025-01-04T16:48:18 IST" name="afterMethod" finished-at="2025-01-04T16:48:18 IST" duration-ms="124" status="PASS">
          <params>
            <param index="0">
              <value>
                <![CDATA[[TestResult name=verifyComposeMessage status=SUCCESS method=QALegendMessageTest.verifyComposeMessage()[pri:0, instance:TestScript.QALegendMessageTest@1bd39d3c] output={null}]]]>
              </value>
            </param>
          </params>
          <reporter-output>
          </reporter-output>
        </test-method> <!-- afterMethod -->
      </class> <!-- TestScript.QALegendMessageTest -->
      <class name="TestScript.QALegendEditEventTest">
        <test-method is-config="true" signature="browserintialization()[pri:0, instance:TestScript.QALegendEditEventTest@4397ad89]" started-at="2025-01-04T16:48:03 IST" name="browserintialization" finished-at="2025-01-04T16:48:04 IST" duration-ms="1308" status="PASS">
          <reporter-output>
          </reporter-output>
        </test-method> <!-- browserintialization -->
        <test-method signature="editEventTestCases()[pri:0, instance:TestScript.QALegendEditEventTest@4397ad89]" started-at="2025-01-04T16:48:04 IST" name="editEventTestCases" finished-at="2025-01-04T16:48:07 IST" duration-ms="2742" status="PASS">
          <reporter-output>
          </reporter-output>
        </test-method> <!-- editEventTestCases -->
        <test-method is-config="true" signature="afterMethod(org.testng.ITestResult)[pri:0, instance:TestScript.QALegendEditEventTest@4397ad89]" started-at="2025-01-04T16:48:07 IST" name="afterMethod" finished-at="2025-01-04T16:48:07 IST" duration-ms="119" status="PASS">
          <params>
            <param index="0">
              <value>
                <![CDATA[[TestResult name=editEventTestCases status=SUCCESS method=QALegendEditEventTest.editEventTestCases()[pri:0, instance:TestScript.QALegendEditEventTest@4397ad89] output={null}]]]>
              </value>
            </param>
          </params>
          <reporter-output>
          </reporter-output>
        </test-method> <!-- afterMethod -->
      </class> <!-- TestScript.QALegendEditEventTest -->
      <class name="TestScript.QALegendEventTest">
        <test-method is-config="true" signature="browserintialization()[pri:0, instance:TestScript.QALegendEventTest@1672fe87]" started-at="2025-01-04T16:47:58 IST" name="browserintialization" finished-at="2025-01-04T16:47:59 IST" duration-ms="1913" status="PASS">
          <reporter-output>
          </reporter-output>
        </test-method> <!-- browserintialization -->
        <test-method signature="addEvent()[pri:0, instance:TestScript.QALegendEventTest@1672fe87]" started-at="2025-01-04T16:47:59 IST" name="addEvent" finished-at="2025-01-04T16:48:02 IST" duration-ms="2966" status="PASS">
          <reporter-output>
          </reporter-output>
        </test-method> <!-- addEvent -->
        <test-method is-config="true" signature="afterMethod(org.testng.ITestResult)[pri:0, instance:TestScript.QALegendEventTest@1672fe87]" started-at="2025-01-04T16:48:02 IST" name="afterMethod" finished-at="2025-01-04T16:48:03 IST" duration-ms="119" status="PASS">
          <params>
            <param index="0">
              <value>
                <![CDATA[[TestResult name=addEvent status=SUCCESS method=QALegendEventTest.addEvent()[pri:0, instance:TestScript.QALegendEventTest@1672fe87] output={null}]]]>
              </value>
            </param>
          </params>
          <reporter-output>
          </reporter-output>
        </test-method> <!-- afterMethod -->
      </class> <!-- TestScript.QALegendEventTest -->
      <class name="TestScript.QALegendClientsTest">
        <test-method is-config="true" signature="browserintialization()[pri:0, instance:TestScript.QALegendClientsTest@6f19ac19]" started-at="2025-01-04T16:48:18 IST" name="browserintialization" finished-at="2025-01-04T16:48:19 IST" duration-ms="1219" status="PASS">
          <reporter-output>
          </reporter-output>
        </test-method> <!-- browserintialization -->
        <test-method signature="verifyAddClient()[pri:0, instance:TestScript.QALegendClientsTest@6f19ac19]" started-at="2025-01-04T16:48:19 IST" name="verifyAddClient" finished-at="2025-01-04T16:48:23 IST" duration-ms="3973" status="PASS">
          <reporter-output>
          </reporter-output>
        </test-method> <!-- verifyAddClient -->
        <test-method is-config="true" signature="afterMethod(org.testng.ITestResult)[pri:0, instance:TestScript.QALegendClientsTest@6f19ac19]" started-at="2025-01-04T16:48:23 IST" name="afterMethod" finished-at="2025-01-04T16:48:24 IST" duration-ms="176" status="PASS">
          <params>
            <param index="0">
              <value>
                <![CDATA[[TestResult name=verifyAddClient status=SUCCESS method=QALegendClientsTest.verifyAddClient()[pri:0, instance:TestScript.QALegendClientsTest@6f19ac19] output={null}]]]>
              </value>
            </param>
          </params>
          <reporter-output>
          </reporter-output>
        </test-method> <!-- afterMethod -->
        <test-method is-config="true" signature="browserintialization()[pri:0, instance:TestScript.QALegendClientsTest@6f19ac19]" started-at="2025-01-04T16:48:24 IST" name="browserintialization" finished-at="2025-01-04T16:48:25 IST" duration-ms="1668" status="PASS">
          <reporter-output>
          </reporter-output>
        </test-method> <!-- browserintialization -->
        <test-method signature="verifyEditClient()[pri:0, instance:TestScript.QALegendClientsTest@6f19ac19]" started-at="2025-01-04T16:48:25 IST" name="verifyEditClient" finished-at="2025-01-04T16:48:30 IST" duration-ms="5214" status="PASS">
          <reporter-output>
          </reporter-output>
        </test-method> <!-- verifyEditClient -->
        <test-method is-config="true" signature="afterMethod(org.testng.ITestResult)[pri:0, instance:TestScript.QALegendClientsTest@6f19ac19]" started-at="2025-01-04T16:48:30 IST" name="afterMethod" finished-at="2025-01-04T16:48:31 IST" duration-ms="117" status="PASS">
          <params>
            <param index="0">
              <value>
                <![CDATA[[TestResult name=verifyEditClient status=SUCCESS method=QALegendClientsTest.verifyEditClient()[pri:0, instance:TestScript.QALegendClientsTest@6f19ac19] output={null}]]]>
              </value>
            </param>
          </params>
          <reporter-output>
          </reporter-output>
        </test-method> <!-- afterMethod -->
      </class> <!-- TestScript.QALegendClientsTest -->
      <class name="TestScript.QALegendEditAnnouncementTest">
        <test-method is-config="true" signature="browserintialization()[pri:0, instance:TestScript.QALegendEditAnnouncementTest@768fc0f2]" started-at="2025-01-04T16:48:49 IST" name="browserintialization" finished-at="2025-01-04T16:48:50 IST" duration-ms="1557" status="PASS">
          <reporter-output>
          </reporter-output>
        </test-method> <!-- browserintialization -->
        <test-method signature="editannouncementTestCases()[pri:0, instance:TestScript.QALegendEditAnnouncementTest@768fc0f2]" started-at="2025-01-04T16:48:50 IST" name="editannouncementTestCases" finished-at="2025-01-04T16:48:52 IST" duration-ms="1598" status="PASS">
          <reporter-output>
          </reporter-output>
        </test-method> <!-- editannouncementTestCases -->
        <test-method is-config="true" signature="afterMethod(org.testng.ITestResult)[pri:0, instance:TestScript.QALegendEditAnnouncementTest@768fc0f2]" started-at="2025-01-04T16:48:52 IST" name="afterMethod" finished-at="2025-01-04T16:48:52 IST" duration-ms="138" status="PASS">
          <params>
            <param index="0">
              <value>
                <![CDATA[[TestResult name=editannouncementTestCases status=SUCCESS method=QALegendEditAnnouncementTest.editannouncementTestCases()[pri:0, instance:TestScript.QALegendEditAnnouncementTest@768fc0f2] output={null}]]]>
              </value>
            </param>
          </params>
          <reporter-output>
          </reporter-output>
        </test-method> <!-- afterMethod -->
      </class> <!-- TestScript.QALegendEditAnnouncementTest -->
      <class name="TestScript.QALegendAnnouncementTest">
        <test-method is-config="true" signature="browserintialization()[pri:0, instance:TestScript.QALegendAnnouncementTest@71329995]" started-at="2025-01-04T16:48:45 IST" name="browserintialization" finished-at="2025-01-04T16:48:46 IST" duration-ms="1200" status="PASS">
          <reporter-output>
          </reporter-output>
        </test-method> <!-- browserintialization -->
        <test-method signature="addAnnouncement()[pri:0, instance:TestScript.QALegendAnnouncementTest@71329995]" started-at="2025-01-04T16:48:46 IST" name="addAnnouncement" finished-at="2025-01-04T16:48:48 IST" duration-ms="2437" status="PASS">
          <reporter-output>
          </reporter-output>
        </test-method> <!-- addAnnouncement -->
        <test-method is-config="true" signature="afterMethod(org.testng.ITestResult)[pri:0, instance:TestScript.QALegendAnnouncementTest@71329995]" started-at="2025-01-04T16:48:48 IST" name="afterMethod" finished-at="2025-01-04T16:48:49 IST" duration-ms="134" status="PASS">
          <params>
            <param index="0">
              <value>
                <![CDATA[[TestResult name=addAnnouncement status=SUCCESS method=QALegendAnnouncementTest.addAnnouncement()[pri:0, instance:TestScript.QALegendAnnouncementTest@71329995] output={null}]]]>
              </value>
            </param>
          </params>
          <reporter-output>
          </reporter-output>
        </test-method> <!-- afterMethod -->
      </class> <!-- TestScript.QALegendAnnouncementTest -->
      <class name="TestScript.QALegendTicketTest">
        <test-method is-config="true" signature="browserintialization()[pri:0, instance:TestScript.QALegendTicketTest@5454d35e]" started-at="2025-01-04T16:48:52 IST" name="browserintialization" finished-at="2025-01-04T16:48:53 IST" duration-ms="1278" status="PASS">
          <reporter-output>
          </reporter-output>
        </test-method> <!-- browserintialization -->
        <test-method signature="verifyTicketAssignment()[pri:0, instance:TestScript.QALegendTicketTest@5454d35e]" started-at="2025-01-04T16:48:53 IST" name="verifyTicketAssignment" finished-at="2025-01-04T16:48:57 IST" duration-ms="3857" status="PASS">
          <reporter-output>
          </reporter-output>
        </test-method> <!-- verifyTicketAssignment -->
        <test-method is-config="true" signature="afterMethod(org.testng.ITestResult)[pri:0, instance:TestScript.QALegendTicketTest@5454d35e]" started-at="2025-01-04T16:48:57 IST" name="afterMethod" finished-at="2025-01-04T16:48:57 IST" duration-ms="133" status="PASS">
          <params>
            <param index="0">
              <value>
                <![CDATA[[TestResult name=verifyTicketAssignment status=SUCCESS method=QALegendTicketTest.verifyTicketAssignment()[pri:0, instance:TestScript.QALegendTicketTest@5454d35e] output={null}]]]>
              </value>
            </param>
          </params>
          <reporter-output>
          </reporter-output>
        </test-method> <!-- afterMethod -->
        <test-method is-config="true" signature="browserintialization()[pri:0, instance:TestScript.QALegendTicketTest@5454d35e]" started-at="2025-01-04T16:48:57 IST" name="browserintialization" finished-at="2025-01-04T16:48:58 IST" duration-ms="1324" status="PASS">
          <reporter-output>
          </reporter-output>
        </test-method> <!-- browserintialization -->
        <test-method signature="verifyTicketMarkedAsClosed()[pri:0, instance:TestScript.QALegendTicketTest@5454d35e]" started-at="2025-01-04T16:48:58 IST" name="verifyTicketMarkedAsClosed" finished-at="2025-01-04T16:49:04 IST" duration-ms="5524" status="PASS">
          <reporter-output>
          </reporter-output>
        </test-method> <!-- verifyTicketMarkedAsClosed -->
        <test-method is-config="true" signature="afterMethod(org.testng.ITestResult)[pri:0, instance:TestScript.QALegendTicketTest@5454d35e]" started-at="2025-01-04T16:49:04 IST" name="afterMethod" finished-at="2025-01-04T16:49:04 IST" duration-ms="141" status="PASS">
          <params>
            <param index="0">
              <value>
                <![CDATA[[TestResult name=verifyTicketMarkedAsClosed status=SUCCESS method=QALegendTicketTest.verifyTicketMarkedAsClosed()[pri:0, instance:TestScript.QALegendTicketTest@5454d35e] output={null}]]]>
              </value>
            </param>
          </params>
          <reporter-output>
          </reporter-output>
        </test-method> <!-- afterMethod -->
      </class> <!-- TestScript.QALegendTicketTest -->
    </test> <!-- Test -->
  </suite> <!-- Suite -->
</testng-results>
