<?xml version="1.0" encoding="UTF-8"?>
<testng-results ignored="0" total="15" passed="15" failed="0" skipped="0">
  <reporter-output>
  </reporter-output>
  <suite started-at="2025-01-01T23:01:15 IST" name="Suite" finished-at="2025-01-01T23:02:36 IST" duration-ms="80318">
    <groups>
      <group name="Sanity">
        <method signature="QALegendTeamMembersTest.addTeamMembers()[pri:0, instance:TestScript.QALegendTeamMembersTest@1ab06251]" name="addTeamMembers" class="TestScript.QALegendTeamMembersTest"/>
      </group> <!-- Sanity -->
      <group name="Regression">
        <method signature="QALegendClientsTest.addClients()[pri:0, instance:TestScript.QALegendClientsTest@5454d35e]" name="addClients" class="TestScript.QALegendClientsTest"/>
      </group> <!-- Regression -->
      <group name="smoke">
        <method signature="QALegendAnnouncementTest.addAnnouncement()[pri:0, instance:TestScript.QALegendAnnouncementTest@4ddbbdf8]" name="addAnnouncement" class="TestScript.QALegendAnnouncementTest"/>
        <method signature="QALegendEditTeamMembersTest.editTeamTestCases()[pri:0, instance:TestScript.QALegendEditTeamMembersTest@41ab013]" name="editTeamTestCases" class="TestScript.QALegendEditTeamMembersTest"/>
        <method signature="QALegendEventTest.addEvent()[pri:0, instance:TestScript.QALegendEventTest@10f7f7de]" name="addEvent" class="TestScript.QALegendEventTest"/>
        <method signature="QALegendMessageTest.verifyComposeMessage()[pri:0, instance:TestScript.QALegendMessageTest@768fc0f2]" name="verifyComposeMessage" class="TestScript.QALegendMessageTest"/>
        <method signature="QALegendNoteTest.addNoteTest()[pri:0, instance:TestScript.QALegendNoteTest@71329995]" name="addNoteTest" class="TestScript.QALegendNoteTest"/>
        <method signature="QALegendTicketTest.verifyTicketAssignment()[pri:0, instance:TestScript.QALegendTicketTest@14bee915]" name="verifyTicketAssignment" class="TestScript.QALegendTicketTest"/>
      </group> <!-- smoke -->
    </groups>
    <test started-at="2025-01-01T23:01:15 IST" name="Test" finished-at="2025-01-01T23:02:36 IST" duration-ms="80318">
      <class name="TestScript.QALegendNoteTest">
        <test-method is-config="true" signature="browserintialization()[pri:0, instance:TestScript.QALegendNoteTest@71329995]" started-at="2025-01-01T23:01:25 IST" name="browserintialization" finished-at="2025-01-01T23:01:27 IST" duration-ms="1242" status="PASS">
          <reporter-output>
          </reporter-output>
        </test-method> <!-- browserintialization -->
        <test-method signature="addNoteTest()[pri:0, instance:TestScript.QALegendNoteTest@71329995]" started-at="2025-01-01T23:01:27 IST" name="addNoteTest" finished-at="2025-01-01T23:01:31 IST" duration-ms="3812" status="PASS">
          <reporter-output>
          </reporter-output>
        </test-method> <!-- addNoteTest -->
        <test-method is-config="true" signature="afterMethod(org.testng.ITestResult)[pri:0, instance:TestScript.QALegendNoteTest@71329995]" started-at="2025-01-01T23:01:31 IST" name="afterMethod" finished-at="2025-01-01T23:01:31 IST" duration-ms="114" status="PASS">
          <params>
            <param index="0">
              <value>
                <![CDATA[[TestResult name=addNoteTest status=SUCCESS method=QALegendNoteTest.addNoteTest()[pri:0, instance:TestScript.QALegendNoteTest@71329995] output={null}]]]>
              </value>
            </param>
          </params>
          <reporter-output>
          </reporter-output>
        </test-method> <!-- afterMethod -->
      </class> <!-- TestScript.QALegendNoteTest -->
      <class name="TestScript.QALegendLoginTest">
        <test-method is-config="true" signature="browserintialization()[pri:0, instance:TestScript.QALegendLoginTest@1115ec15]" started-at="2025-01-01T23:02:29 IST" name="browserintialization" finished-at="2025-01-01T23:02:31 IST" duration-ms="2196" status="PASS">
          <reporter-output>
          </reporter-output>
        </test-method> <!-- browserintialization -->
        <test-method signature="checkValidLogin()[pri:0, instance:TestScript.QALegendLoginTest@1115ec15]" started-at="2025-01-01T23:02:31 IST" name="checkValidLogin" finished-at="2025-01-01T23:02:32 IST" duration-ms="940" status="PASS">
          <reporter-output>
          </reporter-output>
        </test-method> <!-- checkValidLogin -->
        <test-method is-config="true" signature="afterMethod(org.testng.ITestResult)[pri:0, instance:TestScript.QALegendLoginTest@1115ec15]" started-at="2025-01-01T23:02:32 IST" name="afterMethod" finished-at="2025-01-01T23:02:32 IST" duration-ms="137" status="PASS">
          <params>
            <param index="0">
              <value>
                <![CDATA[[TestResult name=checkValidLogin status=SUCCESS method=QALegendLoginTest.checkValidLogin()[pri:0, instance:TestScript.QALegendLoginTest@1115ec15] output={null}]]]>
              </value>
            </param>
          </params>
          <reporter-output>
          </reporter-output>
        </test-method> <!-- afterMethod -->
        <test-method is-config="true" signature="browserintialization()[pri:0, instance:TestScript.QALegendLoginTest@1115ec15]" started-at="2025-01-01T23:02:32 IST" name="browserintialization" finished-at="2025-01-01T23:02:34 IST" duration-ms="1933" status="PASS">
          <reporter-output>
          </reporter-output>
        </test-method> <!-- browserintialization -->
        <test-method signature="checkinValidLogin()[pri:0, instance:TestScript.QALegendLoginTest@1115ec15]" started-at="2025-01-01T23:02:34 IST" name="checkinValidLogin" finished-at="2025-01-01T23:02:35 IST" duration-ms="1094" status="PASS">
          <reporter-output>
          </reporter-output>
        </test-method> <!-- checkinValidLogin -->
        <test-method is-config="true" signature="afterMethod(org.testng.ITestResult)[pri:0, instance:TestScript.QALegendLoginTest@1115ec15]" started-at="2025-01-01T23:02:35 IST" name="afterMethod" finished-at="2025-01-01T23:02:36 IST" duration-ms="126" status="PASS">
          <params>
            <param index="0">
              <value>
                <![CDATA[[TestResult name=checkinValidLogin status=SUCCESS method=QALegendLoginTest.checkinValidLogin()[pri:0, instance:TestScript.QALegendLoginTest@1115ec15] output={null}]]]>
              </value>
            </param>
          </params>
          <reporter-output>
          </reporter-output>
        </test-method> <!-- afterMethod -->
      </class> <!-- TestScript.QALegendLoginTest -->
      <class name="TestScript.QALegendMessageTest">
        <test-method is-config="true" signature="browserintialization()[pri:0, instance:TestScript.QALegendMessageTest@768fc0f2]" started-at="2025-01-01T23:01:31 IST" name="browserintialization" finished-at="2025-01-01T23:01:33 IST" duration-ms="2007" status="PASS">
          <reporter-output>
          </reporter-output>
        </test-method> <!-- browserintialization -->
        <test-method signature="verifyComposeMessage()[pri:0, instance:TestScript.QALegendMessageTest@768fc0f2]" started-at="2025-01-01T23:01:33 IST" name="verifyComposeMessage" finished-at="2025-01-01T23:01:37 IST" duration-ms="4518" status="PASS">
          <reporter-output>
          </reporter-output>
        </test-method> <!-- verifyComposeMessage -->
        <test-method is-config="true" signature="afterMethod(org.testng.ITestResult)[pri:0, instance:TestScript.QALegendMessageTest@768fc0f2]" started-at="2025-01-01T23:01:37 IST" name="afterMethod" finished-at="2025-01-01T23:01:37 IST" duration-ms="117" status="PASS">
          <params>
            <param index="0">
              <value>
                <![CDATA[[TestResult name=verifyComposeMessage status=SUCCESS method=QALegendMessageTest.verifyComposeMessage()[pri:0, instance:TestScript.QALegendMessageTest@768fc0f2] output={null}]]]>
              </value>
            </param>
          </params>
          <reporter-output>
          </reporter-output>
        </test-method> <!-- afterMethod -->
      </class> <!-- TestScript.QALegendMessageTest -->
      <class name="TestScript.QALegendClientsTest">
        <test-method is-config="true" signature="browserintialization()[pri:0, instance:TestScript.QALegendClientsTest@5454d35e]" started-at="2025-01-01T23:01:37 IST" name="browserintialization" finished-at="2025-01-01T23:01:39 IST" duration-ms="1642" status="PASS">
          <reporter-output>
          </reporter-output>
        </test-method> <!-- browserintialization -->
        <test-method signature="addClients()[pri:0, instance:TestScript.QALegendClientsTest@5454d35e]" started-at="2025-01-01T23:01:39 IST" name="addClients" finished-at="2025-01-01T23:01:43 IST" duration-ms="4492" status="PASS">
          <reporter-output>
          </reporter-output>
        </test-method> <!-- addClients -->
        <test-method is-config="true" signature="afterMethod(org.testng.ITestResult)[pri:0, instance:TestScript.QALegendClientsTest@5454d35e]" started-at="2025-01-01T23:01:43 IST" name="afterMethod" finished-at="2025-01-01T23:01:44 IST" duration-ms="116" status="PASS">
          <params>
            <param index="0">
              <value>
                <![CDATA[[TestResult name=addClients status=SUCCESS method=QALegendClientsTest.addClients()[pri:0, instance:TestScript.QALegendClientsTest@5454d35e] output={null}]]]>
              </value>
            </param>
          </params>
          <reporter-output>
          </reporter-output>
        </test-method> <!-- afterMethod -->
      </class> <!-- TestScript.QALegendClientsTest -->
      <class name="TestScript.QALegendEditAnnouncementTest">
        <test-method is-config="true" signature="browserintialization()[pri:0, instance:TestScript.QALegendEditAnnouncementTest@3f67593e]" started-at="2025-01-01T23:02:01 IST" name="browserintialization" finished-at="2025-01-01T23:02:03 IST" duration-ms="1277" status="PASS">
          <reporter-output>
          </reporter-output>
        </test-method> <!-- browserintialization -->
        <test-method signature="editannouncementTestCases()[pri:0, instance:TestScript.QALegendEditAnnouncementTest@3f67593e]" started-at="2025-01-01T23:02:03 IST" name="editannouncementTestCases" finished-at="2025-01-01T23:02:05 IST" duration-ms="2474" status="PASS">
          <reporter-output>
          </reporter-output>
        </test-method> <!-- editannouncementTestCases -->
        <test-method is-config="true" signature="afterMethod(org.testng.ITestResult)[pri:0, instance:TestScript.QALegendEditAnnouncementTest@3f67593e]" started-at="2025-01-01T23:02:05 IST" name="afterMethod" finished-at="2025-01-01T23:02:05 IST" duration-ms="146" status="PASS">
          <params>
            <param index="0">
              <value>
                <![CDATA[[TestResult name=editannouncementTestCases status=SUCCESS method=QALegendEditAnnouncementTest.editannouncementTestCases()[pri:0, instance:TestScript.QALegendEditAnnouncementTest@3f67593e] output={null}]]]>
              </value>
            </param>
          </params>
          <reporter-output>
          </reporter-output>
        </test-method> <!-- afterMethod -->
      </class> <!-- TestScript.QALegendEditAnnouncementTest -->
      <class name="TestScript.QALegendTicketTest">
        <test-method is-config="true" signature="browserintialization()[pri:0, instance:TestScript.QALegendTicketTest@14bee915]" started-at="2025-01-01T23:02:14 IST" name="browserintialization" finished-at="2025-01-01T23:02:15 IST" duration-ms="1181" status="PASS">
          <reporter-output>
          </reporter-output>
        </test-method> <!-- browserintialization -->
        <test-method signature="verifyTicketAssignment()[pri:0, instance:TestScript.QALegendTicketTest@14bee915]" started-at="2025-01-01T23:02:15 IST" name="verifyTicketAssignment" finished-at="2025-01-01T23:02:20 IST" duration-ms="4259" status="PASS">
          <reporter-output>
          </reporter-output>
        </test-method> <!-- verifyTicketAssignment -->
        <test-method is-config="true" signature="afterMethod(org.testng.ITestResult)[pri:0, instance:TestScript.QALegendTicketTest@14bee915]" started-at="2025-01-01T23:02:20 IST" name="afterMethod" finished-at="2025-01-01T23:02:20 IST" duration-ms="124" status="PASS">
          <params>
            <param index="0">
              <value>
                <![CDATA[[TestResult name=verifyTicketAssignment status=SUCCESS method=QALegendTicketTest.verifyTicketAssignment()[pri:0, instance:TestScript.QALegendTicketTest@14bee915] output={null}]]]>
              </value>
            </param>
          </params>
          <reporter-output>
          </reporter-output>
        </test-method> <!-- afterMethod -->
        <test-method is-config="true" signature="browserintialization()[pri:0, instance:TestScript.QALegendTicketTest@14bee915]" started-at="2025-01-01T23:02:20 IST" name="browserintialization" finished-at="2025-01-01T23:02:23 IST" duration-ms="3376" status="PASS">
          <reporter-output>
          </reporter-output>
        </test-method> <!-- browserintialization -->
        <test-method signature="verifyTicketMarkedAsClosed()[pri:0, instance:TestScript.QALegendTicketTest@14bee915]" started-at="2025-01-01T23:02:23 IST" name="verifyTicketMarkedAsClosed" finished-at="2025-01-01T23:02:29 IST" duration-ms="5725" status="PASS">
          <reporter-output>
          </reporter-output>
        </test-method> <!-- verifyTicketMarkedAsClosed -->
        <test-method is-config="true" signature="afterMethod(org.testng.ITestResult)[pri:0, instance:TestScript.QALegendTicketTest@14bee915]" started-at="2025-01-01T23:02:29 IST" name="afterMethod" finished-at="2025-01-01T23:02:29 IST" duration-ms="145" status="PASS">
          <params>
            <param index="0">
              <value>
                <![CDATA[[TestResult name=verifyTicketMarkedAsClosed status=SUCCESS method=QALegendTicketTest.verifyTicketMarkedAsClosed()[pri:0, instance:TestScript.QALegendTicketTest@14bee915] output={null}]]]>
              </value>
            </param>
          </params>
          <reporter-output>
          </reporter-output>
        </test-method> <!-- afterMethod -->
      </class> <!-- TestScript.QALegendTicketTest -->
      <class name="TestScript.QALegendItemsTest">
        <test-method is-config="true" signature="browserintialization()[pri:0, instance:TestScript.QALegendItemsTest@455b6df1]" started-at="2025-01-01T23:01:51 IST" name="browserintialization" finished-at="2025-01-01T23:01:53 IST" duration-ms="1955" status="PASS">
          <reporter-output>
          </reporter-output>
        </test-method> <!-- browserintialization -->
        <test-method signature="addItem()[pri:0, instance:TestScript.QALegendItemsTest@455b6df1]" started-at="2025-01-01T23:01:53 IST" name="addItem" finished-at="2025-01-01T23:01:57 IST" duration-ms="3519" status="PASS">
          <reporter-output>
          </reporter-output>
        </test-method> <!-- addItem -->
        <test-method is-config="true" signature="afterMethod(org.testng.ITestResult)[pri:0, instance:TestScript.QALegendItemsTest@455b6df1]" started-at="2025-01-01T23:01:57 IST" name="afterMethod" finished-at="2025-01-01T23:01:57 IST" duration-ms="144" status="PASS">
          <params>
            <param index="0">
              <value>
                <![CDATA[[TestResult name=addItem status=SUCCESS method=QALegendItemsTest.addItem()[pri:0, instance:TestScript.QALegendItemsTest@455b6df1] output={null}]]]>
              </value>
            </param>
          </params>
          <reporter-output>
          </reporter-output>
        </test-method> <!-- afterMethod -->
      </class> <!-- TestScript.QALegendItemsTest -->
      <class name="TestScript.QALegendProjectTest">
        <test-method is-config="true" signature="browserintialization()[pri:0, instance:TestScript.QALegendProjectTest@20c0a64d]" started-at="2025-01-01T23:01:44 IST" name="browserintialization" finished-at="2025-01-01T23:01:45 IST" duration-ms="1251" status="PASS">
          <reporter-output>
          </reporter-output>
        </test-method> <!-- browserintialization -->
        <test-method signature="verifyAddProject()[pri:0, instance:TestScript.QALegendProjectTest@20c0a64d]" started-at="2025-01-01T23:01:45 IST" name="verifyAddProject" finished-at="2025-01-01T23:01:51 IST" duration-ms="6168" status="PASS">
          <reporter-output>
          </reporter-output>
        </test-method> <!-- verifyAddProject -->
        <test-method is-config="true" signature="afterMethod(org.testng.ITestResult)[pri:0, instance:TestScript.QALegendProjectTest@20c0a64d]" started-at="2025-01-01T23:01:51 IST" name="afterMethod" finished-at="2025-01-01T23:01:51 IST" duration-ms="126" status="PASS">
          <params>
            <param index="0">
              <value>
                <![CDATA[[TestResult name=verifyAddProject status=SUCCESS method=QALegendProjectTest.verifyAddProject()[pri:0, instance:TestScript.QALegendProjectTest@20c0a64d] output={null}]]]>
              </value>
            </param>
          </params>
          <reporter-output>
          </reporter-output>
        </test-method> <!-- afterMethod -->
      </class> <!-- TestScript.QALegendProjectTest -->
      <class name="TestScript.QALegendEditEventTest">
        <test-method is-config="true" signature="browserintialization()[pri:0, instance:TestScript.QALegendEditEventTest@119cbf96]" started-at="2025-01-01T23:01:21 IST" name="browserintialization" finished-at="2025-01-01T23:01:22 IST" duration-ms="1227" status="PASS">
          <reporter-output>
          </reporter-output>
        </test-method> <!-- browserintialization -->
        <test-method signature="editEventTestCases()[pri:0, instance:TestScript.QALegendEditEventTest@119cbf96]" started-at="2025-01-01T23:01:22 IST" name="editEventTestCases" finished-at="2025-01-01T23:01:25 IST" duration-ms="2925" status="PASS">
          <reporter-output>
          </reporter-output>
        </test-method> <!-- editEventTestCases -->
        <test-method is-config="true" signature="afterMethod(org.testng.ITestResult)[pri:0, instance:TestScript.QALegendEditEventTest@119cbf96]" started-at="2025-01-01T23:01:25 IST" name="afterMethod" finished-at="2025-01-01T23:01:25 IST" duration-ms="115" status="PASS">
          <params>
            <param index="0">
              <value>
                <![CDATA[[TestResult name=editEventTestCases status=SUCCESS method=QALegendEditEventTest.editEventTestCases()[pri:0, instance:TestScript.QALegendEditEventTest@119cbf96] output={null}]]]>
              </value>
            </param>
          </params>
          <reporter-output>
          </reporter-output>
        </test-method> <!-- afterMethod -->
      </class> <!-- TestScript.QALegendEditEventTest -->
      <class name="TestScript.QALegendEventTest">
        <test-method is-config="true" signature="browserintialization()[pri:0, instance:TestScript.QALegendEventTest@10f7f7de]" started-at="2025-01-01T23:01:15 IST" name="browserintialization" finished-at="2025-01-01T23:01:18 IST" duration-ms="3229" status="PASS">
          <reporter-output>
          </reporter-output>
        </test-method> <!-- browserintialization -->
        <test-method signature="addEvent()[pri:0, instance:TestScript.QALegendEventTest@10f7f7de]" started-at="2025-01-01T23:01:18 IST" name="addEvent" finished-at="2025-01-01T23:01:21 IST" duration-ms="2564" status="PASS">
          <reporter-output>
          </reporter-output>
        </test-method> <!-- addEvent -->
        <test-method is-config="true" signature="afterMethod(org.testng.ITestResult)[pri:0, instance:TestScript.QALegendEventTest@10f7f7de]" started-at="2025-01-01T23:01:21 IST" name="afterMethod" finished-at="2025-01-01T23:01:21 IST" duration-ms="137" status="PASS">
          <params>
            <param index="0">
              <value>
                <![CDATA[[TestResult name=addEvent status=SUCCESS method=QALegendEventTest.addEvent()[pri:0, instance:TestScript.QALegendEventTest@10f7f7de] output={null}]]]>
              </value>
            </param>
          </params>
          <reporter-output>
          </reporter-output>
        </test-method> <!-- afterMethod -->
      </class> <!-- TestScript.QALegendEventTest -->
      <class name="TestScript.QALegendAnnouncementTest">
        <test-method is-config="true" signature="browserintialization()[pri:0, instance:TestScript.QALegendAnnouncementTest@4ddbbdf8]" started-at="2025-01-01T23:01:57 IST" name="browserintialization" finished-at="2025-01-01T23:01:58 IST" duration-ms="1160" status="PASS">
          <reporter-output>
          </reporter-output>
        </test-method> <!-- browserintialization -->
        <test-method signature="addAnnouncement()[pri:0, instance:TestScript.QALegendAnnouncementTest@4ddbbdf8]" started-at="2025-01-01T23:01:58 IST" name="addAnnouncement" finished-at="2025-01-01T23:02:01 IST" duration-ms="3330" status="PASS">
          <reporter-output>
          </reporter-output>
        </test-method> <!-- addAnnouncement -->
        <test-method is-config="true" signature="afterMethod(org.testng.ITestResult)[pri:0, instance:TestScript.QALegendAnnouncementTest@4ddbbdf8]" started-at="2025-01-01T23:02:01 IST" name="afterMethod" finished-at="2025-01-01T23:02:01 IST" duration-ms="138" status="PASS">
          <params>
            <param index="0">
              <value>
                <![CDATA[[TestResult name=addAnnouncement status=SUCCESS method=QALegendAnnouncementTest.addAnnouncement()[pri:0, instance:TestScript.QALegendAnnouncementTest@4ddbbdf8] output={null}]]]>
              </value>
            </param>
          </params>
          <reporter-output>
          </reporter-output>
        </test-method> <!-- afterMethod -->
      </class> <!-- TestScript.QALegendAnnouncementTest -->
      <class name="TestScript.QALegendEditTeamMembersTest">
        <test-method is-config="true" signature="browserintialization()[pri:0, instance:TestScript.QALegendEditTeamMembersTest@41ab013]" started-at="2025-01-01T23:02:11 IST" name="browserintialization" finished-at="2025-01-01T23:02:12 IST" duration-ms="1176" status="PASS">
          <reporter-output>
          </reporter-output>
        </test-method> <!-- browserintialization -->
        <test-method signature="editTeamTestCases()[pri:0, instance:TestScript.QALegendEditTeamMembersTest@41ab013]" started-at="2025-01-01T23:02:12 IST" name="editTeamTestCases" finished-at="2025-01-01T23:02:14 IST" duration-ms="2150" status="PASS">
          <reporter-output>
          </reporter-output>
        </test-method> <!-- editTeamTestCases -->
        <test-method is-config="true" signature="afterMethod(org.testng.ITestResult)[pri:0, instance:TestScript.QALegendEditTeamMembersTest@41ab013]" started-at="2025-01-01T23:02:14 IST" name="afterMethod" finished-at="2025-01-01T23:02:14 IST" duration-ms="154" status="PASS">
          <params>
            <param index="0">
              <value>
                <![CDATA[[TestResult name=editTeamTestCases status=SUCCESS method=QALegendEditTeamMembersTest.editTeamTestCases()[pri:0, instance:TestScript.QALegendEditTeamMembersTest@41ab013] output={null}]]]>
              </value>
            </param>
          </params>
          <reporter-output>
          </reporter-output>
        </test-method> <!-- afterMethod -->
      </class> <!-- TestScript.QALegendEditTeamMembersTest -->
      <class name="TestScript.QALegendTeamMembersTest">
        <test-method is-config="true" signature="browserintialization()[pri:0, instance:TestScript.QALegendTeamMembersTest@1ab06251]" started-at="2025-01-01T23:02:05 IST" name="browserintialization" finished-at="2025-01-01T23:02:08 IST" duration-ms="2928" status="PASS">
          <reporter-output>
          </reporter-output>
        </test-method> <!-- browserintialization -->
        <test-method signature="addTeamMembers()[pri:0, instance:TestScript.QALegendTeamMembersTest@1ab06251]" started-at="2025-01-01T23:02:08 IST" name="addTeamMembers" finished-at="2025-01-01T23:02:11 IST" duration-ms="2531" status="PASS">
          <reporter-output>
          </reporter-output>
        </test-method> <!-- addTeamMembers -->
        <test-method is-config="true" signature="afterMethod(org.testng.ITestResult)[pri:0, instance:TestScript.QALegendTeamMembersTest@1ab06251]" started-at="2025-01-01T23:02:11 IST" name="afterMethod" finished-at="2025-01-01T23:02:11 IST" duration-ms="122" status="PASS">
          <params>
            <param index="0">
              <value>
                <![CDATA[[TestResult name=addTeamMembers status=SUCCESS method=QALegendTeamMembersTest.addTeamMembers()[pri:0, instance:TestScript.QALegendTeamMembersTest@1ab06251] output={null}]]]>
              </value>
            </param>
          </params>
          <reporter-output>
          </reporter-output>
        </test-method> <!-- afterMethod -->
      </class> <!-- TestScript.QALegendTeamMembersTest -->
    </test> <!-- Test -->
  </suite> <!-- Suite -->
</testng-results>
