<?xml version="1.0" encoding="UTF-8"?>
<testng-results ignored="0" total="15" passed="14" failed="1" skipped="0">
  <reporter-output>
  </reporter-output>
  <suite started-at="2025-01-03T19:23:54 IST" name="Suite" finished-at="2025-01-03T19:25:15 IST" duration-ms="80801">
    <groups>
      <group name="Sanity">
        <method signature="QALegendTeamMembersTest.addTeamMembers()[pri:0, instance:TestScript.QALegendTeamMembersTest@1ab06251]" name="addTeamMembers" class="TestScript.QALegendTeamMembersTest"/>
      </group> <!-- Sanity -->
      <group name="Regression">
        <method signature="QALegendClientsTest.addClients()[pri:0, instance:TestScript.QALegendClientsTest@5454d35e]" name="addClients" class="TestScript.QALegendClientsTest"/>
      </group> <!-- Regression -->
      <group name="smoke">
        <method signature="QALegendAnnouncementTest.addAnnouncement()[pri:0, instance:TestScript.QALegendAnnouncementTest@4ddbbdf8]" name="addAnnouncement" class="TestScript.QALegendAnnouncementTest"/>
        <method signature="QALegendEditTeamMembersTest.editTeamTestCases()[pri:0, instance:TestScript.QALegendEditTeamMembersTest@41ab013]" name="editTeamTestCases" class="TestScript.QALegendEditTeamMembersTest"/>
        <method signature="QALegendEventTest.addEvent()[pri:0, instance:TestScript.QALegendEventTest@10f7f7de]" name="addEvent" class="TestScript.QALegendEventTest"/>
        <method signature="QALegendMessageTest.verifyComposeMessage()[pri:0, instance:TestScript.QALegendMessageTest@768fc0f2]" name="verifyComposeMessage" class="TestScript.QALegendMessageTest"/>
        <method signature="QALegendNoteTest.addNoteTest()[pri:0, instance:TestScript.QALegendNoteTest@71329995]" name="addNoteTest" class="TestScript.QALegendNoteTest"/>
        <method signature="QALegendTicketTest.verifyTicketAssignment()[pri:0, instance:TestScript.QALegendTicketTest@14bee915]" name="verifyTicketAssignment" class="TestScript.QALegendTicketTest"/>
      </group> <!-- smoke -->
    </groups>
    <test started-at="2025-01-03T19:23:54 IST" name="Test" finished-at="2025-01-03T19:25:15 IST" duration-ms="80801">
      <class name="TestScript.QALegendNoteTest">
        <test-method is-config="true" signature="browserintialization()[pri:0, instance:TestScript.QALegendNoteTest@71329995]" started-at="2025-01-03T19:24:04 IST" name="browserintialization" finished-at="2025-01-03T19:24:06 IST" duration-ms="1661" status="PASS">
          <reporter-output>
          </reporter-output>
        </test-method> <!-- browserintialization -->
        <test-method signature="addNoteTest()[pri:0, instance:TestScript.QALegendNoteTest@71329995]" started-at="2025-01-03T19:24:06 IST" name="addNoteTest" finished-at="2025-01-03T19:24:09 IST" duration-ms="3471" status="PASS">
          <reporter-output>
          </reporter-output>
        </test-method> <!-- addNoteTest -->
        <test-method is-config="true" signature="afterMethod(org.testng.ITestResult)[pri:0, instance:TestScript.QALegendNoteTest@71329995]" started-at="2025-01-03T19:24:09 IST" name="afterMethod" finished-at="2025-01-03T19:24:09 IST" duration-ms="142" status="PASS">
          <params>
            <param index="0">
              <value>
                <![CDATA[[TestResult name=addNoteTest status=SUCCESS method=QALegendNoteTest.addNoteTest()[pri:0, instance:TestScript.QALegendNoteTest@71329995] output={null}]]]>
              </value>
            </param>
          </params>
          <reporter-output>
          </reporter-output>
        </test-method> <!-- afterMethod -->
      </class> <!-- TestScript.QALegendNoteTest -->
      <class name="TestScript.QALegendLoginTest">
        <test-method is-config="true" signature="browserintialization()[pri:0, instance:TestScript.QALegendLoginTest@1115ec15]" started-at="2025-01-03T19:25:09 IST" name="browserintialization" finished-at="2025-01-03T19:25:11 IST" duration-ms="1537" status="PASS">
          <reporter-output>
          </reporter-output>
        </test-method> <!-- browserintialization -->
        <test-method signature="checkValidLogin()[pri:0, instance:TestScript.QALegendLoginTest@1115ec15]" started-at="2025-01-03T19:25:11 IST" name="checkValidLogin" finished-at="2025-01-03T19:25:11 IST" duration-ms="494" status="PASS">
          <reporter-output>
          </reporter-output>
        </test-method> <!-- checkValidLogin -->
        <test-method is-config="true" signature="afterMethod(org.testng.ITestResult)[pri:0, instance:TestScript.QALegendLoginTest@1115ec15]" started-at="2025-01-03T19:25:11 IST" name="afterMethod" finished-at="2025-01-03T19:25:12 IST" duration-ms="128" status="PASS">
          <params>
            <param index="0">
              <value>
                <![CDATA[[TestResult name=checkValidLogin status=SUCCESS method=QALegendLoginTest.checkValidLogin()[pri:0, instance:TestScript.QALegendLoginTest@1115ec15] output={null}]]]>
              </value>
            </param>
          </params>
          <reporter-output>
          </reporter-output>
        </test-method> <!-- afterMethod -->
        <test-method is-config="true" signature="browserintialization()[pri:0, instance:TestScript.QALegendLoginTest@1115ec15]" started-at="2025-01-03T19:25:12 IST" name="browserintialization" finished-at="2025-01-03T19:25:13 IST" duration-ms="1367" status="PASS">
          <reporter-output>
          </reporter-output>
        </test-method> <!-- browserintialization -->
        <test-method signature="checkinValidLogin()[pri:0, instance:TestScript.QALegendLoginTest@1115ec15]" started-at="2025-01-03T19:25:13 IST" name="checkinValidLogin" finished-at="2025-01-03T19:25:15 IST" duration-ms="2191" status="PASS">
          <reporter-output>
          </reporter-output>
        </test-method> <!-- checkinValidLogin -->
        <test-method is-config="true" signature="afterMethod(org.testng.ITestResult)[pri:0, instance:TestScript.QALegendLoginTest@1115ec15]" started-at="2025-01-03T19:25:15 IST" name="afterMethod" finished-at="2025-01-03T19:25:15 IST" duration-ms="120" status="PASS">
          <params>
            <param index="0">
              <value>
                <![CDATA[[TestResult name=checkinValidLogin status=SUCCESS method=QALegendLoginTest.checkinValidLogin()[pri:0, instance:TestScript.QALegendLoginTest@1115ec15] output={null}]]]>
              </value>
            </param>
          </params>
          <reporter-output>
          </reporter-output>
        </test-method> <!-- afterMethod -->
      </class> <!-- TestScript.QALegendLoginTest -->
      <class name="TestScript.QALegendMessageTest">
        <test-method is-config="true" signature="browserintialization()[pri:0, instance:TestScript.QALegendMessageTest@768fc0f2]" started-at="2025-01-03T19:24:09 IST" name="browserintialization" finished-at="2025-01-03T19:24:11 IST" duration-ms="1381" status="PASS">
          <reporter-output>
          </reporter-output>
        </test-method> <!-- browserintialization -->
        <test-method signature="verifyComposeMessage()[pri:0, instance:TestScript.QALegendMessageTest@768fc0f2]" started-at="2025-01-03T19:24:11 IST" name="verifyComposeMessage" finished-at="2025-01-03T19:24:16 IST" duration-ms="4900" status="PASS">
          <reporter-output>
          </reporter-output>
        </test-method> <!-- verifyComposeMessage -->
        <test-method is-config="true" signature="afterMethod(org.testng.ITestResult)[pri:0, instance:TestScript.QALegendMessageTest@768fc0f2]" started-at="2025-01-03T19:24:16 IST" name="afterMethod" finished-at="2025-01-03T19:24:16 IST" duration-ms="135" status="PASS">
          <params>
            <param index="0">
              <value>
                <![CDATA[[TestResult name=verifyComposeMessage status=SUCCESS method=QALegendMessageTest.verifyComposeMessage()[pri:0, instance:TestScript.QALegendMessageTest@768fc0f2] output={null}]]]>
              </value>
            </param>
          </params>
          <reporter-output>
          </reporter-output>
        </test-method> <!-- afterMethod -->
      </class> <!-- TestScript.QALegendMessageTest -->
      <class name="TestScript.QALegendClientsTest">
        <test-method is-config="true" signature="browserintialization()[pri:0, instance:TestScript.QALegendClientsTest@5454d35e]" started-at="2025-01-03T19:24:16 IST" name="browserintialization" finished-at="2025-01-03T19:24:17 IST" duration-ms="1401" status="PASS">
          <reporter-output>
          </reporter-output>
        </test-method> <!-- browserintialization -->
        <test-method signature="addClients()[pri:0, instance:TestScript.QALegendClientsTest@5454d35e]" started-at="2025-01-03T19:24:17 IST" name="addClients" finished-at="2025-01-03T19:24:22 IST" duration-ms="5217" status="PASS">
          <reporter-output>
          </reporter-output>
        </test-method> <!-- addClients -->
        <test-method is-config="true" signature="afterMethod(org.testng.ITestResult)[pri:0, instance:TestScript.QALegendClientsTest@5454d35e]" started-at="2025-01-03T19:24:22 IST" name="afterMethod" finished-at="2025-01-03T19:24:23 IST" duration-ms="103" status="PASS">
          <params>
            <param index="0">
              <value>
                <![CDATA[[TestResult name=addClients status=SUCCESS method=QALegendClientsTest.addClients()[pri:0, instance:TestScript.QALegendClientsTest@5454d35e] output={null}]]]>
              </value>
            </param>
          </params>
          <reporter-output>
          </reporter-output>
        </test-method> <!-- afterMethod -->
      </class> <!-- TestScript.QALegendClientsTest -->
      <class name="TestScript.QALegendEditAnnouncementTest">
        <test-method is-config="true" signature="browserintialization()[pri:0, instance:TestScript.QALegendEditAnnouncementTest@3f67593e]" started-at="2025-01-03T19:24:41 IST" name="browserintialization" finished-at="2025-01-03T19:24:42 IST" duration-ms="1954" status="PASS">
          <reporter-output>
          </reporter-output>
        </test-method> <!-- browserintialization -->
        <test-method signature="editannouncementTestCases()[pri:0, instance:TestScript.QALegendEditAnnouncementTest@3f67593e]" started-at="2025-01-03T19:24:42 IST" name="editannouncementTestCases" finished-at="2025-01-03T19:24:44 IST" duration-ms="1573" status="PASS">
          <reporter-output>
          </reporter-output>
        </test-method> <!-- editannouncementTestCases -->
        <test-method is-config="true" signature="afterMethod(org.testng.ITestResult)[pri:0, instance:TestScript.QALegendEditAnnouncementTest@3f67593e]" started-at="2025-01-03T19:24:44 IST" name="afterMethod" finished-at="2025-01-03T19:24:44 IST" duration-ms="112" status="PASS">
          <params>
            <param index="0">
              <value>
                <![CDATA[[TestResult name=editannouncementTestCases status=SUCCESS method=QALegendEditAnnouncementTest.editannouncementTestCases()[pri:0, instance:TestScript.QALegendEditAnnouncementTest@3f67593e] output={null}]]]>
              </value>
            </param>
          </params>
          <reporter-output>
          </reporter-output>
        </test-method> <!-- afterMethod -->
      </class> <!-- TestScript.QALegendEditAnnouncementTest -->
      <class name="TestScript.QALegendTicketTest">
        <test-method is-config="true" signature="browserintialization()[pri:0, instance:TestScript.QALegendTicketTest@14bee915]" started-at="2025-01-03T19:24:52 IST" name="browserintialization" finished-at="2025-01-03T19:24:53 IST" duration-ms="1293" status="PASS">
          <reporter-output>
          </reporter-output>
        </test-method> <!-- browserintialization -->
        <test-method signature="verifyTicketAssignment()[pri:0, instance:TestScript.QALegendTicketTest@14bee915]" started-at="2025-01-03T19:24:53 IST" name="verifyTicketAssignment" finished-at="2025-01-03T19:25:00 IST" duration-ms="7043" status="PASS">
          <reporter-output>
          </reporter-output>
        </test-method> <!-- verifyTicketAssignment -->
        <test-method is-config="true" signature="afterMethod(org.testng.ITestResult)[pri:0, instance:TestScript.QALegendTicketTest@14bee915]" started-at="2025-01-03T19:25:00 IST" name="afterMethod" finished-at="2025-01-03T19:25:01 IST" duration-ms="154" status="PASS">
          <params>
            <param index="0">
              <value>
                <![CDATA[[TestResult name=verifyTicketAssignment status=SUCCESS method=QALegendTicketTest.verifyTicketAssignment()[pri:0, instance:TestScript.QALegendTicketTest@14bee915] output={null}]]]>
              </value>
            </param>
          </params>
          <reporter-output>
          </reporter-output>
        </test-method> <!-- afterMethod -->
        <test-method is-config="true" signature="browserintialization()[pri:0, instance:TestScript.QALegendTicketTest@14bee915]" started-at="2025-01-03T19:25:01 IST" name="browserintialization" finished-at="2025-01-03T19:25:02 IST" duration-ms="1355" status="PASS">
          <reporter-output>
          </reporter-output>
        </test-method> <!-- browserintialization -->
        <test-method signature="verifyTicketMarkedAsClosed()[pri:0, instance:TestScript.QALegendTicketTest@14bee915]" started-at="2025-01-03T19:25:02 IST" name="verifyTicketMarkedAsClosed" finished-at="2025-01-03T19:25:09 IST" duration-ms="7243" status="PASS">
          <reporter-output>
          </reporter-output>
        </test-method> <!-- verifyTicketMarkedAsClosed -->
        <test-method is-config="true" signature="afterMethod(org.testng.ITestResult)[pri:0, instance:TestScript.QALegendTicketTest@14bee915]" started-at="2025-01-03T19:25:09 IST" name="afterMethod" finished-at="2025-01-03T19:25:09 IST" duration-ms="165" status="PASS">
          <params>
            <param index="0">
              <value>
                <![CDATA[[TestResult name=verifyTicketMarkedAsClosed status=SUCCESS method=QALegendTicketTest.verifyTicketMarkedAsClosed()[pri:0, instance:TestScript.QALegendTicketTest@14bee915] output={null}]]]>
              </value>
            </param>
          </params>
          <reporter-output>
          </reporter-output>
        </test-method> <!-- afterMethod -->
      </class> <!-- TestScript.QALegendTicketTest -->
      <class name="TestScript.QALegendItemsTest">
        <test-method is-config="true" signature="browserintialization()[pri:0, instance:TestScript.QALegendItemsTest@455b6df1]" started-at="2025-01-03T19:24:31 IST" name="browserintialization" finished-at="2025-01-03T19:24:33 IST" duration-ms="1427" status="PASS">
          <reporter-output>
          </reporter-output>
        </test-method> <!-- browserintialization -->
        <test-method signature="addItem()[pri:0, instance:TestScript.QALegendItemsTest@455b6df1]" started-at="2025-01-03T19:24:33 IST" name="addItem" finished-at="2025-01-03T19:24:36 IST" duration-ms="3393" status="FAIL">
          <exception class="org.openqa.selenium.ElementClickInterceptedException">
            <message>
              <![CDATA[element click intercepted: Element <input type="search" class="" placeholder="Search" aria-controls="item-table"> is not clickable at point (900, 156). Other element would receive the click: <div class="modal in" id="ajaxModal" tabindex="-1" role="dialog" aria-labelledby="ajaxModal" aria-hidden="true" style="display: block;">...</div>
  (Session info: chrome=131.0.6778.205)
Build info: version: '4.25.0', revision: '8a8aea2337'
System info: os.name: 'Windows 11', os.arch: 'amd64', os.version: '10.0', java.version: '22.0.2'
Driver info: org.openqa.selenium.chrome.ChromeDriver
Command: [5b9af9a21a8dd869336acceb84cb566e, clickElement {id=f.2D9D4C46A98CB1B58BC25B21BF83B5C5.d.BD271371DA8141FF9241F9E2B965C8C2.e.57}]
Capabilities {acceptInsecureCerts: false, browserName: chrome, browserVersion: 131.0.6778.205, chrome: {chromedriverVersion: 131.0.6778.204 (52183f9e99a..., userDataDir: C:\Users\hanzh\AppData\Loca...}, fedcm:accounts: true, goog:chromeOptions: {debuggerAddress: localhost:55750}, networkConnectionEnabled: false, pageLoadStrategy: normal, platformName: windows, proxy: Proxy(), se:cdp: ws://localhost:55750/devtoo..., se:cdpVersion: 131.0.6778.205, setWindowRect: true, strictFileInteractability: false, timeouts: {implicit: 0, pageLoad: 300000, script: 30000}, unhandledPromptBehavior: dismiss and notify, webauthn:extension:credBlob: true, webauthn:extension:largeBlob: true, webauthn:extension:minPinLength: true, webauthn:extension:prf: true, webauthn:virtualAuthenticators: true}
Element: [[ChromeDriver: chrome on windows (5b9af9a21a8dd869336acceb84cb566e)] -> xpath: //input[@type='search']]
Session ID: 5b9af9a21a8dd869336acceb84cb566e]]>
            </message>
            <full-stacktrace>
              <![CDATA[org.openqa.selenium.ElementClickInterceptedException: element click intercepted: Element <input type="search" class="" placeholder="Search" aria-controls="item-table"> is not clickable at point (900, 156). Other element would receive the click: <div class="modal in" id="ajaxModal" tabindex="-1" role="dialog" aria-labelledby="ajaxModal" aria-hidden="true" style="display: block;">...</div>
  (Session info: chrome=131.0.6778.205)
Build info: version: '4.25.0', revision: '8a8aea2337'
System info: os.name: 'Windows 11', os.arch: 'amd64', os.version: '10.0', java.version: '22.0.2'
Driver info: org.openqa.selenium.chrome.ChromeDriver
Command: [5b9af9a21a8dd869336acceb84cb566e, clickElement {id=f.2D9D4C46A98CB1B58BC25B21BF83B5C5.d.BD271371DA8141FF9241F9E2B965C8C2.e.57}]
Capabilities {acceptInsecureCerts: false, browserName: chrome, browserVersion: 131.0.6778.205, chrome: {chromedriverVersion: 131.0.6778.204 (52183f9e99a..., userDataDir: C:\Users\hanzh\AppData\Loca...}, fedcm:accounts: true, goog:chromeOptions: {debuggerAddress: localhost:55750}, networkConnectionEnabled: false, pageLoadStrategy: normal, platformName: windows, proxy: Proxy(), se:cdp: ws://localhost:55750/devtoo..., se:cdpVersion: 131.0.6778.205, setWindowRect: true, strictFileInteractability: false, timeouts: {implicit: 0, pageLoad: 300000, script: 30000}, unhandledPromptBehavior: dismiss and notify, webauthn:extension:credBlob: true, webauthn:extension:largeBlob: true, webauthn:extension:minPinLength: true, webauthn:extension:prf: true, webauthn:virtualAuthenticators: true}
Element: [[ChromeDriver: chrome on windows (5b9af9a21a8dd869336acceb84cb566e)] -> xpath: //input[@type='search']]
Session ID: 5b9af9a21a8dd869336acceb84cb566e
at java.base/jdk.internal.reflect.DirectConstructorHandleAccessor.newInstance(DirectConstructorHandleAccessor.java:62)
at java.base/java.lang.reflect.Constructor.newInstanceWithCaller(Constructor.java:502)
at java.base/java.lang.reflect.Constructor.newInstance(Constructor.java:486)
at org.openqa.selenium.remote.ErrorCodec.decode(ErrorCodec.java:167)
at org.openqa.selenium.remote.codec.w3c.W3CHttpResponseCodec.decode(W3CHttpResponseCodec.java:138)
at org.openqa.selenium.remote.codec.w3c.W3CHttpResponseCodec.decode(W3CHttpResponseCodec.java:50)
at org.openqa.selenium.remote.HttpCommandExecutor.execute(HttpCommandExecutor.java:190)
at org.openqa.selenium.remote.service.DriverCommandExecutor.invokeExecute(DriverCommandExecutor.java:216)
at org.openqa.selenium.remote.service.DriverCommandExecutor.execute(DriverCommandExecutor.java:174)
at org.openqa.selenium.remote.RemoteWebDriver.execute(RemoteWebDriver.java:545)
at org.openqa.selenium.remote.RemoteWebElement.execute(RemoteWebElement.java:223)
at org.openqa.selenium.remote.RemoteWebElement.click(RemoteWebElement.java:76)
at java.base/jdk.internal.reflect.DirectMethodHandleAccessor.invoke(DirectMethodHandleAccessor.java:103)
at java.base/java.lang.reflect.Method.invoke(Method.java:580)
at org.openqa.selenium.support.pagefactory.internal.LocatingElementHandler.invoke(LocatingElementHandler.java:51)
at jdk.proxy2/jdk.proxy2.$Proxy12.click(Unknown Source)
at PageClasses.QALegendItemsPage.searchItemAdded(QALegendItemsPage.java:60)
at TestScript.QALegendItemsTest.addItem(QALegendItemsTest.java:23)
at java.base/jdk.internal.reflect.DirectMethodHandleAccessor.invoke(DirectMethodHandleAccessor.java:103)
at java.base/java.lang.reflect.Method.invoke(Method.java:580)
at org.testng.internal.invokers.MethodInvocationHelper.invokeMethod(MethodInvocationHelper.java:141)
at org.testng.internal.invokers.TestInvoker.invokeMethod(TestInvoker.java:686)
at org.testng.internal.invokers.TestInvoker.invokeTestMethod(TestInvoker.java:230)
at org.testng.internal.invokers.MethodRunner.runInSequence(MethodRunner.java:63)
at org.testng.internal.invokers.TestInvoker$MethodInvocationAgent.invoke(TestInvoker.java:992)
at org.testng.internal.invokers.TestInvoker.invokeTestMethods(TestInvoker.java:203)
at org.testng.internal.invokers.TestMethodWorker.invokeTestMethods(TestMethodWorker.java:154)
at org.testng.internal.invokers.TestMethodWorker.run(TestMethodWorker.java:134)
at java.base/java.util.ArrayList.forEach(ArrayList.java:1597)
at org.testng.TestRunner.privateRun(TestRunner.java:739)
at org.testng.TestRunner.run(TestRunner.java:614)
at org.testng.SuiteRunner.runTest(SuiteRunner.java:421)
at org.testng.SuiteRunner.runSequentially(SuiteRunner.java:413)
at org.testng.SuiteRunner.privateRun(SuiteRunner.java:373)
at org.testng.SuiteRunner.run(SuiteRunner.java:312)
at org.testng.SuiteRunnerWorker.runSuite(SuiteRunnerWorker.java:52)
at org.testng.SuiteRunnerWorker.run(SuiteRunnerWorker.java:95)
at org.testng.TestNG.runSuitesSequentially(TestNG.java:1274)
at org.testng.TestNG.runSuitesLocally(TestNG.java:1208)
at org.testng.TestNG.runSuites(TestNG.java:1112)
at org.testng.TestNG.run(TestNG.java:1079)
at org.testng.remote.AbstractRemoteTestNG.run(AbstractRemoteTestNG.java:115)
at org.testng.remote.RemoteTestNG.initAndRun(RemoteTestNG.java:293)
at org.testng.remote.RemoteTestNG.main(RemoteTestNG.java:91)
]]>
            </full-stacktrace>
          </exception> <!-- org.openqa.selenium.ElementClickInterceptedException -->
          <reporter-output>
          </reporter-output>
        </test-method> <!-- addItem -->
        <test-method is-config="true" signature="afterMethod(org.testng.ITestResult)[pri:0, instance:TestScript.QALegendItemsTest@455b6df1]" started-at="2025-01-03T19:24:36 IST" name="afterMethod" finished-at="2025-01-03T19:24:36 IST" duration-ms="277" status="PASS">
          <params>
            <param index="0">
              <value>
                <![CDATA[[TestResult name=addItem status=FAILURE method=QALegendItemsTest.addItem()[pri:0, instance:TestScript.QALegendItemsTest@455b6df1] output={null}]]]>
              </value>
            </param>
          </params>
          <reporter-output>
          </reporter-output>
        </test-method> <!-- afterMethod -->
      </class> <!-- TestScript.QALegendItemsTest -->
      <class name="TestScript.QALegendProjectTest">
        <test-method is-config="true" signature="browserintialization()[pri:0, instance:TestScript.QALegendProjectTest@20c0a64d]" started-at="2025-01-03T19:24:23 IST" name="browserintialization" finished-at="2025-01-03T19:24:24 IST" duration-ms="1904" status="PASS">
          <reporter-output>
          </reporter-output>
        </test-method> <!-- browserintialization -->
        <test-method signature="verifyAddProject()[pri:0, instance:TestScript.QALegendProjectTest@20c0a64d]" started-at="2025-01-03T19:24:24 IST" name="verifyAddProject" finished-at="2025-01-03T19:24:31 IST" duration-ms="6522" status="PASS">
          <reporter-output>
          </reporter-output>
        </test-method> <!-- verifyAddProject -->
        <test-method is-config="true" signature="afterMethod(org.testng.ITestResult)[pri:0, instance:TestScript.QALegendProjectTest@20c0a64d]" started-at="2025-01-03T19:24:31 IST" name="afterMethod" finished-at="2025-01-03T19:24:31 IST" duration-ms="138" status="PASS">
          <params>
            <param index="0">
              <value>
                <![CDATA[[TestResult name=verifyAddProject status=SUCCESS method=QALegendProjectTest.verifyAddProject()[pri:0, instance:TestScript.QALegendProjectTest@20c0a64d] output={null}]]]>
              </value>
            </param>
          </params>
          <reporter-output>
          </reporter-output>
        </test-method> <!-- afterMethod -->
      </class> <!-- TestScript.QALegendProjectTest -->
      <class name="TestScript.QALegendEditEventTest">
        <test-method is-config="true" signature="browserintialization()[pri:0, instance:TestScript.QALegendEditEventTest@119cbf96]" started-at="2025-01-03T19:24:00 IST" name="browserintialization" finished-at="2025-01-03T19:24:01 IST" duration-ms="1334" status="PASS">
          <reporter-output>
          </reporter-output>
        </test-method> <!-- browserintialization -->
        <test-method signature="editEventTestCases()[pri:0, instance:TestScript.QALegendEditEventTest@119cbf96]" started-at="2025-01-03T19:24:01 IST" name="editEventTestCases" finished-at="2025-01-03T19:24:04 IST" duration-ms="2738" status="PASS">
          <reporter-output>
          </reporter-output>
        </test-method> <!-- editEventTestCases -->
        <test-method is-config="true" signature="afterMethod(org.testng.ITestResult)[pri:0, instance:TestScript.QALegendEditEventTest@119cbf96]" started-at="2025-01-03T19:24:04 IST" name="afterMethod" finished-at="2025-01-03T19:24:04 IST" duration-ms="110" status="PASS">
          <params>
            <param index="0">
              <value>
                <![CDATA[[TestResult name=editEventTestCases status=SUCCESS method=QALegendEditEventTest.editEventTestCases()[pri:0, instance:TestScript.QALegendEditEventTest@119cbf96] output={null}]]]>
              </value>
            </param>
          </params>
          <reporter-output>
          </reporter-output>
        </test-method> <!-- afterMethod -->
      </class> <!-- TestScript.QALegendEditEventTest -->
      <class name="TestScript.QALegendEventTest">
        <test-method is-config="true" signature="browserintialization()[pri:0, instance:TestScript.QALegendEventTest@10f7f7de]" started-at="2025-01-03T19:23:54 IST" name="browserintialization" finished-at="2025-01-03T19:23:56 IST" duration-ms="1893" status="PASS">
          <reporter-output>
          </reporter-output>
        </test-method> <!-- browserintialization -->
        <test-method signature="addEvent()[pri:0, instance:TestScript.QALegendEventTest@10f7f7de]" started-at="2025-01-03T19:23:56 IST" name="addEvent" finished-at="2025-01-03T19:24:00 IST" duration-ms="3505" status="PASS">
          <reporter-output>
          </reporter-output>
        </test-method> <!-- addEvent -->
        <test-method is-config="true" signature="afterMethod(org.testng.ITestResult)[pri:0, instance:TestScript.QALegendEventTest@10f7f7de]" started-at="2025-01-03T19:24:00 IST" name="afterMethod" finished-at="2025-01-03T19:24:00 IST" duration-ms="130" status="PASS">
          <params>
            <param index="0">
              <value>
                <![CDATA[[TestResult name=addEvent status=SUCCESS method=QALegendEventTest.addEvent()[pri:0, instance:TestScript.QALegendEventTest@10f7f7de] output={null}]]]>
              </value>
            </param>
          </params>
          <reporter-output>
          </reporter-output>
        </test-method> <!-- afterMethod -->
      </class> <!-- TestScript.QALegendEventTest -->
      <class name="TestScript.QALegendAnnouncementTest">
        <test-method is-config="true" signature="browserintialization()[pri:0, instance:TestScript.QALegendAnnouncementTest@4ddbbdf8]" started-at="2025-01-03T19:24:36 IST" name="browserintialization" finished-at="2025-01-03T19:24:38 IST" duration-ms="1363" status="PASS">
          <reporter-output>
          </reporter-output>
        </test-method> <!-- browserintialization -->
        <test-method signature="addAnnouncement()[pri:0, instance:TestScript.QALegendAnnouncementTest@4ddbbdf8]" started-at="2025-01-03T19:24:38 IST" name="addAnnouncement" finished-at="2025-01-03T19:24:40 IST" duration-ms="2797" status="PASS">
          <reporter-output>
          </reporter-output>
        </test-method> <!-- addAnnouncement -->
        <test-method is-config="true" signature="afterMethod(org.testng.ITestResult)[pri:0, instance:TestScript.QALegendAnnouncementTest@4ddbbdf8]" started-at="2025-01-03T19:24:40 IST" name="afterMethod" finished-at="2025-01-03T19:24:40 IST" duration-ms="99" status="PASS">
          <params>
            <param index="0">
              <value>
                <![CDATA[[TestResult name=addAnnouncement status=SUCCESS method=QALegendAnnouncementTest.addAnnouncement()[pri:0, instance:TestScript.QALegendAnnouncementTest@4ddbbdf8] output={null}]]]>
              </value>
            </param>
          </params>
          <reporter-output>
          </reporter-output>
        </test-method> <!-- afterMethod -->
      </class> <!-- TestScript.QALegendAnnouncementTest -->
      <class name="TestScript.QALegendEditTeamMembersTest">
        <test-method is-config="true" signature="browserintialization()[pri:0, instance:TestScript.QALegendEditTeamMembersTest@41ab013]" started-at="2025-01-03T19:24:49 IST" name="browserintialization" finished-at="2025-01-03T19:24:50 IST" duration-ms="1840" status="PASS">
          <reporter-output>
          </reporter-output>
        </test-method> <!-- browserintialization -->
        <test-method signature="editTeamTestCases()[pri:0, instance:TestScript.QALegendEditTeamMembersTest@41ab013]" started-at="2025-01-03T19:24:50 IST" name="editTeamTestCases" finished-at="2025-01-03T19:24:52 IST" duration-ms="1579" status="PASS">
          <reporter-output>
          </reporter-output>
        </test-method> <!-- editTeamTestCases -->
        <test-method is-config="true" signature="afterMethod(org.testng.ITestResult)[pri:0, instance:TestScript.QALegendEditTeamMembersTest@41ab013]" started-at="2025-01-03T19:24:52 IST" name="afterMethod" finished-at="2025-01-03T19:24:52 IST" duration-ms="115" status="PASS">
          <params>
            <param index="0">
              <value>
                <![CDATA[[TestResult name=editTeamTestCases status=SUCCESS method=QALegendEditTeamMembersTest.editTeamTestCases()[pri:0, instance:TestScript.QALegendEditTeamMembersTest@41ab013] output={null}]]]>
              </value>
            </param>
          </params>
          <reporter-output>
          </reporter-output>
        </test-method> <!-- afterMethod -->
      </class> <!-- TestScript.QALegendEditTeamMembersTest -->
      <class name="TestScript.QALegendTeamMembersTest">
        <test-method is-config="true" signature="browserintialization()[pri:0, instance:TestScript.QALegendTeamMembersTest@1ab06251]" started-at="2025-01-03T19:24:44 IST" name="browserintialization" finished-at="2025-01-03T19:24:46 IST" duration-ms="1391" status="PASS">
          <reporter-output>
          </reporter-output>
        </test-method> <!-- browserintialization -->
        <test-method signature="addTeamMembers()[pri:0, instance:TestScript.QALegendTeamMembersTest@1ab06251]" started-at="2025-01-03T19:24:46 IST" name="addTeamMembers" finished-at="2025-01-03T19:24:48 IST" duration-ms="2906" status="PASS">
          <reporter-output>
          </reporter-output>
        </test-method> <!-- addTeamMembers -->
        <test-method is-config="true" signature="afterMethod(org.testng.ITestResult)[pri:0, instance:TestScript.QALegendTeamMembersTest@1ab06251]" started-at="2025-01-03T19:24:48 IST" name="afterMethod" finished-at="2025-01-03T19:24:49 IST" duration-ms="125" status="PASS">
          <params>
            <param index="0">
              <value>
                <![CDATA[[TestResult name=addTeamMembers status=SUCCESS method=QALegendTeamMembersTest.addTeamMembers()[pri:0, instance:TestScript.QALegendTeamMembersTest@1ab06251] output={null}]]]>
              </value>
            </param>
          </params>
          <reporter-output>
          </reporter-output>
        </test-method> <!-- afterMethod -->
      </class> <!-- TestScript.QALegendTeamMembersTest -->
    </test> <!-- Test -->
  </suite> <!-- Suite -->
</testng-results>
