<?xml version="1.0" encoding="UTF-8"?>
<testng-results ignored="0" total="1" passed="1" failed="0" skipped="0">
  <reporter-output>
  </reporter-output>
  <suite started-at="2025-01-02T12:27:39 IST" name="Suite" finished-at="2025-01-02T12:27:44 IST" duration-ms="5119">
    <groups>
      <group name="smoke">
        <method signature="QALegendAnnouncementTest.addAnnouncement()[pri:0, instance:TestScript.QALegendAnnouncementTest@3e6f3f28]" name="addAnnouncement" class="TestScript.QALegendAnnouncementTest"/>
      </group> <!-- smoke -->
    </groups>
    <test started-at="2025-01-02T12:27:39 IST" name="Test" finished-at="2025-01-02T12:27:44 IST" duration-ms="5119">
      <class name="TestScript.QALegendAnnouncementTest">
        <test-method is-config="true" signature="browserintialization()[pri:0, instance:TestScript.QALegendAnnouncementTest@3e6f3f28]" started-at="2025-01-02T12:27:39 IST" name="browserintialization" finished-at="2025-01-02T12:27:41 IST" duration-ms="1871" status="PASS">
          <reporter-output>
          </reporter-output>
        </test-method> <!-- browserintialization -->
        <test-method signature="addAnnouncement()[pri:0, instance:TestScript.QALegendAnnouncementTest@3e6f3f28]" started-at="2025-01-02T12:27:41 IST" name="addAnnouncement" finished-at="2025-01-02T12:27:44 IST" duration-ms="3098" status="PASS">
          <reporter-output>
          </reporter-output>
        </test-method> <!-- addAnnouncement -->
        <test-method is-config="true" signature="afterMethod(org.testng.ITestResult)[pri:0, instance:TestScript.QALegendAnnouncementTest@3e6f3f28]" started-at="2025-01-02T12:27:44 IST" name="afterMethod" finished-at="2025-01-02T12:27:44 IST" duration-ms="113" status="PASS">
          <params>
            <param index="0">
              <value>
                <![CDATA[[TestResult name=addAnnouncement status=SUCCESS method=QALegendAnnouncementTest.addAnnouncement()[pri:0, instance:TestScript.QALegendAnnouncementTest@3e6f3f28] output={null}]]]>
              </value>
            </param>
          </params>
          <reporter-output>
          </reporter-output>
        </test-method> <!-- afterMethod -->
      </class> <!-- TestScript.QALegendAnnouncementTest -->
    </test> <!-- Test -->
  </suite> <!-- Suite -->
</testng-results>
