<?xml version="1.0" encoding="UTF-8"?>
<testng-results ignored="0" total="13" passed="12" failed="1" skipped="0">
  <reporter-output>
  </reporter-output>
  <suite started-at="2024-12-23T12:33:04 IST" name="Suite" finished-at="2024-12-23T12:34:07 IST" duration-ms="63074">
    <groups>
    </groups>
    <test started-at="2024-12-23T12:33:04 IST" name="Test" finished-at="2024-12-23T12:34:07 IST" duration-ms="63074">
      <class name="TestScript.QALegendItemsTest">
        <test-method is-config="true" signature="browserintialization()[pri:0, instance:TestScript.QALegendItemsTest@768fc0f2]" started-at="2024-12-23T12:33:40 IST" name="browserintialization" finished-at="2024-12-23T12:33:41 IST" duration-ms="1164" status="PASS">
          <reporter-output>
          </reporter-output>
        </test-method> <!-- browserintialization -->
        <test-method signature="addItem()[pri:0, instance:TestScript.QALegendItemsTest@768fc0f2]" started-at="2024-12-23T12:33:41 IST" name="addItem" finished-at="2024-12-23T12:33:45 IST" duration-ms="3551" status="FAIL">
          <exception class="org.openqa.selenium.ElementClickInterceptedException">
            <message>
              <![CDATA[element click intercepted: Element <input type="search" class="" placeholder="Search" aria-controls="item-table"> is not clickable at point (900, 156). Other element would receive the click: <div class="modal in" id="ajaxModal" tabindex="-1" role="dialog" aria-labelledby="ajaxModal" aria-hidden="true" style="display: block;">...</div>
  (Session info: chrome=131.0.6778.205)
Build info: version: '4.25.0', revision: '8a8aea2337'
System info: os.name: 'Windows 11', os.arch: 'amd64', os.version: '10.0', java.version: '22.0.2'
Driver info: org.openqa.selenium.chrome.ChromeDriver
Command: [9bfd00585f7c5ae2669ce0b6e8e13e12, clickElement {id=f.829C9FDAF867653F97F6411381112F3F.d.73140E5B787173E0199E7B9A09B30C72.e.57}]
Capabilities {acceptInsecureCerts: false, browserName: chrome, browserVersion: 131.0.6778.205, chrome: {chromedriverVersion: 131.0.6778.204 (52183f9e99a..., userDataDir: C:\Users\hanzh\AppData\Loca...}, fedcm:accounts: true, goog:chromeOptions: {debuggerAddress: localhost:50090}, networkConnectionEnabled: false, pageLoadStrategy: normal, platformName: windows, proxy: Proxy(), se:cdp: ws://localhost:50090/devtoo..., se:cdpVersion: 131.0.6778.205, setWindowRect: true, strictFileInteractability: false, timeouts: {implicit: 0, pageLoad: 300000, script: 30000}, unhandledPromptBehavior: dismiss and notify, webauthn:extension:credBlob: true, webauthn:extension:largeBlob: true, webauthn:extension:minPinLength: true, webauthn:extension:prf: true, webauthn:virtualAuthenticators: true}
Element: [[ChromeDriver: chrome on windows (9bfd00585f7c5ae2669ce0b6e8e13e12)] -> xpath: //input[@type='search']]
Session ID: 9bfd00585f7c5ae2669ce0b6e8e13e12]]>
            </message>
            <full-stacktrace>
              <![CDATA[org.openqa.selenium.ElementClickInterceptedException: element click intercepted: Element <input type="search" class="" placeholder="Search" aria-controls="item-table"> is not clickable at point (900, 156). Other element would receive the click: <div class="modal in" id="ajaxModal" tabindex="-1" role="dialog" aria-labelledby="ajaxModal" aria-hidden="true" style="display: block;">...</div>
  (Session info: chrome=131.0.6778.205)
Build info: version: '4.25.0', revision: '8a8aea2337'
System info: os.name: 'Windows 11', os.arch: 'amd64', os.version: '10.0', java.version: '22.0.2'
Driver info: org.openqa.selenium.chrome.ChromeDriver
Command: [9bfd00585f7c5ae2669ce0b6e8e13e12, clickElement {id=f.829C9FDAF867653F97F6411381112F3F.d.73140E5B787173E0199E7B9A09B30C72.e.57}]
Capabilities {acceptInsecureCerts: false, browserName: chrome, browserVersion: 131.0.6778.205, chrome: {chromedriverVersion: 131.0.6778.204 (52183f9e99a..., userDataDir: C:\Users\hanzh\AppData\Loca...}, fedcm:accounts: true, goog:chromeOptions: {debuggerAddress: localhost:50090}, networkConnectionEnabled: false, pageLoadStrategy: normal, platformName: windows, proxy: Proxy(), se:cdp: ws://localhost:50090/devtoo..., se:cdpVersion: 131.0.6778.205, setWindowRect: true, strictFileInteractability: false, timeouts: {implicit: 0, pageLoad: 300000, script: 30000}, unhandledPromptBehavior: dismiss and notify, webauthn:extension:credBlob: true, webauthn:extension:largeBlob: true, webauthn:extension:minPinLength: true, webauthn:extension:prf: true, webauthn:virtualAuthenticators: true}
Element: [[ChromeDriver: chrome on windows (9bfd00585f7c5ae2669ce0b6e8e13e12)] -> xpath: //input[@type='search']]
Session ID: 9bfd00585f7c5ae2669ce0b6e8e13e12
at java.base/jdk.internal.reflect.DirectConstructorHandleAccessor.newInstance(DirectConstructorHandleAccessor.java:62)
at java.base/java.lang.reflect.Constructor.newInstanceWithCaller(Constructor.java:502)
at java.base/java.lang.reflect.Constructor.newInstance(Constructor.java:486)
at org.openqa.selenium.remote.ErrorCodec.decode(ErrorCodec.java:167)
at org.openqa.selenium.remote.codec.w3c.W3CHttpResponseCodec.decode(W3CHttpResponseCodec.java:138)
at org.openqa.selenium.remote.codec.w3c.W3CHttpResponseCodec.decode(W3CHttpResponseCodec.java:50)
at org.openqa.selenium.remote.HttpCommandExecutor.execute(HttpCommandExecutor.java:190)
at org.openqa.selenium.remote.service.DriverCommandExecutor.invokeExecute(DriverCommandExecutor.java:216)
at org.openqa.selenium.remote.service.DriverCommandExecutor.execute(DriverCommandExecutor.java:174)
at org.openqa.selenium.remote.RemoteWebDriver.execute(RemoteWebDriver.java:545)
at org.openqa.selenium.remote.RemoteWebElement.execute(RemoteWebElement.java:223)
at org.openqa.selenium.remote.RemoteWebElement.click(RemoteWebElement.java:76)
at java.base/jdk.internal.reflect.DirectMethodHandleAccessor.invoke(DirectMethodHandleAccessor.java:103)
at java.base/java.lang.reflect.Method.invoke(Method.java:580)
at org.openqa.selenium.support.pagefactory.internal.LocatingElementHandler.invoke(LocatingElementHandler.java:51)
at jdk.proxy2/jdk.proxy2.$Proxy12.click(Unknown Source)
at PageClasses.QALegendItemsPage.searchItemAdded(QALegendItemsPage.java:60)
at TestScript.QALegendItemsTest.addItem(QALegendItemsTest.java:23)
at java.base/jdk.internal.reflect.DirectMethodHandleAccessor.invoke(DirectMethodHandleAccessor.java:103)
at java.base/java.lang.reflect.Method.invoke(Method.java:580)
at org.testng.internal.invokers.MethodInvocationHelper.invokeMethod(MethodInvocationHelper.java:141)
at org.testng.internal.invokers.TestInvoker.invokeMethod(TestInvoker.java:686)
at org.testng.internal.invokers.TestInvoker.invokeTestMethod(TestInvoker.java:230)
at org.testng.internal.invokers.MethodRunner.runInSequence(MethodRunner.java:63)
at org.testng.internal.invokers.TestInvoker$MethodInvocationAgent.invoke(TestInvoker.java:992)
at org.testng.internal.invokers.TestInvoker.invokeTestMethods(TestInvoker.java:203)
at org.testng.internal.invokers.TestMethodWorker.invokeTestMethods(TestMethodWorker.java:154)
at org.testng.internal.invokers.TestMethodWorker.run(TestMethodWorker.java:134)
at java.base/java.util.ArrayList.forEach(ArrayList.java:1597)
at org.testng.TestRunner.privateRun(TestRunner.java:739)
at org.testng.TestRunner.run(TestRunner.java:614)
at org.testng.SuiteRunner.runTest(SuiteRunner.java:421)
at org.testng.SuiteRunner.runSequentially(SuiteRunner.java:413)
at org.testng.SuiteRunner.privateRun(SuiteRunner.java:373)
at org.testng.SuiteRunner.run(SuiteRunner.java:312)
at org.testng.SuiteRunnerWorker.runSuite(SuiteRunnerWorker.java:52)
at org.testng.SuiteRunnerWorker.run(SuiteRunnerWorker.java:95)
at org.testng.TestNG.runSuitesSequentially(TestNG.java:1274)
at org.testng.TestNG.runSuitesLocally(TestNG.java:1208)
at org.testng.TestNG.runSuites(TestNG.java:1112)
at org.testng.TestNG.run(TestNG.java:1079)
at org.testng.remote.AbstractRemoteTestNG.run(AbstractRemoteTestNG.java:115)
at org.testng.remote.RemoteTestNG.initAndRun(RemoteTestNG.java:293)
at org.testng.remote.RemoteTestNG.main(RemoteTestNG.java:91)
]]>
            </full-stacktrace>
          </exception> <!-- org.openqa.selenium.ElementClickInterceptedException -->
          <reporter-output>
          </reporter-output>
        </test-method> <!-- addItem -->
        <test-method is-config="true" signature="afterMethod(org.testng.ITestResult)[pri:0, instance:TestScript.QALegendItemsTest@768fc0f2]" started-at="2024-12-23T12:33:45 IST" name="afterMethod" finished-at="2024-12-23T12:33:45 IST" duration-ms="249" status="PASS">
          <params>
            <param index="0">
              <value>
                <![CDATA[[TestResult name=addItem status=FAILURE method=QALegendItemsTest.addItem()[pri:0, instance:TestScript.QALegendItemsTest@768fc0f2] output={null}]]]>
              </value>
            </param>
          </params>
          <reporter-output>
          </reporter-output>
        </test-method> <!-- afterMethod -->
      </class> <!-- TestScript.QALegendItemsTest -->
      <class name="TestScript.QALegendProjectTest">
        <test-method is-config="true" signature="browserintialization()[pri:0, instance:TestScript.QALegendProjectTest@71329995]" started-at="2024-12-23T12:33:31 IST" name="browserintialization" finished-at="2024-12-23T12:33:32 IST" duration-ms="1696" status="PASS">
          <reporter-output>
          </reporter-output>
        </test-method> <!-- browserintialization -->
        <test-method signature="verifyAddProject()[pri:0, instance:TestScript.QALegendProjectTest@71329995]" started-at="2024-12-23T12:33:32 IST" name="verifyAddProject" finished-at="2024-12-23T12:33:40 IST" duration-ms="7330" status="PASS">
          <reporter-output>
          </reporter-output>
        </test-method> <!-- verifyAddProject -->
        <test-method is-config="true" signature="afterMethod(org.testng.ITestResult)[pri:0, instance:TestScript.QALegendProjectTest@71329995]" started-at="2024-12-23T12:33:40 IST" name="afterMethod" finished-at="2024-12-23T12:33:40 IST" duration-ms="150" status="PASS">
          <params>
            <param index="0">
              <value>
                <![CDATA[[TestResult name=verifyAddProject status=SUCCESS method=QALegendProjectTest.verifyAddProject()[pri:0, instance:TestScript.QALegendProjectTest@71329995] output={null}]]]>
              </value>
            </param>
          </params>
          <reporter-output>
          </reporter-output>
        </test-method> <!-- afterMethod -->
      </class> <!-- TestScript.QALegendProjectTest -->
      <class name="TestScript.QALegendNoteTest">
        <test-method is-config="true" signature="browserintialization()[pri:0, instance:TestScript.QALegendNoteTest@1bd39d3c]" started-at="2024-12-23T12:33:13 IST" name="browserintialization" finished-at="2024-12-23T12:33:15 IST" duration-ms="1155" status="PASS">
          <reporter-output>
          </reporter-output>
        </test-method> <!-- browserintialization -->
        <test-method signature="addNoteTest()[pri:0, instance:TestScript.QALegendNoteTest@1bd39d3c]" started-at="2024-12-23T12:33:15 IST" name="addNoteTest" finished-at="2024-12-23T12:33:19 IST" duration-ms="3925" status="PASS">
          <reporter-output>
          </reporter-output>
        </test-method> <!-- addNoteTest -->
        <test-method is-config="true" signature="afterMethod(org.testng.ITestResult)[pri:0, instance:TestScript.QALegendNoteTest@1bd39d3c]" started-at="2024-12-23T12:33:19 IST" name="afterMethod" finished-at="2024-12-23T12:33:19 IST" duration-ms="147" status="PASS">
          <params>
            <param index="0">
              <value>
                <![CDATA[[TestResult name=addNoteTest status=SUCCESS method=QALegendNoteTest.addNoteTest()[pri:0, instance:TestScript.QALegendNoteTest@1bd39d3c] output={null}]]]>
              </value>
            </param>
          </params>
          <reporter-output>
          </reporter-output>
        </test-method> <!-- afterMethod -->
      </class> <!-- TestScript.QALegendNoteTest -->
      <class name="TestScript.QALegendLoginTest">
        <test-method is-config="true" signature="browserintialization()[pri:0, instance:TestScript.QALegendLoginTest@3f67593e]" started-at="2024-12-23T12:34:01 IST" name="browserintialization" finished-at="2024-12-23T12:34:03 IST" duration-ms="1839" status="PASS">
          <reporter-output>
          </reporter-output>
        </test-method> <!-- browserintialization -->
        <test-method signature="checkValidLogin()[pri:0, instance:TestScript.QALegendLoginTest@3f67593e]" started-at="2024-12-23T12:34:03 IST" name="checkValidLogin" finished-at="2024-12-23T12:34:04 IST" duration-ms="671" status="PASS">
          <reporter-output>
          </reporter-output>
        </test-method> <!-- checkValidLogin -->
        <test-method is-config="true" signature="afterMethod(org.testng.ITestResult)[pri:0, instance:TestScript.QALegendLoginTest@3f67593e]" started-at="2024-12-23T12:34:04 IST" name="afterMethod" finished-at="2024-12-23T12:34:04 IST" duration-ms="134" status="PASS">
          <params>
            <param index="0">
              <value>
                <![CDATA[[TestResult name=checkValidLogin status=SUCCESS method=QALegendLoginTest.checkValidLogin()[pri:0, instance:TestScript.QALegendLoginTest@3f67593e] output={null}]]]>
              </value>
            </param>
          </params>
          <reporter-output>
          </reporter-output>
        </test-method> <!-- afterMethod -->
        <test-method is-config="true" signature="browserintialization()[pri:0, instance:TestScript.QALegendLoginTest@3f67593e]" started-at="2024-12-23T12:34:04 IST" name="browserintialization" finished-at="2024-12-23T12:34:06 IST" duration-ms="2047" status="PASS">
          <reporter-output>
          </reporter-output>
        </test-method> <!-- browserintialization -->
        <test-method signature="checkinValidLogin()[pri:0, instance:TestScript.QALegendLoginTest@3f67593e]" started-at="2024-12-23T12:34:06 IST" name="checkinValidLogin" finished-at="2024-12-23T12:34:07 IST" duration-ms="1212" status="PASS">
          <reporter-output>
          </reporter-output>
        </test-method> <!-- checkinValidLogin -->
        <test-method is-config="true" signature="afterMethod(org.testng.ITestResult)[pri:0, instance:TestScript.QALegendLoginTest@3f67593e]" started-at="2024-12-23T12:34:07 IST" name="afterMethod" finished-at="2024-12-23T12:34:07 IST" duration-ms="128" status="PASS">
          <params>
            <param index="0">
              <value>
                <![CDATA[[TestResult name=checkinValidLogin status=SUCCESS method=QALegendLoginTest.checkinValidLogin()[pri:0, instance:TestScript.QALegendLoginTest@3f67593e] output={null}]]]>
              </value>
            </param>
          </params>
          <reporter-output>
          </reporter-output>
        </test-method> <!-- afterMethod -->
      </class> <!-- TestScript.QALegendLoginTest -->
      <class name="TestScript.QALegendMessageTest">
        <test-method is-config="true" signature="browserintialization()[pri:0, instance:TestScript.QALegendMessageTest@6f19ac19]" started-at="2024-12-23T12:33:19 IST" name="browserintialization" finished-at="2024-12-23T12:33:21 IST" duration-ms="2094" status="PASS">
          <reporter-output>
          </reporter-output>
        </test-method> <!-- browserintialization -->
        <test-method signature="verifyComposeMessage()[pri:0, instance:TestScript.QALegendMessageTest@6f19ac19]" started-at="2024-12-23T12:33:21 IST" name="verifyComposeMessage" finished-at="2024-12-23T12:33:24 IST" duration-ms="3585" status="PASS">
          <reporter-output>
          </reporter-output>
        </test-method> <!-- verifyComposeMessage -->
        <test-method is-config="true" signature="afterMethod(org.testng.ITestResult)[pri:0, instance:TestScript.QALegendMessageTest@6f19ac19]" started-at="2024-12-23T12:33:24 IST" name="afterMethod" finished-at="2024-12-23T12:33:25 IST" duration-ms="124" status="PASS">
          <params>
            <param index="0">
              <value>
                <![CDATA[[TestResult name=verifyComposeMessage status=SUCCESS method=QALegendMessageTest.verifyComposeMessage()[pri:0, instance:TestScript.QALegendMessageTest@6f19ac19] output={null}]]]>
              </value>
            </param>
          </params>
          <reporter-output>
          </reporter-output>
        </test-method> <!-- afterMethod -->
      </class> <!-- TestScript.QALegendMessageTest -->
      <class name="TestScript.QALegendEditEventTest">
        <test-method is-config="true" signature="browserintialization()[pri:0, instance:TestScript.QALegendEditEventTest@59cba5a]" started-at="2024-12-23T12:33:09 IST" name="browserintialization" finished-at="2024-12-23T12:33:10 IST" duration-ms="1200" status="PASS">
          <reporter-output>
          </reporter-output>
        </test-method> <!-- browserintialization -->
        <test-method signature="editEventTestCases()[pri:0, instance:TestScript.QALegendEditEventTest@59cba5a]" started-at="2024-12-23T12:33:10 IST" name="editEventTestCases" finished-at="2024-12-23T12:33:13 IST" duration-ms="3020" status="PASS">
          <reporter-output>
          </reporter-output>
        </test-method> <!-- editEventTestCases -->
        <test-method is-config="true" signature="afterMethod(org.testng.ITestResult)[pri:0, instance:TestScript.QALegendEditEventTest@59cba5a]" started-at="2024-12-23T12:33:13 IST" name="afterMethod" finished-at="2024-12-23T12:33:13 IST" duration-ms="116" status="PASS">
          <params>
            <param index="0">
              <value>
                <![CDATA[[TestResult name=editEventTestCases status=SUCCESS method=QALegendEditEventTest.editEventTestCases()[pri:0, instance:TestScript.QALegendEditEventTest@59cba5a] output={null}]]]>
              </value>
            </param>
          </params>
          <reporter-output>
          </reporter-output>
        </test-method> <!-- afterMethod -->
      </class> <!-- TestScript.QALegendEditEventTest -->
      <class name="TestScript.QALegendEventTest">
        <test-method is-config="true" signature="browserintialization()[pri:0, instance:TestScript.QALegendEventTest@5026735c]" started-at="2024-12-23T12:33:04 IST" name="browserintialization" finished-at="2024-12-23T12:33:06 IST" duration-ms="2396" status="PASS">
          <reporter-output>
          </reporter-output>
        </test-method> <!-- browserintialization -->
        <test-method signature="addEvent()[pri:0, instance:TestScript.QALegendEventTest@5026735c]" started-at="2024-12-23T12:33:06 IST" name="addEvent" finished-at="2024-12-23T12:33:09 IST" duration-ms="2591" status="PASS">
          <reporter-output>
          </reporter-output>
        </test-method> <!-- addEvent -->
        <test-method is-config="true" signature="afterMethod(org.testng.ITestResult)[pri:0, instance:TestScript.QALegendEventTest@5026735c]" started-at="2024-12-23T12:33:09 IST" name="afterMethod" finished-at="2024-12-23T12:33:09 IST" duration-ms="132" status="PASS">
          <params>
            <param index="0">
              <value>
                <![CDATA[[TestResult name=addEvent status=SUCCESS method=QALegendEventTest.addEvent()[pri:0, instance:TestScript.QALegendEventTest@5026735c] output={null}]]]>
              </value>
            </param>
          </params>
          <reporter-output>
          </reporter-output>
        </test-method> <!-- afterMethod -->
      </class> <!-- TestScript.QALegendEventTest -->
      <class name="TestScript.QALegendClientsTest">
        <test-method is-config="true" signature="browserintialization()[pri:0, instance:TestScript.QALegendClientsTest@119cbf96]" started-at="2024-12-23T12:33:25 IST" name="browserintialization" finished-at="2024-12-23T12:33:26 IST" duration-ms="1736" status="PASS">
          <reporter-output>
          </reporter-output>
        </test-method> <!-- browserintialization -->
        <test-method signature="addClients()[pri:0, instance:TestScript.QALegendClientsTest@119cbf96]" started-at="2024-12-23T12:33:26 IST" name="addClients" finished-at="2024-12-23T12:33:31 IST" duration-ms="4335" status="PASS">
          <reporter-output>
          </reporter-output>
        </test-method> <!-- addClients -->
        <test-method is-config="true" signature="afterMethod(org.testng.ITestResult)[pri:0, instance:TestScript.QALegendClientsTest@119cbf96]" started-at="2024-12-23T12:33:31 IST" name="afterMethod" finished-at="2024-12-23T12:33:31 IST" duration-ms="146" status="PASS">
          <params>
            <param index="0">
              <value>
                <![CDATA[[TestResult name=addClients status=SUCCESS method=QALegendClientsTest.addClients()[pri:0, instance:TestScript.QALegendClientsTest@119cbf96] output={null}]]]>
              </value>
            </param>
          </params>
          <reporter-output>
          </reporter-output>
        </test-method> <!-- afterMethod -->
      </class> <!-- TestScript.QALegendClientsTest -->
      <class name="TestScript.QALegendEditAnnouncementTest">
        <test-method is-config="true" signature="browserintialization()[pri:0, instance:TestScript.QALegendEditAnnouncementTest@20c0a64d]" started-at="2024-12-23T12:33:49 IST" name="browserintialization" finished-at="2024-12-23T12:33:50 IST" duration-ms="1190" status="PASS">
          <reporter-output>
          </reporter-output>
        </test-method> <!-- browserintialization -->
        <test-method signature="editannouncementTestCases()[pri:0, instance:TestScript.QALegendEditAnnouncementTest@20c0a64d]" started-at="2024-12-23T12:33:50 IST" name="editannouncementTestCases" finished-at="2024-12-23T12:33:53 IST" duration-ms="2324" status="PASS">
          <reporter-output>
          </reporter-output>
        </test-method> <!-- editannouncementTestCases -->
        <test-method is-config="true" signature="afterMethod(org.testng.ITestResult)[pri:0, instance:TestScript.QALegendEditAnnouncementTest@20c0a64d]" started-at="2024-12-23T12:33:53 IST" name="afterMethod" finished-at="2024-12-23T12:33:53 IST" duration-ms="121" status="PASS">
          <params>
            <param index="0">
              <value>
                <![CDATA[[TestResult name=editannouncementTestCases status=SUCCESS method=QALegendEditAnnouncementTest.editannouncementTestCases()[pri:0, instance:TestScript.QALegendEditAnnouncementTest@20c0a64d] output={null}]]]>
              </value>
            </param>
          </params>
          <reporter-output>
          </reporter-output>
        </test-method> <!-- afterMethod -->
      </class> <!-- TestScript.QALegendEditAnnouncementTest -->
      <class name="TestScript.QALegendAnnouncementTest">
        <test-method is-config="true" signature="browserintialization()[pri:0, instance:TestScript.QALegendAnnouncementTest@5454d35e]" started-at="2024-12-23T12:33:45 IST" name="browserintialization" finished-at="2024-12-23T12:33:46 IST" duration-ms="1230" status="PASS">
          <reporter-output>
          </reporter-output>
        </test-method> <!-- browserintialization -->
        <test-method signature="addAnnouncement()[pri:0, instance:TestScript.QALegendAnnouncementTest@5454d35e]" started-at="2024-12-23T12:33:46 IST" name="addAnnouncement" finished-at="2024-12-23T12:33:49 IST" duration-ms="2843" status="PASS">
          <reporter-output>
          </reporter-output>
        </test-method> <!-- addAnnouncement -->
        <test-method is-config="true" signature="afterMethod(org.testng.ITestResult)[pri:0, instance:TestScript.QALegendAnnouncementTest@5454d35e]" started-at="2024-12-23T12:33:49 IST" name="afterMethod" finished-at="2024-12-23T12:33:49 IST" duration-ms="129" status="PASS">
          <params>
            <param index="0">
              <value>
                <![CDATA[[TestResult name=addAnnouncement status=SUCCESS method=QALegendAnnouncementTest.addAnnouncement()[pri:0, instance:TestScript.QALegendAnnouncementTest@5454d35e] output={null}]]]>
              </value>
            </param>
          </params>
          <reporter-output>
          </reporter-output>
        </test-method> <!-- afterMethod -->
      </class> <!-- TestScript.QALegendAnnouncementTest -->
      <class name="TestScript.QALegendEditTeamMembersTest">
        <test-method is-config="true" signature="browserintialization()[pri:0, instance:TestScript.QALegendEditTeamMembersTest@4ddbbdf8]" started-at="2024-12-23T12:33:57 IST" name="browserintialization" finished-at="2024-12-23T12:33:59 IST" duration-ms="1808" status="PASS">
          <reporter-output>
          </reporter-output>
        </test-method> <!-- browserintialization -->
        <test-method signature="editTeamTestCases()[pri:0, instance:TestScript.QALegendEditTeamMembersTest@4ddbbdf8]" started-at="2024-12-23T12:33:59 IST" name="editTeamTestCases" finished-at="2024-12-23T12:34:01 IST" duration-ms="1838" status="PASS">
          <reporter-output>
          </reporter-output>
        </test-method> <!-- editTeamTestCases -->
        <test-method is-config="true" signature="afterMethod(org.testng.ITestResult)[pri:0, instance:TestScript.QALegendEditTeamMembersTest@4ddbbdf8]" started-at="2024-12-23T12:34:01 IST" name="afterMethod" finished-at="2024-12-23T12:34:01 IST" duration-ms="137" status="PASS">
          <params>
            <param index="0">
              <value>
                <![CDATA[[TestResult name=editTeamTestCases status=SUCCESS method=QALegendEditTeamMembersTest.editTeamTestCases()[pri:0, instance:TestScript.QALegendEditTeamMembersTest@4ddbbdf8] output={null}]]]>
              </value>
            </param>
          </params>
          <reporter-output>
          </reporter-output>
        </test-method> <!-- afterMethod -->
      </class> <!-- TestScript.QALegendEditTeamMembersTest -->
      <class name="TestScript.QALegendTeamMembersTest">
        <test-method is-config="true" signature="browserintialization()[pri:0, instance:TestScript.QALegendTeamMembersTest@455b6df1]" started-at="2024-12-23T12:33:53 IST" name="browserintialization" finished-at="2024-12-23T12:33:54 IST" duration-ms="1666" status="PASS">
          <reporter-output>
          </reporter-output>
        </test-method> <!-- browserintialization -->
        <test-method signature="addTeamMembers()[pri:0, instance:TestScript.QALegendTeamMembersTest@455b6df1]" started-at="2024-12-23T12:33:54 IST" name="addTeamMembers" finished-at="2024-12-23T12:33:57 IST" duration-ms="2718" status="PASS">
          <reporter-output>
          </reporter-output>
        </test-method> <!-- addTeamMembers -->
        <test-method is-config="true" signature="afterMethod(org.testng.ITestResult)[pri:0, instance:TestScript.QALegendTeamMembersTest@455b6df1]" started-at="2024-12-23T12:33:57 IST" name="afterMethod" finished-at="2024-12-23T12:33:57 IST" duration-ms="128" status="PASS">
          <params>
            <param index="0">
              <value>
                <![CDATA[[TestResult name=addTeamMembers status=SUCCESS method=QALegendTeamMembersTest.addTeamMembers()[pri:0, instance:TestScript.QALegendTeamMembersTest@455b6df1] output={null}]]]>
              </value>
            </param>
          </params>
          <reporter-output>
          </reporter-output>
        </test-method> <!-- afterMethod -->
      </class> <!-- TestScript.QALegendTeamMembersTest -->
    </test> <!-- Test -->
  </suite> <!-- Suite -->
</testng-results>
