<?xml version="1.0" encoding="UTF-8"?>
<testng-results ignored="0" total="5" passed="5" failed="0" skipped="0">
  <reporter-output>
  </reporter-output>
  <suite started-at="2025-01-03T21:31:43 IST" name="Suite" finished-at="2025-01-03T21:32:17 IST" duration-ms="33541">
    <groups>
    </groups>
    <test started-at="2025-01-03T21:31:43 IST" name="Test" finished-at="2025-01-03T21:32:17 IST" duration-ms="33541">
      <class name="TestScript.QALegendNoteTest">
        <test-method is-config="true" signature="browserintialization()[pri:0, instance:TestScript.QALegendNoteTest@68f4865]" started-at="2025-01-03T21:31:43 IST" name="browserintialization" finished-at="2025-01-03T21:31:45 IST" duration-ms="1798" status="PASS">
          <reporter-output>
          </reporter-output>
        </test-method> <!-- browserintialization -->
        <test-method signature="verifyAddNoteTest()[pri:0, instance:TestScript.QALegendNoteTest@68f4865]" started-at="2025-01-03T21:31:45 IST" name="verifyAddNoteTest" finished-at="2025-01-03T21:31:48 IST" duration-ms="3238" status="PASS">
          <reporter-output>
          </reporter-output>
        </test-method> <!-- verifyAddNoteTest -->
        <test-method is-config="true" signature="afterMethod(org.testng.ITestResult)[pri:0, instance:TestScript.QALegendNoteTest@68f4865]" started-at="2025-01-03T21:31:48 IST" name="afterMethod" finished-at="2025-01-03T21:31:48 IST" duration-ms="142" status="PASS">
          <params>
            <param index="0">
              <value>
                <![CDATA[[TestResult name=verifyAddNoteTest status=SUCCESS method=QALegendNoteTest.verifyAddNoteTest()[pri:0, instance:TestScript.QALegendNoteTest@68f4865] output={null}]]]>
              </value>
            </param>
          </params>
          <reporter-output>
          </reporter-output>
        </test-method> <!-- afterMethod -->
      </class> <!-- TestScript.QALegendNoteTest -->
      <class name="TestScript.QALegendClientsTest">
        <test-method is-config="true" signature="browserintialization()[pri:0, instance:TestScript.QALegendClientsTest@7fbdb894]" started-at="2025-01-03T21:31:48 IST" name="browserintialization" finished-at="2025-01-03T21:31:50 IST" duration-ms="1671" status="PASS">
          <reporter-output>
          </reporter-output>
        </test-method> <!-- browserintialization -->
        <test-method signature="verifyAddClient()[pri:0, instance:TestScript.QALegendClientsTest@7fbdb894]" started-at="2025-01-03T21:31:50 IST" name="verifyAddClient" finished-at="2025-01-03T21:31:54 IST" duration-ms="3646" status="PASS">
          <reporter-output>
          </reporter-output>
        </test-method> <!-- verifyAddClient -->
        <test-method is-config="true" signature="afterMethod(org.testng.ITestResult)[pri:0, instance:TestScript.QALegendClientsTest@7fbdb894]" started-at="2025-01-03T21:31:54 IST" name="afterMethod" finished-at="2025-01-03T21:31:54 IST" duration-ms="118" status="PASS">
          <params>
            <param index="0">
              <value>
                <![CDATA[[TestResult name=verifyAddClient status=SUCCESS method=QALegendClientsTest.verifyAddClient()[pri:0, instance:TestScript.QALegendClientsTest@7fbdb894] output={null}]]]>
              </value>
            </param>
          </params>
          <reporter-output>
          </reporter-output>
        </test-method> <!-- afterMethod -->
        <test-method is-config="true" signature="browserintialization()[pri:0, instance:TestScript.QALegendClientsTest@7fbdb894]" started-at="2025-01-03T21:31:54 IST" name="browserintialization" finished-at="2025-01-03T21:31:55 IST" duration-ms="1570" status="PASS">
          <reporter-output>
          </reporter-output>
        </test-method> <!-- browserintialization -->
        <test-method signature="verifyEditClient()[pri:0, instance:TestScript.QALegendClientsTest@7fbdb894]" started-at="2025-01-03T21:31:55 IST" name="verifyEditClient" finished-at="2025-01-03T21:32:01 IST" duration-ms="5694" status="PASS">
          <reporter-output>
          </reporter-output>
        </test-method> <!-- verifyEditClient -->
        <test-method is-config="true" signature="afterMethod(org.testng.ITestResult)[pri:0, instance:TestScript.QALegendClientsTest@7fbdb894]" started-at="2025-01-03T21:32:01 IST" name="afterMethod" finished-at="2025-01-03T21:32:01 IST" duration-ms="99" status="PASS">
          <params>
            <param index="0">
              <value>
                <![CDATA[[TestResult name=verifyEditClient status=SUCCESS method=QALegendClientsTest.verifyEditClient()[pri:0, instance:TestScript.QALegendClientsTest@7fbdb894] output={null}]]]>
              </value>
            </param>
          </params>
          <reporter-output>
          </reporter-output>
        </test-method> <!-- afterMethod -->
      </class> <!-- TestScript.QALegendClientsTest -->
      <class name="TestScript.QALegendTicketTest">
        <test-method is-config="true" signature="browserintialization()[pri:0, instance:TestScript.QALegendTicketTest@3081f72c]" started-at="2025-01-03T21:32:01 IST" name="browserintialization" finished-at="2025-01-03T21:32:03 IST" duration-ms="1529" status="PASS">
          <reporter-output>
          </reporter-output>
        </test-method> <!-- browserintialization -->
        <test-method signature="verifyTicketAssignment()[pri:0, instance:TestScript.QALegendTicketTest@3081f72c]" started-at="2025-01-03T21:32:03 IST" name="verifyTicketAssignment" finished-at="2025-01-03T21:32:08 IST" duration-ms="5004" status="PASS">
          <reporter-output>
          </reporter-output>
        </test-method> <!-- verifyTicketAssignment -->
        <test-method is-config="true" signature="afterMethod(org.testng.ITestResult)[pri:0, instance:TestScript.QALegendTicketTest@3081f72c]" started-at="2025-01-03T21:32:08 IST" name="afterMethod" finished-at="2025-01-03T21:32:08 IST" duration-ms="140" status="PASS">
          <params>
            <param index="0">
              <value>
                <![CDATA[[TestResult name=verifyTicketAssignment status=SUCCESS method=QALegendTicketTest.verifyTicketAssignment()[pri:0, instance:TestScript.QALegendTicketTest@3081f72c] output={null}]]]>
              </value>
            </param>
          </params>
          <reporter-output>
          </reporter-output>
        </test-method> <!-- afterMethod -->
        <test-method is-config="true" signature="browserintialization()[pri:0, instance:TestScript.QALegendTicketTest@3081f72c]" started-at="2025-01-03T21:32:08 IST" name="browserintialization" finished-at="2025-01-03T21:32:09 IST" duration-ms="1470" status="PASS">
          <reporter-output>
          </reporter-output>
        </test-method> <!-- browserintialization -->
        <test-method signature="verifyTicketMarkedAsClosed()[pri:0, instance:TestScript.QALegendTicketTest@3081f72c]" started-at="2025-01-03T21:32:09 IST" name="verifyTicketMarkedAsClosed" finished-at="2025-01-03T21:32:17 IST" duration-ms="7276" status="PASS">
          <reporter-output>
          </reporter-output>
        </test-method> <!-- verifyTicketMarkedAsClosed -->
        <test-method is-config="true" signature="afterMethod(org.testng.ITestResult)[pri:0, instance:TestScript.QALegendTicketTest@3081f72c]" started-at="2025-01-03T21:32:17 IST" name="afterMethod" finished-at="2025-01-03T21:32:17 IST" duration-ms="114" status="PASS">
          <params>
            <param index="0">
              <value>
                <![CDATA[[TestResult name=verifyTicketMarkedAsClosed status=SUCCESS method=QALegendTicketTest.verifyTicketMarkedAsClosed()[pri:0, instance:TestScript.QALegendTicketTest@3081f72c] output={null}]]]>
              </value>
            </param>
          </params>
          <reporter-output>
          </reporter-output>
        </test-method> <!-- afterMethod -->
      </class> <!-- TestScript.QALegendTicketTest -->
    </test> <!-- Test -->
  </suite> <!-- Suite -->
</testng-results>
