<?xml version="1.0" encoding="UTF-8"?>
<testng-results retried="3" ignored="3" total="21" passed="14" failed="1" skipped="0">
  <reporter-output>
  </reporter-output>
  <suite started-at="2025-01-01T23:25:29 IST" name="Suite" finished-at="2025-01-01T23:27:07 IST" duration-ms="98065">
    <groups>
      <group name="Sanity">
        <method signature="QALegendTeamMembersTest.addTeamMembers()[pri:0, instance:TestScript.QALegendTeamMembersTest@1ab06251]" name="addTeamMembers" class="TestScript.QALegendTeamMembersTest"/>
      </group> <!-- Sanity -->
      <group name="Regression">
        <method signature="QALegendClientsTest.addClients()[pri:0, instance:TestScript.QALegendClientsTest@5454d35e]" name="addClients" class="TestScript.QALegendClientsTest"/>
      </group> <!-- Regression -->
      <group name="smoke">
        <method signature="QALegendAnnouncementTest.addAnnouncement()[pri:0, instance:TestScript.QALegendAnnouncementTest@4ddbbdf8]" name="addAnnouncement" class="TestScript.QALegendAnnouncementTest"/>
        <method signature="QALegendEditTeamMembersTest.editTeamTestCases()[pri:0, instance:TestScript.QALegendEditTeamMembersTest@41ab013]" name="editTeamTestCases" class="TestScript.QALegendEditTeamMembersTest"/>
        <method signature="QALegendEventTest.addEvent()[pri:0, instance:TestScript.QALegendEventTest@10f7f7de]" name="addEvent" class="TestScript.QALegendEventTest"/>
        <method signature="QALegendMessageTest.verifyComposeMessage()[pri:0, instance:TestScript.QALegendMessageTest@768fc0f2]" name="verifyComposeMessage" class="TestScript.QALegendMessageTest"/>
        <method signature="QALegendNoteTest.addNoteTest()[pri:0, instance:TestScript.QALegendNoteTest@71329995]" name="addNoteTest" class="TestScript.QALegendNoteTest"/>
        <method signature="QALegendTicketTest.verifyTicketAssignment()[pri:0, instance:TestScript.QALegendTicketTest@14bee915]" name="verifyTicketAssignment" class="TestScript.QALegendTicketTest"/>
      </group> <!-- smoke -->
    </groups>
    <test started-at="2025-01-01T23:25:29 IST" name="Test" finished-at="2025-01-01T23:27:07 IST" duration-ms="98065">
      <class name="TestScript.QALegendNoteTest">
        <test-method is-config="true" signature="browserintialization()[pri:0, instance:TestScript.QALegendNoteTest@71329995]" started-at="2025-01-01T23:25:39 IST" name="browserintialization" finished-at="2025-01-01T23:25:40 IST" duration-ms="1203" status="PASS">
          <reporter-output>
          </reporter-output>
        </test-method> <!-- browserintialization -->
        <test-method retried="true" signature="addNoteTest()[pri:0, instance:TestScript.QALegendNoteTest@71329995]" started-at="2025-01-01T23:25:40 IST" name="addNoteTest" finished-at="2025-01-01T23:25:44 IST" duration-ms="3613" status="SKIP">
          <exception class="org.openqa.selenium.ElementClickInterceptedException">
            <message>
              <![CDATA[element click intercepted: Element <input type="search" class="" placeholder="Search" aria-controls="note-table"> is not clickable at point (900, 156). Other element would receive the click: <div class="modal in" id="ajaxModal" tabindex="-1" role="dialog" aria-labelledby="ajaxModal" aria-hidden="true" style="display: block;">...</div>
  (Session info: chrome=131.0.6778.205)
Build info: version: '4.25.0', revision: '8a8aea2337'
System info: os.name: 'Windows 11', os.arch: 'amd64', os.version: '10.0', java.version: '22.0.2'
Driver info: org.openqa.selenium.chrome.ChromeDriver
Command: [0966361ada662494ee18ca4e31a3254a, clickElement {id=f.508335472329F808563F57F9912137DB.d.45664113806C0B2574FA821FAAD77AB5.e.40}]
Capabilities {acceptInsecureCerts: false, browserName: chrome, browserVersion: 131.0.6778.205, chrome: {chromedriverVersion: 131.0.6778.204 (52183f9e99a..., userDataDir: C:\Users\hanzh\AppData\Loca...}, fedcm:accounts: true, goog:chromeOptions: {debuggerAddress: localhost:62564}, networkConnectionEnabled: false, pageLoadStrategy: normal, platformName: windows, proxy: Proxy(), se:cdp: ws://localhost:62564/devtoo..., se:cdpVersion: 131.0.6778.205, setWindowRect: true, strictFileInteractability: false, timeouts: {implicit: 0, pageLoad: 300000, script: 30000}, unhandledPromptBehavior: dismiss and notify, webauthn:extension:credBlob: true, webauthn:extension:largeBlob: true, webauthn:extension:minPinLength: true, webauthn:extension:prf: true, webauthn:virtualAuthenticators: true}
Element: [[ChromeDriver: chrome on windows (0966361ada662494ee18ca4e31a3254a)] -> xpath: //div[@id='note-table_filter']//descendant::input]
Session ID: 0966361ada662494ee18ca4e31a3254a]]>
            </message>
            <full-stacktrace>
              <![CDATA[org.openqa.selenium.ElementClickInterceptedException: element click intercepted: Element <input type="search" class="" placeholder="Search" aria-controls="note-table"> is not clickable at point (900, 156). Other element would receive the click: <div class="modal in" id="ajaxModal" tabindex="-1" role="dialog" aria-labelledby="ajaxModal" aria-hidden="true" style="display: block;">...</div>
  (Session info: chrome=131.0.6778.205)
Build info: version: '4.25.0', revision: '8a8aea2337'
System info: os.name: 'Windows 11', os.arch: 'amd64', os.version: '10.0', java.version: '22.0.2'
Driver info: org.openqa.selenium.chrome.ChromeDriver
Command: [0966361ada662494ee18ca4e31a3254a, clickElement {id=f.508335472329F808563F57F9912137DB.d.45664113806C0B2574FA821FAAD77AB5.e.40}]
Capabilities {acceptInsecureCerts: false, browserName: chrome, browserVersion: 131.0.6778.205, chrome: {chromedriverVersion: 131.0.6778.204 (52183f9e99a..., userDataDir: C:\Users\hanzh\AppData\Loca...}, fedcm:accounts: true, goog:chromeOptions: {debuggerAddress: localhost:62564}, networkConnectionEnabled: false, pageLoadStrategy: normal, platformName: windows, proxy: Proxy(), se:cdp: ws://localhost:62564/devtoo..., se:cdpVersion: 131.0.6778.205, setWindowRect: true, strictFileInteractability: false, timeouts: {implicit: 0, pageLoad: 300000, script: 30000}, unhandledPromptBehavior: dismiss and notify, webauthn:extension:credBlob: true, webauthn:extension:largeBlob: true, webauthn:extension:minPinLength: true, webauthn:extension:prf: true, webauthn:virtualAuthenticators: true}
Element: [[ChromeDriver: chrome on windows (0966361ada662494ee18ca4e31a3254a)] -> xpath: //div[@id='note-table_filter']//descendant::input]
Session ID: 0966361ada662494ee18ca4e31a3254a
at java.base/jdk.internal.reflect.DirectConstructorHandleAccessor.newInstance(DirectConstructorHandleAccessor.java:62)
at java.base/java.lang.reflect.Constructor.newInstanceWithCaller(Constructor.java:502)
at java.base/java.lang.reflect.Constructor.newInstance(Constructor.java:486)
at org.openqa.selenium.remote.ErrorCodec.decode(ErrorCodec.java:167)
at org.openqa.selenium.remote.codec.w3c.W3CHttpResponseCodec.decode(W3CHttpResponseCodec.java:138)
at org.openqa.selenium.remote.codec.w3c.W3CHttpResponseCodec.decode(W3CHttpResponseCodec.java:50)
at org.openqa.selenium.remote.HttpCommandExecutor.execute(HttpCommandExecutor.java:190)
at org.openqa.selenium.remote.service.DriverCommandExecutor.invokeExecute(DriverCommandExecutor.java:216)
at org.openqa.selenium.remote.service.DriverCommandExecutor.execute(DriverCommandExecutor.java:174)
at org.openqa.selenium.remote.RemoteWebDriver.execute(RemoteWebDriver.java:545)
at org.openqa.selenium.remote.RemoteWebElement.execute(RemoteWebElement.java:223)
at org.openqa.selenium.remote.RemoteWebElement.click(RemoteWebElement.java:76)
at java.base/jdk.internal.reflect.DirectMethodHandleAccessor.invoke(DirectMethodHandleAccessor.java:103)
at java.base/java.lang.reflect.Method.invoke(Method.java:580)
at org.openqa.selenium.support.pagefactory.internal.LocatingElementHandler.invoke(LocatingElementHandler.java:51)
at jdk.proxy2/jdk.proxy2.$Proxy12.click(Unknown Source)
at PageClasses.QALegendNotePage.searchNoteAdded(QALegendNotePage.java:58)
at TestScript.QALegendNoteTest.addNoteTest(QALegendNoteTest.java:22)
at java.base/jdk.internal.reflect.DirectMethodHandleAccessor.invoke(DirectMethodHandleAccessor.java:103)
at java.base/java.lang.reflect.Method.invoke(Method.java:580)
at org.testng.internal.invokers.MethodInvocationHelper.invokeMethod(MethodInvocationHelper.java:141)
at org.testng.internal.invokers.TestInvoker.invokeMethod(TestInvoker.java:686)
at org.testng.internal.invokers.TestInvoker.invokeTestMethod(TestInvoker.java:230)
at org.testng.internal.invokers.MethodRunner.runInSequence(MethodRunner.java:63)
at org.testng.internal.invokers.TestInvoker$MethodInvocationAgent.invoke(TestInvoker.java:992)
at org.testng.internal.invokers.TestInvoker.invokeTestMethods(TestInvoker.java:203)
at org.testng.internal.invokers.TestMethodWorker.invokeTestMethods(TestMethodWorker.java:154)
at org.testng.internal.invokers.TestMethodWorker.run(TestMethodWorker.java:134)
at java.base/java.util.ArrayList.forEach(ArrayList.java:1597)
at org.testng.TestRunner.privateRun(TestRunner.java:739)
at org.testng.TestRunner.run(TestRunner.java:614)
at org.testng.SuiteRunner.runTest(SuiteRunner.java:421)
at org.testng.SuiteRunner.runSequentially(SuiteRunner.java:413)
at org.testng.SuiteRunner.privateRun(SuiteRunner.java:373)
at org.testng.SuiteRunner.run(SuiteRunner.java:312)
at org.testng.SuiteRunnerWorker.runSuite(SuiteRunnerWorker.java:52)
at org.testng.SuiteRunnerWorker.run(SuiteRunnerWorker.java:95)
at org.testng.TestNG.runSuitesSequentially(TestNG.java:1274)
at org.testng.TestNG.runSuitesLocally(TestNG.java:1208)
at org.testng.TestNG.runSuites(TestNG.java:1112)
at org.testng.TestNG.run(TestNG.java:1079)
at org.testng.remote.AbstractRemoteTestNG.run(AbstractRemoteTestNG.java:115)
at org.testng.remote.RemoteTestNG.initAndRun(RemoteTestNG.java:293)
at org.testng.remote.RemoteTestNG.main(RemoteTestNG.java:91)
]]>
            </full-stacktrace>
          </exception> <!-- org.openqa.selenium.ElementClickInterceptedException -->
          <reporter-output>
          </reporter-output>
        </test-method> <!-- addNoteTest -->
        <test-method is-config="true" signature="afterMethod(org.testng.ITestResult)[pri:0, instance:TestScript.QALegendNoteTest@71329995]" started-at="2025-01-01T23:25:44 IST" name="afterMethod" finished-at="2025-01-01T23:25:44 IST" duration-ms="134" status="PASS">
          <params>
            <param index="0">
              <value>
                <![CDATA[[TestResult name=addNoteTest status=SKIP method=QALegendNoteTest.addNoteTest()[pri:0, instance:TestScript.QALegendNoteTest@71329995] output={null}]]]>
              </value>
            </param>
          </params>
          <reporter-output>
          </reporter-output>
        </test-method> <!-- afterMethod -->
        <test-method is-config="true" signature="browserintialization()[pri:0, instance:TestScript.QALegendNoteTest@71329995]" started-at="2025-01-01T23:25:44 IST" name="browserintialization" finished-at="2025-01-01T23:25:46 IST" duration-ms="1761" status="PASS">
          <reporter-output>
          </reporter-output>
        </test-method> <!-- browserintialization -->
        <test-method retried="true" signature="addNoteTest()[pri:0, instance:TestScript.QALegendNoteTest@71329995]" started-at="2025-01-01T23:25:46 IST" name="addNoteTest" finished-at="2025-01-01T23:25:49 IST" duration-ms="3072" status="SKIP">
          <exception class="org.openqa.selenium.ElementClickInterceptedException">
            <message>
              <![CDATA[element click intercepted: Element <input type="search" class="" placeholder="Search" aria-controls="note-table"> is not clickable at point (900, 156). Other element would receive the click: <div class="modal in" id="ajaxModal" tabindex="-1" role="dialog" aria-labelledby="ajaxModal" aria-hidden="true" style="display: block;">...</div>
  (Session info: chrome=131.0.6778.205)
Build info: version: '4.25.0', revision: '8a8aea2337'
System info: os.name: 'Windows 11', os.arch: 'amd64', os.version: '10.0', java.version: '22.0.2'
Driver info: org.openqa.selenium.chrome.ChromeDriver
Command: [132e5576181408112431bf1286c4d11d, clickElement {id=f.12AEB1CDD89E689EBD0C85E737F7C043.d.191232F4F05815930D3BCB3B85EAE164.e.56}]
Capabilities {acceptInsecureCerts: false, browserName: chrome, browserVersion: 131.0.6778.205, chrome: {chromedriverVersion: 131.0.6778.204 (52183f9e99a..., userDataDir: C:\Users\hanzh\AppData\Loca...}, fedcm:accounts: true, goog:chromeOptions: {debuggerAddress: localhost:62583}, networkConnectionEnabled: false, pageLoadStrategy: normal, platformName: windows, proxy: Proxy(), se:cdp: ws://localhost:62583/devtoo..., se:cdpVersion: 131.0.6778.205, setWindowRect: true, strictFileInteractability: false, timeouts: {implicit: 0, pageLoad: 300000, script: 30000}, unhandledPromptBehavior: dismiss and notify, webauthn:extension:credBlob: true, webauthn:extension:largeBlob: true, webauthn:extension:minPinLength: true, webauthn:extension:prf: true, webauthn:virtualAuthenticators: true}
Element: [[ChromeDriver: chrome on windows (132e5576181408112431bf1286c4d11d)] -> xpath: //div[@id='note-table_filter']//descendant::input]
Session ID: 132e5576181408112431bf1286c4d11d]]>
            </message>
            <full-stacktrace>
              <![CDATA[org.openqa.selenium.ElementClickInterceptedException: element click intercepted: Element <input type="search" class="" placeholder="Search" aria-controls="note-table"> is not clickable at point (900, 156). Other element would receive the click: <div class="modal in" id="ajaxModal" tabindex="-1" role="dialog" aria-labelledby="ajaxModal" aria-hidden="true" style="display: block;">...</div>
  (Session info: chrome=131.0.6778.205)
Build info: version: '4.25.0', revision: '8a8aea2337'
System info: os.name: 'Windows 11', os.arch: 'amd64', os.version: '10.0', java.version: '22.0.2'
Driver info: org.openqa.selenium.chrome.ChromeDriver
Command: [132e5576181408112431bf1286c4d11d, clickElement {id=f.12AEB1CDD89E689EBD0C85E737F7C043.d.191232F4F05815930D3BCB3B85EAE164.e.56}]
Capabilities {acceptInsecureCerts: false, browserName: chrome, browserVersion: 131.0.6778.205, chrome: {chromedriverVersion: 131.0.6778.204 (52183f9e99a..., userDataDir: C:\Users\hanzh\AppData\Loca...}, fedcm:accounts: true, goog:chromeOptions: {debuggerAddress: localhost:62583}, networkConnectionEnabled: false, pageLoadStrategy: normal, platformName: windows, proxy: Proxy(), se:cdp: ws://localhost:62583/devtoo..., se:cdpVersion: 131.0.6778.205, setWindowRect: true, strictFileInteractability: false, timeouts: {implicit: 0, pageLoad: 300000, script: 30000}, unhandledPromptBehavior: dismiss and notify, webauthn:extension:credBlob: true, webauthn:extension:largeBlob: true, webauthn:extension:minPinLength: true, webauthn:extension:prf: true, webauthn:virtualAuthenticators: true}
Element: [[ChromeDriver: chrome on windows (132e5576181408112431bf1286c4d11d)] -> xpath: //div[@id='note-table_filter']//descendant::input]
Session ID: 132e5576181408112431bf1286c4d11d
at java.base/jdk.internal.reflect.DirectConstructorHandleAccessor.newInstance(DirectConstructorHandleAccessor.java:62)
at java.base/java.lang.reflect.Constructor.newInstanceWithCaller(Constructor.java:502)
at java.base/java.lang.reflect.Constructor.newInstance(Constructor.java:486)
at org.openqa.selenium.remote.ErrorCodec.decode(ErrorCodec.java:167)
at org.openqa.selenium.remote.codec.w3c.W3CHttpResponseCodec.decode(W3CHttpResponseCodec.java:138)
at org.openqa.selenium.remote.codec.w3c.W3CHttpResponseCodec.decode(W3CHttpResponseCodec.java:50)
at org.openqa.selenium.remote.HttpCommandExecutor.execute(HttpCommandExecutor.java:190)
at org.openqa.selenium.remote.service.DriverCommandExecutor.invokeExecute(DriverCommandExecutor.java:216)
at org.openqa.selenium.remote.service.DriverCommandExecutor.execute(DriverCommandExecutor.java:174)
at org.openqa.selenium.remote.RemoteWebDriver.execute(RemoteWebDriver.java:545)
at org.openqa.selenium.remote.RemoteWebElement.execute(RemoteWebElement.java:223)
at org.openqa.selenium.remote.RemoteWebElement.click(RemoteWebElement.java:76)
at java.base/jdk.internal.reflect.DirectMethodHandleAccessor.invoke(DirectMethodHandleAccessor.java:103)
at java.base/java.lang.reflect.Method.invoke(Method.java:580)
at org.openqa.selenium.support.pagefactory.internal.LocatingElementHandler.invoke(LocatingElementHandler.java:51)
at jdk.proxy2/jdk.proxy2.$Proxy12.click(Unknown Source)
at PageClasses.QALegendNotePage.searchNoteAdded(QALegendNotePage.java:58)
at TestScript.QALegendNoteTest.addNoteTest(QALegendNoteTest.java:22)
at java.base/jdk.internal.reflect.DirectMethodHandleAccessor.invoke(DirectMethodHandleAccessor.java:103)
at java.base/java.lang.reflect.Method.invoke(Method.java:580)
at org.testng.internal.invokers.MethodInvocationHelper.invokeMethod(MethodInvocationHelper.java:141)
at org.testng.internal.invokers.TestInvoker.invokeMethod(TestInvoker.java:686)
at org.testng.internal.invokers.TestInvoker.retryFailed(TestInvoker.java:269)
at org.testng.internal.invokers.MethodRunner.runInSequence(MethodRunner.java:76)
at org.testng.internal.invokers.TestInvoker$MethodInvocationAgent.invoke(TestInvoker.java:992)
at org.testng.internal.invokers.TestInvoker.invokeTestMethods(TestInvoker.java:203)
at org.testng.internal.invokers.TestMethodWorker.invokeTestMethods(TestMethodWorker.java:154)
at org.testng.internal.invokers.TestMethodWorker.run(TestMethodWorker.java:134)
at java.base/java.util.ArrayList.forEach(ArrayList.java:1597)
at org.testng.TestRunner.privateRun(TestRunner.java:739)
at org.testng.TestRunner.run(TestRunner.java:614)
at org.testng.SuiteRunner.runTest(SuiteRunner.java:421)
at org.testng.SuiteRunner.runSequentially(SuiteRunner.java:413)
at org.testng.SuiteRunner.privateRun(SuiteRunner.java:373)
at org.testng.SuiteRunner.run(SuiteRunner.java:312)
at org.testng.SuiteRunnerWorker.runSuite(SuiteRunnerWorker.java:52)
at org.testng.SuiteRunnerWorker.run(SuiteRunnerWorker.java:95)
at org.testng.TestNG.runSuitesSequentially(TestNG.java:1274)
at org.testng.TestNG.runSuitesLocally(TestNG.java:1208)
at org.testng.TestNG.runSuites(TestNG.java:1112)
at org.testng.TestNG.run(TestNG.java:1079)
at org.testng.remote.AbstractRemoteTestNG.run(AbstractRemoteTestNG.java:115)
at org.testng.remote.RemoteTestNG.initAndRun(RemoteTestNG.java:293)
at org.testng.remote.RemoteTestNG.main(RemoteTestNG.java:91)
]]>
            </full-stacktrace>
          </exception> <!-- org.openqa.selenium.ElementClickInterceptedException -->
          <reporter-output>
          </reporter-output>
        </test-method> <!-- addNoteTest -->
        <test-method is-config="true" signature="afterMethod(org.testng.ITestResult)[pri:0, instance:TestScript.QALegendNoteTest@71329995]" started-at="2025-01-01T23:25:49 IST" name="afterMethod" finished-at="2025-01-01T23:25:49 IST" duration-ms="127" status="PASS">
          <params>
            <param index="0">
              <value>
                <![CDATA[[TestResult name=addNoteTest status=SKIP method=QALegendNoteTest.addNoteTest()[pri:0, instance:TestScript.QALegendNoteTest@71329995] output={null}]]]>
              </value>
            </param>
          </params>
          <reporter-output>
          </reporter-output>
        </test-method> <!-- afterMethod -->
        <test-method is-config="true" signature="browserintialization()[pri:0, instance:TestScript.QALegendNoteTest@71329995]" started-at="2025-01-01T23:25:49 IST" name="browserintialization" finished-at="2025-01-01T23:25:50 IST" duration-ms="1297" status="PASS">
          <reporter-output>
          </reporter-output>
        </test-method> <!-- browserintialization -->
        <test-method signature="addNoteTest()[pri:0, instance:TestScript.QALegendNoteTest@71329995]" started-at="2025-01-01T23:25:50 IST" name="addNoteTest" finished-at="2025-01-01T23:25:54 IST" duration-ms="3909" status="FAIL">
          <exception class="org.openqa.selenium.ElementClickInterceptedException">
            <message>
              <![CDATA[element click intercepted: Element <input type="search" class="" placeholder="Search" aria-controls="note-table"> is not clickable at point (900, 156). Other element would receive the click: <div class="modal in" id="ajaxModal" tabindex="-1" role="dialog" aria-labelledby="ajaxModal" aria-hidden="true" style="display: block;">...</div>
  (Session info: chrome=131.0.6778.205)
Build info: version: '4.25.0', revision: '8a8aea2337'
System info: os.name: 'Windows 11', os.arch: 'amd64', os.version: '10.0', java.version: '22.0.2'
Driver info: org.openqa.selenium.chrome.ChromeDriver
Command: [f279a22b2bbca3a13b9a914bdb5f46fe, clickElement {id=f.8CF439D0FE649DB5FB4DE40853698C53.d.88EB360BFEB1F039C9A5E2C3F9D94488.e.55}]
Capabilities {acceptInsecureCerts: false, browserName: chrome, browserVersion: 131.0.6778.205, chrome: {chromedriverVersion: 131.0.6778.204 (52183f9e99a..., userDataDir: C:\Users\hanzh\AppData\Loca...}, fedcm:accounts: true, goog:chromeOptions: {debuggerAddress: localhost:62612}, networkConnectionEnabled: false, pageLoadStrategy: normal, platformName: windows, proxy: Proxy(), se:cdp: ws://localhost:62612/devtoo..., se:cdpVersion: 131.0.6778.205, setWindowRect: true, strictFileInteractability: false, timeouts: {implicit: 0, pageLoad: 300000, script: 30000}, unhandledPromptBehavior: dismiss and notify, webauthn:extension:credBlob: true, webauthn:extension:largeBlob: true, webauthn:extension:minPinLength: true, webauthn:extension:prf: true, webauthn:virtualAuthenticators: true}
Element: [[ChromeDriver: chrome on windows (f279a22b2bbca3a13b9a914bdb5f46fe)] -> xpath: //div[@id='note-table_filter']//descendant::input]
Session ID: f279a22b2bbca3a13b9a914bdb5f46fe]]>
            </message>
            <full-stacktrace>
              <![CDATA[org.openqa.selenium.ElementClickInterceptedException: element click intercepted: Element <input type="search" class="" placeholder="Search" aria-controls="note-table"> is not clickable at point (900, 156). Other element would receive the click: <div class="modal in" id="ajaxModal" tabindex="-1" role="dialog" aria-labelledby="ajaxModal" aria-hidden="true" style="display: block;">...</div>
  (Session info: chrome=131.0.6778.205)
Build info: version: '4.25.0', revision: '8a8aea2337'
System info: os.name: 'Windows 11', os.arch: 'amd64', os.version: '10.0', java.version: '22.0.2'
Driver info: org.openqa.selenium.chrome.ChromeDriver
Command: [f279a22b2bbca3a13b9a914bdb5f46fe, clickElement {id=f.8CF439D0FE649DB5FB4DE40853698C53.d.88EB360BFEB1F039C9A5E2C3F9D94488.e.55}]
Capabilities {acceptInsecureCerts: false, browserName: chrome, browserVersion: 131.0.6778.205, chrome: {chromedriverVersion: 131.0.6778.204 (52183f9e99a..., userDataDir: C:\Users\hanzh\AppData\Loca...}, fedcm:accounts: true, goog:chromeOptions: {debuggerAddress: localhost:62612}, networkConnectionEnabled: false, pageLoadStrategy: normal, platformName: windows, proxy: Proxy(), se:cdp: ws://localhost:62612/devtoo..., se:cdpVersion: 131.0.6778.205, setWindowRect: true, strictFileInteractability: false, timeouts: {implicit: 0, pageLoad: 300000, script: 30000}, unhandledPromptBehavior: dismiss and notify, webauthn:extension:credBlob: true, webauthn:extension:largeBlob: true, webauthn:extension:minPinLength: true, webauthn:extension:prf: true, webauthn:virtualAuthenticators: true}
Element: [[ChromeDriver: chrome on windows (f279a22b2bbca3a13b9a914bdb5f46fe)] -> xpath: //div[@id='note-table_filter']//descendant::input]
Session ID: f279a22b2bbca3a13b9a914bdb5f46fe
at java.base/jdk.internal.reflect.DirectConstructorHandleAccessor.newInstance(DirectConstructorHandleAccessor.java:62)
at java.base/java.lang.reflect.Constructor.newInstanceWithCaller(Constructor.java:502)
at java.base/java.lang.reflect.Constructor.newInstance(Constructor.java:486)
at org.openqa.selenium.remote.ErrorCodec.decode(ErrorCodec.java:167)
at org.openqa.selenium.remote.codec.w3c.W3CHttpResponseCodec.decode(W3CHttpResponseCodec.java:138)
at org.openqa.selenium.remote.codec.w3c.W3CHttpResponseCodec.decode(W3CHttpResponseCodec.java:50)
at org.openqa.selenium.remote.HttpCommandExecutor.execute(HttpCommandExecutor.java:190)
at org.openqa.selenium.remote.service.DriverCommandExecutor.invokeExecute(DriverCommandExecutor.java:216)
at org.openqa.selenium.remote.service.DriverCommandExecutor.execute(DriverCommandExecutor.java:174)
at org.openqa.selenium.remote.RemoteWebDriver.execute(RemoteWebDriver.java:545)
at org.openqa.selenium.remote.RemoteWebElement.execute(RemoteWebElement.java:223)
at org.openqa.selenium.remote.RemoteWebElement.click(RemoteWebElement.java:76)
at java.base/jdk.internal.reflect.DirectMethodHandleAccessor.invoke(DirectMethodHandleAccessor.java:103)
at java.base/java.lang.reflect.Method.invoke(Method.java:580)
at org.openqa.selenium.support.pagefactory.internal.LocatingElementHandler.invoke(LocatingElementHandler.java:51)
at jdk.proxy2/jdk.proxy2.$Proxy12.click(Unknown Source)
at PageClasses.QALegendNotePage.searchNoteAdded(QALegendNotePage.java:58)
at TestScript.QALegendNoteTest.addNoteTest(QALegendNoteTest.java:22)
at java.base/jdk.internal.reflect.DirectMethodHandleAccessor.invoke(DirectMethodHandleAccessor.java:103)
at java.base/java.lang.reflect.Method.invoke(Method.java:580)
at org.testng.internal.invokers.MethodInvocationHelper.invokeMethod(MethodInvocationHelper.java:141)
at org.testng.internal.invokers.TestInvoker.invokeMethod(TestInvoker.java:686)
at org.testng.internal.invokers.TestInvoker.retryFailed(TestInvoker.java:269)
at org.testng.internal.invokers.MethodRunner.runInSequence(MethodRunner.java:76)
at org.testng.internal.invokers.TestInvoker$MethodInvocationAgent.invoke(TestInvoker.java:992)
at org.testng.internal.invokers.TestInvoker.invokeTestMethods(TestInvoker.java:203)
at org.testng.internal.invokers.TestMethodWorker.invokeTestMethods(TestMethodWorker.java:154)
at org.testng.internal.invokers.TestMethodWorker.run(TestMethodWorker.java:134)
at java.base/java.util.ArrayList.forEach(ArrayList.java:1597)
at org.testng.TestRunner.privateRun(TestRunner.java:739)
at org.testng.TestRunner.run(TestRunner.java:614)
at org.testng.SuiteRunner.runTest(SuiteRunner.java:421)
at org.testng.SuiteRunner.runSequentially(SuiteRunner.java:413)
at org.testng.SuiteRunner.privateRun(SuiteRunner.java:373)
at org.testng.SuiteRunner.run(SuiteRunner.java:312)
at org.testng.SuiteRunnerWorker.runSuite(SuiteRunnerWorker.java:52)
at org.testng.SuiteRunnerWorker.run(SuiteRunnerWorker.java:95)
at org.testng.TestNG.runSuitesSequentially(TestNG.java:1274)
at org.testng.TestNG.runSuitesLocally(TestNG.java:1208)
at org.testng.TestNG.runSuites(TestNG.java:1112)
at org.testng.TestNG.run(TestNG.java:1079)
at org.testng.remote.AbstractRemoteTestNG.run(AbstractRemoteTestNG.java:115)
at org.testng.remote.RemoteTestNG.initAndRun(RemoteTestNG.java:293)
at org.testng.remote.RemoteTestNG.main(RemoteTestNG.java:91)
]]>
            </full-stacktrace>
          </exception> <!-- org.openqa.selenium.ElementClickInterceptedException -->
          <reporter-output>
          </reporter-output>
        </test-method> <!-- addNoteTest -->
        <test-method is-config="true" signature="afterMethod(org.testng.ITestResult)[pri:0, instance:TestScript.QALegendNoteTest@71329995]" started-at="2025-01-01T23:25:54 IST" name="afterMethod" finished-at="2025-01-01T23:25:55 IST" duration-ms="298" status="PASS">
          <params>
            <param index="0">
              <value>
                <![CDATA[[TestResult name=addNoteTest status=FAILURE method=QALegendNoteTest.addNoteTest()[pri:0, instance:TestScript.QALegendNoteTest@71329995] output={null}]]]>
              </value>
            </param>
          </params>
          <reporter-output>
          </reporter-output>
        </test-method> <!-- afterMethod -->
      </class> <!-- TestScript.QALegendNoteTest -->
      <class name="TestScript.QALegendLoginTest">
        <test-method is-config="true" signature="browserintialization()[pri:0, instance:TestScript.QALegendLoginTest@1115ec15]" started-at="2025-01-01T23:27:00 IST" name="browserintialization" finished-at="2025-01-01T23:27:02 IST" duration-ms="2475" status="PASS">
          <reporter-output>
          </reporter-output>
        </test-method> <!-- browserintialization -->
        <test-method signature="checkValidLogin()[pri:0, instance:TestScript.QALegendLoginTest@1115ec15]" started-at="2025-01-01T23:27:02 IST" name="checkValidLogin" finished-at="2025-01-01T23:27:03 IST" duration-ms="781" status="PASS">
          <reporter-output>
          </reporter-output>
        </test-method> <!-- checkValidLogin -->
        <test-method is-config="true" signature="afterMethod(org.testng.ITestResult)[pri:0, instance:TestScript.QALegendLoginTest@1115ec15]" started-at="2025-01-01T23:27:03 IST" name="afterMethod" finished-at="2025-01-01T23:27:03 IST" duration-ms="132" status="PASS">
          <params>
            <param index="0">
              <value>
                <![CDATA[[TestResult name=checkValidLogin status=SUCCESS method=QALegendLoginTest.checkValidLogin()[pri:0, instance:TestScript.QALegendLoginTest@1115ec15] output={null}]]]>
              </value>
            </param>
          </params>
          <reporter-output>
          </reporter-output>
        </test-method> <!-- afterMethod -->
        <test-method is-config="true" signature="browserintialization()[pri:0, instance:TestScript.QALegendLoginTest@1115ec15]" started-at="2025-01-01T23:27:03 IST" name="browserintialization" finished-at="2025-01-01T23:27:04 IST" duration-ms="1164" status="PASS">
          <reporter-output>
          </reporter-output>
        </test-method> <!-- browserintialization -->
        <test-method signature="checkinValidLogin()[pri:0, instance:TestScript.QALegendLoginTest@1115ec15]" started-at="2025-01-01T23:27:04 IST" name="checkinValidLogin" finished-at="2025-01-01T23:27:07 IST" duration-ms="2348" status="PASS">
          <reporter-output>
          </reporter-output>
        </test-method> <!-- checkinValidLogin -->
        <test-method is-config="true" signature="afterMethod(org.testng.ITestResult)[pri:0, instance:TestScript.QALegendLoginTest@1115ec15]" started-at="2025-01-01T23:27:07 IST" name="afterMethod" finished-at="2025-01-01T23:27:07 IST" duration-ms="143" status="PASS">
          <params>
            <param index="0">
              <value>
                <![CDATA[[TestResult name=checkinValidLogin status=SUCCESS method=QALegendLoginTest.checkinValidLogin()[pri:0, instance:TestScript.QALegendLoginTest@1115ec15] output={null}]]]>
              </value>
            </param>
          </params>
          <reporter-output>
          </reporter-output>
        </test-method> <!-- afterMethod -->
      </class> <!-- TestScript.QALegendLoginTest -->
      <class name="TestScript.QALegendMessageTest">
        <test-method is-config="true" signature="browserintialization()[pri:0, instance:TestScript.QALegendMessageTest@768fc0f2]" started-at="2025-01-01T23:25:55 IST" name="browserintialization" finished-at="2025-01-01T23:25:57 IST" duration-ms="2397" status="PASS">
          <reporter-output>
          </reporter-output>
        </test-method> <!-- browserintialization -->
        <test-method signature="verifyComposeMessage()[pri:0, instance:TestScript.QALegendMessageTest@768fc0f2]" started-at="2025-01-01T23:25:57 IST" name="verifyComposeMessage" finished-at="2025-01-01T23:26:00 IST" duration-ms="3227" status="PASS">
          <reporter-output>
          </reporter-output>
        </test-method> <!-- verifyComposeMessage -->
        <test-method is-config="true" signature="afterMethod(org.testng.ITestResult)[pri:0, instance:TestScript.QALegendMessageTest@768fc0f2]" started-at="2025-01-01T23:26:00 IST" name="afterMethod" finished-at="2025-01-01T23:26:00 IST" duration-ms="124" status="PASS">
          <params>
            <param index="0">
              <value>
                <![CDATA[[TestResult name=verifyComposeMessage status=SUCCESS method=QALegendMessageTest.verifyComposeMessage()[pri:0, instance:TestScript.QALegendMessageTest@768fc0f2] output={null}]]]>
              </value>
            </param>
          </params>
          <reporter-output>
          </reporter-output>
        </test-method> <!-- afterMethod -->
      </class> <!-- TestScript.QALegendMessageTest -->
      <class name="TestScript.QALegendClientsTest">
        <test-method is-config="true" signature="browserintialization()[pri:0, instance:TestScript.QALegendClientsTest@5454d35e]" started-at="2025-01-01T23:26:00 IST" name="browserintialization" finished-at="2025-01-01T23:26:02 IST" duration-ms="1730" status="PASS">
          <reporter-output>
          </reporter-output>
        </test-method> <!-- browserintialization -->
        <test-method signature="addClients()[pri:0, instance:TestScript.QALegendClientsTest@5454d35e]" started-at="2025-01-01T23:26:02 IST" name="addClients" finished-at="2025-01-01T23:26:06 IST" duration-ms="4090" status="PASS">
          <reporter-output>
          </reporter-output>
        </test-method> <!-- addClients -->
        <test-method is-config="true" signature="afterMethod(org.testng.ITestResult)[pri:0, instance:TestScript.QALegendClientsTest@5454d35e]" started-at="2025-01-01T23:26:06 IST" name="afterMethod" finished-at="2025-01-01T23:26:06 IST" duration-ms="127" status="PASS">
          <params>
            <param index="0">
              <value>
                <![CDATA[[TestResult name=addClients status=SUCCESS method=QALegendClientsTest.addClients()[pri:0, instance:TestScript.QALegendClientsTest@5454d35e] output={null}]]]>
              </value>
            </param>
          </params>
          <reporter-output>
          </reporter-output>
        </test-method> <!-- afterMethod -->
      </class> <!-- TestScript.QALegendClientsTest -->
      <class name="TestScript.QALegendEditAnnouncementTest">
        <test-method is-config="true" signature="browserintialization()[pri:0, instance:TestScript.QALegendEditAnnouncementTest@3f67593e]" started-at="2025-01-01T23:26:31 IST" name="browserintialization" finished-at="2025-01-01T23:26:33 IST" duration-ms="1803" status="PASS">
          <reporter-output>
          </reporter-output>
        </test-method> <!-- browserintialization -->
        <test-method signature="editannouncementTestCases()[pri:0, instance:TestScript.QALegendEditAnnouncementTest@3f67593e]" started-at="2025-01-01T23:26:33 IST" name="editannouncementTestCases" finished-at="2025-01-01T23:26:35 IST" duration-ms="1660" status="PASS">
          <reporter-output>
          </reporter-output>
        </test-method> <!-- editannouncementTestCases -->
        <test-method is-config="true" signature="afterMethod(org.testng.ITestResult)[pri:0, instance:TestScript.QALegendEditAnnouncementTest@3f67593e]" started-at="2025-01-01T23:26:35 IST" name="afterMethod" finished-at="2025-01-01T23:26:35 IST" duration-ms="146" status="PASS">
          <params>
            <param index="0">
              <value>
                <![CDATA[[TestResult name=editannouncementTestCases status=SUCCESS method=QALegendEditAnnouncementTest.editannouncementTestCases()[pri:0, instance:TestScript.QALegendEditAnnouncementTest@3f67593e] output={null}]]]>
              </value>
            </param>
          </params>
          <reporter-output>
          </reporter-output>
        </test-method> <!-- afterMethod -->
      </class> <!-- TestScript.QALegendEditAnnouncementTest -->
      <class name="TestScript.QALegendTicketTest">
        <test-method is-config="true" signature="browserintialization()[pri:0, instance:TestScript.QALegendTicketTest@14bee915]" started-at="2025-01-01T23:26:44 IST" name="browserintialization" finished-at="2025-01-01T23:26:45 IST" duration-ms="1214" status="PASS">
          <reporter-output>
          </reporter-output>
        </test-method> <!-- browserintialization -->
        <test-method signature="verifyTicketAssignment()[pri:0, instance:TestScript.QALegendTicketTest@14bee915]" started-at="2025-01-01T23:26:45 IST" name="verifyTicketAssignment" finished-at="2025-01-01T23:26:50 IST" duration-ms="4409" status="PASS">
          <reporter-output>
          </reporter-output>
        </test-method> <!-- verifyTicketAssignment -->
        <test-method is-config="true" signature="afterMethod(org.testng.ITestResult)[pri:0, instance:TestScript.QALegendTicketTest@14bee915]" started-at="2025-01-01T23:26:50 IST" name="afterMethod" finished-at="2025-01-01T23:26:50 IST" duration-ms="159" status="PASS">
          <params>
            <param index="0">
              <value>
                <![CDATA[[TestResult name=verifyTicketAssignment status=SUCCESS method=QALegendTicketTest.verifyTicketAssignment()[pri:0, instance:TestScript.QALegendTicketTest@14bee915] output={null}]]]>
              </value>
            </param>
          </params>
          <reporter-output>
          </reporter-output>
        </test-method> <!-- afterMethod -->
        <test-method is-config="true" signature="browserintialization()[pri:0, instance:TestScript.QALegendTicketTest@14bee915]" started-at="2025-01-01T23:26:50 IST" name="browserintialization" finished-at="2025-01-01T23:26:51 IST" duration-ms="1096" status="PASS">
          <reporter-output>
          </reporter-output>
        </test-method> <!-- browserintialization -->
        <test-method signature="verifyTicketMarkedAsClosed()[pri:0, instance:TestScript.QALegendTicketTest@14bee915]" started-at="2025-01-01T23:26:51 IST" name="verifyTicketMarkedAsClosed" finished-at="2025-01-01T23:27:00 IST" duration-ms="8855" status="PASS">
          <reporter-output>
          </reporter-output>
        </test-method> <!-- verifyTicketMarkedAsClosed -->
        <test-method is-config="true" signature="afterMethod(org.testng.ITestResult)[pri:0, instance:TestScript.QALegendTicketTest@14bee915]" started-at="2025-01-01T23:27:00 IST" name="afterMethod" finished-at="2025-01-01T23:27:00 IST" duration-ms="198" status="PASS">
          <params>
            <param index="0">
              <value>
                <![CDATA[[TestResult name=verifyTicketMarkedAsClosed status=SUCCESS method=QALegendTicketTest.verifyTicketMarkedAsClosed()[pri:0, instance:TestScript.QALegendTicketTest@14bee915] output={null}]]]>
              </value>
            </param>
          </params>
          <reporter-output>
          </reporter-output>
        </test-method> <!-- afterMethod -->
      </class> <!-- TestScript.QALegendTicketTest -->
      <class name="TestScript.QALegendItemsTest">
        <test-method is-config="true" signature="browserintialization()[pri:0, instance:TestScript.QALegendItemsTest@455b6df1]" started-at="2025-01-01T23:26:13 IST" name="browserintialization" finished-at="2025-01-01T23:26:15 IST" duration-ms="1599" status="PASS">
          <reporter-output>
          </reporter-output>
        </test-method> <!-- browserintialization -->
        <test-method retried="true" signature="addItem()[pri:0, instance:TestScript.QALegendItemsTest@455b6df1]" started-at="2025-01-01T23:26:15 IST" name="addItem" finished-at="2025-01-01T23:26:20 IST" duration-ms="5408" status="SKIP">
          <exception class="org.openqa.selenium.ElementClickInterceptedException">
            <message>
              <![CDATA[element click intercepted: Element <input type="search" class="" placeholder="Search" aria-controls="item-table"> is not clickable at point (900, 156). Other element would receive the click: <div class="modal in" id="ajaxModal" tabindex="-1" role="dialog" aria-labelledby="ajaxModal" aria-hidden="true" style="display: block;">...</div>
  (Session info: chrome=131.0.6778.205)
Build info: version: '4.25.0', revision: '8a8aea2337'
System info: os.name: 'Windows 11', os.arch: 'amd64', os.version: '10.0', java.version: '22.0.2'
Driver info: org.openqa.selenium.chrome.ChromeDriver
Command: [43d390e2a195084cf290a27ce2722d9b, clickElement {id=f.09955BD193B3847A0CEDB34E665C924C.d.23571AF94F9FD3D9D5951223354BDD84.e.60}]
Capabilities {acceptInsecureCerts: false, browserName: chrome, browserVersion: 131.0.6778.205, chrome: {chromedriverVersion: 131.0.6778.204 (52183f9e99a..., userDataDir: C:\Users\hanzh\AppData\Loca...}, fedcm:accounts: true, goog:chromeOptions: {debuggerAddress: localhost:62693}, networkConnectionEnabled: false, pageLoadStrategy: normal, platformName: windows, proxy: Proxy(), se:cdp: ws://localhost:62693/devtoo..., se:cdpVersion: 131.0.6778.205, setWindowRect: true, strictFileInteractability: false, timeouts: {implicit: 0, pageLoad: 300000, script: 30000}, unhandledPromptBehavior: dismiss and notify, webauthn:extension:credBlob: true, webauthn:extension:largeBlob: true, webauthn:extension:minPinLength: true, webauthn:extension:prf: true, webauthn:virtualAuthenticators: true}
Element: [[ChromeDriver: chrome on windows (43d390e2a195084cf290a27ce2722d9b)] -> xpath: //input[@type='search']]
Session ID: 43d390e2a195084cf290a27ce2722d9b]]>
            </message>
            <full-stacktrace>
              <![CDATA[org.openqa.selenium.ElementClickInterceptedException: element click intercepted: Element <input type="search" class="" placeholder="Search" aria-controls="item-table"> is not clickable at point (900, 156). Other element would receive the click: <div class="modal in" id="ajaxModal" tabindex="-1" role="dialog" aria-labelledby="ajaxModal" aria-hidden="true" style="display: block;">...</div>
  (Session info: chrome=131.0.6778.205)
Build info: version: '4.25.0', revision: '8a8aea2337'
System info: os.name: 'Windows 11', os.arch: 'amd64', os.version: '10.0', java.version: '22.0.2'
Driver info: org.openqa.selenium.chrome.ChromeDriver
Command: [43d390e2a195084cf290a27ce2722d9b, clickElement {id=f.09955BD193B3847A0CEDB34E665C924C.d.23571AF94F9FD3D9D5951223354BDD84.e.60}]
Capabilities {acceptInsecureCerts: false, browserName: chrome, browserVersion: 131.0.6778.205, chrome: {chromedriverVersion: 131.0.6778.204 (52183f9e99a..., userDataDir: C:\Users\hanzh\AppData\Loca...}, fedcm:accounts: true, goog:chromeOptions: {debuggerAddress: localhost:62693}, networkConnectionEnabled: false, pageLoadStrategy: normal, platformName: windows, proxy: Proxy(), se:cdp: ws://localhost:62693/devtoo..., se:cdpVersion: 131.0.6778.205, setWindowRect: true, strictFileInteractability: false, timeouts: {implicit: 0, pageLoad: 300000, script: 30000}, unhandledPromptBehavior: dismiss and notify, webauthn:extension:credBlob: true, webauthn:extension:largeBlob: true, webauthn:extension:minPinLength: true, webauthn:extension:prf: true, webauthn:virtualAuthenticators: true}
Element: [[ChromeDriver: chrome on windows (43d390e2a195084cf290a27ce2722d9b)] -> xpath: //input[@type='search']]
Session ID: 43d390e2a195084cf290a27ce2722d9b
at java.base/jdk.internal.reflect.DirectConstructorHandleAccessor.newInstance(DirectConstructorHandleAccessor.java:62)
at java.base/java.lang.reflect.Constructor.newInstanceWithCaller(Constructor.java:502)
at java.base/java.lang.reflect.Constructor.newInstance(Constructor.java:486)
at org.openqa.selenium.remote.ErrorCodec.decode(ErrorCodec.java:167)
at org.openqa.selenium.remote.codec.w3c.W3CHttpResponseCodec.decode(W3CHttpResponseCodec.java:138)
at org.openqa.selenium.remote.codec.w3c.W3CHttpResponseCodec.decode(W3CHttpResponseCodec.java:50)
at org.openqa.selenium.remote.HttpCommandExecutor.execute(HttpCommandExecutor.java:190)
at org.openqa.selenium.remote.service.DriverCommandExecutor.invokeExecute(DriverCommandExecutor.java:216)
at org.openqa.selenium.remote.service.DriverCommandExecutor.execute(DriverCommandExecutor.java:174)
at org.openqa.selenium.remote.RemoteWebDriver.execute(RemoteWebDriver.java:545)
at org.openqa.selenium.remote.RemoteWebElement.execute(RemoteWebElement.java:223)
at org.openqa.selenium.remote.RemoteWebElement.click(RemoteWebElement.java:76)
at java.base/jdk.internal.reflect.DirectMethodHandleAccessor.invoke(DirectMethodHandleAccessor.java:103)
at java.base/java.lang.reflect.Method.invoke(Method.java:580)
at org.openqa.selenium.support.pagefactory.internal.LocatingElementHandler.invoke(LocatingElementHandler.java:51)
at jdk.proxy2/jdk.proxy2.$Proxy12.click(Unknown Source)
at PageClasses.QALegendItemsPage.searchItemAdded(QALegendItemsPage.java:60)
at TestScript.QALegendItemsTest.addItem(QALegendItemsTest.java:23)
at java.base/jdk.internal.reflect.DirectMethodHandleAccessor.invoke(DirectMethodHandleAccessor.java:103)
at java.base/java.lang.reflect.Method.invoke(Method.java:580)
at org.testng.internal.invokers.MethodInvocationHelper.invokeMethod(MethodInvocationHelper.java:141)
at org.testng.internal.invokers.TestInvoker.invokeMethod(TestInvoker.java:686)
at org.testng.internal.invokers.TestInvoker.invokeTestMethod(TestInvoker.java:230)
at org.testng.internal.invokers.MethodRunner.runInSequence(MethodRunner.java:63)
at org.testng.internal.invokers.TestInvoker$MethodInvocationAgent.invoke(TestInvoker.java:992)
at org.testng.internal.invokers.TestInvoker.invokeTestMethods(TestInvoker.java:203)
at org.testng.internal.invokers.TestMethodWorker.invokeTestMethods(TestMethodWorker.java:154)
at org.testng.internal.invokers.TestMethodWorker.run(TestMethodWorker.java:134)
at java.base/java.util.ArrayList.forEach(ArrayList.java:1597)
at org.testng.TestRunner.privateRun(TestRunner.java:739)
at org.testng.TestRunner.run(TestRunner.java:614)
at org.testng.SuiteRunner.runTest(SuiteRunner.java:421)
at org.testng.SuiteRunner.runSequentially(SuiteRunner.java:413)
at org.testng.SuiteRunner.privateRun(SuiteRunner.java:373)
at org.testng.SuiteRunner.run(SuiteRunner.java:312)
at org.testng.SuiteRunnerWorker.runSuite(SuiteRunnerWorker.java:52)
at org.testng.SuiteRunnerWorker.run(SuiteRunnerWorker.java:95)
at org.testng.TestNG.runSuitesSequentially(TestNG.java:1274)
at org.testng.TestNG.runSuitesLocally(TestNG.java:1208)
at org.testng.TestNG.runSuites(TestNG.java:1112)
at org.testng.TestNG.run(TestNG.java:1079)
at org.testng.remote.AbstractRemoteTestNG.run(AbstractRemoteTestNG.java:115)
at org.testng.remote.RemoteTestNG.initAndRun(RemoteTestNG.java:293)
at org.testng.remote.RemoteTestNG.main(RemoteTestNG.java:91)
]]>
            </full-stacktrace>
          </exception> <!-- org.openqa.selenium.ElementClickInterceptedException -->
          <reporter-output>
          </reporter-output>
        </test-method> <!-- addItem -->
        <test-method is-config="true" signature="afterMethod(org.testng.ITestResult)[pri:0, instance:TestScript.QALegendItemsTest@455b6df1]" started-at="2025-01-01T23:26:20 IST" name="afterMethod" finished-at="2025-01-01T23:26:20 IST" duration-ms="146" status="PASS">
          <params>
            <param index="0">
              <value>
                <![CDATA[[TestResult name=addItem status=SKIP method=QALegendItemsTest.addItem()[pri:0, instance:TestScript.QALegendItemsTest@455b6df1] output={null}]]]>
              </value>
            </param>
          </params>
          <reporter-output>
          </reporter-output>
        </test-method> <!-- afterMethod -->
        <test-method is-config="true" signature="browserintialization()[pri:0, instance:TestScript.QALegendItemsTest@455b6df1]" started-at="2025-01-01T23:26:20 IST" name="browserintialization" finished-at="2025-01-01T23:26:22 IST" duration-ms="1220" status="PASS">
          <reporter-output>
          </reporter-output>
        </test-method> <!-- browserintialization -->
        <test-method signature="addItem()[pri:0, instance:TestScript.QALegendItemsTest@455b6df1]" started-at="2025-01-01T23:26:22 IST" name="addItem" finished-at="2025-01-01T23:26:26 IST" duration-ms="4772" status="PASS">
          <reporter-output>
          </reporter-output>
        </test-method> <!-- addItem -->
        <test-method is-config="true" signature="afterMethod(org.testng.ITestResult)[pri:0, instance:TestScript.QALegendItemsTest@455b6df1]" started-at="2025-01-01T23:26:26 IST" name="afterMethod" finished-at="2025-01-01T23:26:27 IST" duration-ms="131" status="PASS">
          <params>
            <param index="0">
              <value>
                <![CDATA[[TestResult name=addItem status=SUCCESS method=QALegendItemsTest.addItem()[pri:0, instance:TestScript.QALegendItemsTest@455b6df1] output={null}]]]>
              </value>
            </param>
          </params>
          <reporter-output>
          </reporter-output>
        </test-method> <!-- afterMethod -->
      </class> <!-- TestScript.QALegendItemsTest -->
      <class name="TestScript.QALegendProjectTest">
        <test-method is-config="true" signature="browserintialization()[pri:0, instance:TestScript.QALegendProjectTest@20c0a64d]" started-at="2025-01-01T23:26:06 IST" name="browserintialization" finished-at="2025-01-01T23:26:09 IST" duration-ms="2588" status="PASS">
          <reporter-output>
          </reporter-output>
        </test-method> <!-- browserintialization -->
        <test-method signature="verifyAddProject()[pri:0, instance:TestScript.QALegendProjectTest@20c0a64d]" started-at="2025-01-01T23:26:09 IST" name="verifyAddProject" finished-at="2025-01-01T23:26:13 IST" duration-ms="4309" status="PASS">
          <reporter-output>
          </reporter-output>
        </test-method> <!-- verifyAddProject -->
        <test-method is-config="true" signature="afterMethod(org.testng.ITestResult)[pri:0, instance:TestScript.QALegendProjectTest@20c0a64d]" started-at="2025-01-01T23:26:13 IST" name="afterMethod" finished-at="2025-01-01T23:26:13 IST" duration-ms="103" status="PASS">
          <params>
            <param index="0">
              <value>
                <![CDATA[[TestResult name=verifyAddProject status=SUCCESS method=QALegendProjectTest.verifyAddProject()[pri:0, instance:TestScript.QALegendProjectTest@20c0a64d] output={null}]]]>
              </value>
            </param>
          </params>
          <reporter-output>
          </reporter-output>
        </test-method> <!-- afterMethod -->
      </class> <!-- TestScript.QALegendProjectTest -->
      <class name="TestScript.QALegendEditEventTest">
        <test-method is-config="true" signature="browserintialization()[pri:0, instance:TestScript.QALegendEditEventTest@119cbf96]" started-at="2025-01-01T23:25:34 IST" name="browserintialization" finished-at="2025-01-01T23:25:35 IST" duration-ms="1204" status="PASS">
          <reporter-output>
          </reporter-output>
        </test-method> <!-- browserintialization -->
        <test-method signature="editEventTestCases()[pri:0, instance:TestScript.QALegendEditEventTest@119cbf96]" started-at="2025-01-01T23:25:35 IST" name="editEventTestCases" finished-at="2025-01-01T23:25:39 IST" duration-ms="3563" status="PASS">
          <reporter-output>
          </reporter-output>
        </test-method> <!-- editEventTestCases -->
        <test-method is-config="true" signature="afterMethod(org.testng.ITestResult)[pri:0, instance:TestScript.QALegendEditEventTest@119cbf96]" started-at="2025-01-01T23:25:39 IST" name="afterMethod" finished-at="2025-01-01T23:25:39 IST" duration-ms="134" status="PASS">
          <params>
            <param index="0">
              <value>
                <![CDATA[[TestResult name=editEventTestCases status=SUCCESS method=QALegendEditEventTest.editEventTestCases()[pri:0, instance:TestScript.QALegendEditEventTest@119cbf96] output={null}]]]>
              </value>
            </param>
          </params>
          <reporter-output>
          </reporter-output>
        </test-method> <!-- afterMethod -->
      </class> <!-- TestScript.QALegendEditEventTest -->
      <class name="TestScript.QALegendEventTest">
        <test-method is-config="true" signature="browserintialization()[pri:0, instance:TestScript.QALegendEventTest@10f7f7de]" started-at="2025-01-01T23:25:29 IST" name="browserintialization" finished-at="2025-01-01T23:25:31 IST" duration-ms="1742" status="PASS">
          <reporter-output>
          </reporter-output>
        </test-method> <!-- browserintialization -->
        <test-method signature="addEvent()[pri:0, instance:TestScript.QALegendEventTest@10f7f7de]" started-at="2025-01-01T23:25:31 IST" name="addEvent" finished-at="2025-01-01T23:25:34 IST" duration-ms="3529" status="PASS">
          <reporter-output>
          </reporter-output>
        </test-method> <!-- addEvent -->
        <test-method is-config="true" signature="afterMethod(org.testng.ITestResult)[pri:0, instance:TestScript.QALegendEventTest@10f7f7de]" started-at="2025-01-01T23:25:34 IST" name="afterMethod" finished-at="2025-01-01T23:25:34 IST" duration-ms="141" status="PASS">
          <params>
            <param index="0">
              <value>
                <![CDATA[[TestResult name=addEvent status=SUCCESS method=QALegendEventTest.addEvent()[pri:0, instance:TestScript.QALegendEventTest@10f7f7de] output={null}]]]>
              </value>
            </param>
          </params>
          <reporter-output>
          </reporter-output>
        </test-method> <!-- afterMethod -->
      </class> <!-- TestScript.QALegendEventTest -->
      <class name="TestScript.QALegendAnnouncementTest">
        <test-method is-config="true" signature="browserintialization()[pri:0, instance:TestScript.QALegendAnnouncementTest@4ddbbdf8]" started-at="2025-01-01T23:26:27 IST" name="browserintialization" finished-at="2025-01-01T23:26:29 IST" duration-ms="2331" status="PASS">
          <reporter-output>
          </reporter-output>
        </test-method> <!-- browserintialization -->
        <test-method signature="addAnnouncement()[pri:0, instance:TestScript.QALegendAnnouncementTest@4ddbbdf8]" started-at="2025-01-01T23:26:29 IST" name="addAnnouncement" finished-at="2025-01-01T23:26:31 IST" duration-ms="2362" status="PASS">
          <reporter-output>
          </reporter-output>
        </test-method> <!-- addAnnouncement -->
        <test-method is-config="true" signature="afterMethod(org.testng.ITestResult)[pri:0, instance:TestScript.QALegendAnnouncementTest@4ddbbdf8]" started-at="2025-01-01T23:26:31 IST" name="afterMethod" finished-at="2025-01-01T23:26:31 IST" duration-ms="93" status="PASS">
          <params>
            <param index="0">
              <value>
                <![CDATA[[TestResult name=addAnnouncement status=SUCCESS method=QALegendAnnouncementTest.addAnnouncement()[pri:0, instance:TestScript.QALegendAnnouncementTest@4ddbbdf8] output={null}]]]>
              </value>
            </param>
          </params>
          <reporter-output>
          </reporter-output>
        </test-method> <!-- afterMethod -->
      </class> <!-- TestScript.QALegendAnnouncementTest -->
      <class name="TestScript.QALegendEditTeamMembersTest">
        <test-method is-config="true" signature="browserintialization()[pri:0, instance:TestScript.QALegendEditTeamMembersTest@41ab013]" started-at="2025-01-01T23:26:40 IST" name="browserintialization" finished-at="2025-01-01T23:26:41 IST" duration-ms="1256" status="PASS">
          <reporter-output>
          </reporter-output>
        </test-method> <!-- browserintialization -->
        <test-method signature="editTeamTestCases()[pri:0, instance:TestScript.QALegendEditTeamMembersTest@41ab013]" started-at="2025-01-01T23:26:41 IST" name="editTeamTestCases" finished-at="2025-01-01T23:26:44 IST" duration-ms="2724" status="PASS">
          <reporter-output>
          </reporter-output>
        </test-method> <!-- editTeamTestCases -->
        <test-method is-config="true" signature="afterMethod(org.testng.ITestResult)[pri:0, instance:TestScript.QALegendEditTeamMembersTest@41ab013]" started-at="2025-01-01T23:26:44 IST" name="afterMethod" finished-at="2025-01-01T23:26:44 IST" duration-ms="131" status="PASS">
          <params>
            <param index="0">
              <value>
                <![CDATA[[TestResult name=editTeamTestCases status=SUCCESS method=QALegendEditTeamMembersTest.editTeamTestCases()[pri:0, instance:TestScript.QALegendEditTeamMembersTest@41ab013] output={null}]]]>
              </value>
            </param>
          </params>
          <reporter-output>
          </reporter-output>
        </test-method> <!-- afterMethod -->
      </class> <!-- TestScript.QALegendEditTeamMembersTest -->
      <class name="TestScript.QALegendTeamMembersTest">
        <test-method is-config="true" signature="browserintialization()[pri:0, instance:TestScript.QALegendTeamMembersTest@1ab06251]" started-at="2025-01-01T23:26:35 IST" name="browserintialization" finished-at="2025-01-01T23:26:37 IST" duration-ms="2085" status="PASS">
          <reporter-output>
          </reporter-output>
        </test-method> <!-- browserintialization -->
        <test-method signature="addTeamMembers()[pri:0, instance:TestScript.QALegendTeamMembersTest@1ab06251]" started-at="2025-01-01T23:26:37 IST" name="addTeamMembers" finished-at="2025-01-01T23:26:40 IST" duration-ms="2600" status="PASS">
          <reporter-output>
          </reporter-output>
        </test-method> <!-- addTeamMembers -->
        <test-method is-config="true" signature="afterMethod(org.testng.ITestResult)[pri:0, instance:TestScript.QALegendTeamMembersTest@1ab06251]" started-at="2025-01-01T23:26:40 IST" name="afterMethod" finished-at="2025-01-01T23:26:40 IST" duration-ms="108" status="PASS">
          <params>
            <param index="0">
              <value>
                <![CDATA[[TestResult name=addTeamMembers status=SUCCESS method=QALegendTeamMembersTest.addTeamMembers()[pri:0, instance:TestScript.QALegendTeamMembersTest@1ab06251] output={null}]]]>
              </value>
            </param>
          </params>
          <reporter-output>
          </reporter-output>
        </test-method> <!-- afterMethod -->
      </class> <!-- TestScript.QALegendTeamMembersTest -->
    </test> <!-- Test -->
  </suite> <!-- Suite -->
</testng-results>
