<?xml version="1.0" encoding="UTF-8"?>
<testng-results ignored="0" total="3" passed="3" failed="0" skipped="0">
  <reporter-output>
  </reporter-output>
  <suite started-at="2025-01-03T21:03:50 IST" name="Suite" finished-at="2025-01-03T21:04:07 IST" duration-ms="17620">
    <groups>
    </groups>
    <test started-at="2025-01-03T21:03:50 IST" name="Test" finished-at="2025-01-03T21:04:07 IST" duration-ms="17620">
      <class name="TestScript.QALegendNoteTest">
        <test-method is-config="true" signature="browserintialization()[pri:0, instance:TestScript.QALegendNoteTest@7357a011]" started-at="2025-01-03T21:03:50 IST" name="browserintialization" finished-at="2025-01-03T21:03:52 IST" duration-ms="1838" status="PASS">
          <reporter-output>
          </reporter-output>
        </test-method> <!-- browserintialization -->
        <test-method signature="verifyAddNoteTest()[pri:0, instance:TestScript.QALegendNoteTest@7357a011]" started-at="2025-01-03T21:03:52 IST" name="verifyAddNoteTest" finished-at="2025-01-03T21:03:56 IST" duration-ms="3943" status="PASS">
          <reporter-output>
          </reporter-output>
        </test-method> <!-- verifyAddNoteTest -->
        <test-method is-config="true" signature="afterMethod(org.testng.ITestResult)[pri:0, instance:TestScript.QALegendNoteTest@7357a011]" started-at="2025-01-03T21:03:56 IST" name="afterMethod" finished-at="2025-01-03T21:03:56 IST" duration-ms="124" status="PASS">
          <params>
            <param index="0">
              <value>
                <![CDATA[[TestResult name=verifyAddNoteTest status=SUCCESS method=QALegendNoteTest.verifyAddNoteTest()[pri:0, instance:TestScript.QALegendNoteTest@7357a011] output={null}]]]>
              </value>
            </param>
          </params>
          <reporter-output>
          </reporter-output>
        </test-method> <!-- afterMethod -->
      </class> <!-- TestScript.QALegendNoteTest -->
      <class name="TestScript.QALegendTicketTest">
        <test-method is-config="true" signature="browserintialization()[pri:0, instance:TestScript.QALegendTicketTest@2d6c53fc]" started-at="2025-01-03T21:03:56 IST" name="browserintialization" finished-at="2025-01-03T21:03:57 IST" duration-ms="1493" status="PASS">
          <reporter-output>
          </reporter-output>
        </test-method> <!-- browserintialization -->
        <test-method signature="verifyTicketAssignment()[pri:0, instance:TestScript.QALegendTicketTest@2d6c53fc]" started-at="2025-01-03T21:03:57 IST" name="verifyTicketAssignment" finished-at="2025-01-03T21:04:02 IST" duration-ms="4825" status="PASS">
          <reporter-output>
          </reporter-output>
        </test-method> <!-- verifyTicketAssignment -->
        <test-method is-config="true" signature="afterMethod(org.testng.ITestResult)[pri:0, instance:TestScript.QALegendTicketTest@2d6c53fc]" started-at="2025-01-03T21:04:02 IST" name="afterMethod" finished-at="2025-01-03T21:04:02 IST" duration-ms="134" status="PASS">
          <params>
            <param index="0">
              <value>
                <![CDATA[[TestResult name=verifyTicketAssignment status=SUCCESS method=QALegendTicketTest.verifyTicketAssignment()[pri:0, instance:TestScript.QALegendTicketTest@2d6c53fc] output={null}]]]>
              </value>
            </param>
          </params>
          <reporter-output>
          </reporter-output>
        </test-method> <!-- afterMethod -->
        <test-method is-config="true" signature="browserintialization()[pri:0, instance:TestScript.QALegendTicketTest@2d6c53fc]" started-at="2025-01-03T21:04:02 IST" name="browserintialization" finished-at="2025-01-03T21:04:04 IST" duration-ms="1519" status="PASS">
          <reporter-output>
          </reporter-output>
        </test-method> <!-- browserintialization -->
        <test-method signature="verifyTicketMarkedAsClosed()[pri:0, instance:TestScript.QALegendTicketTest@2d6c53fc]" started-at="2025-01-03T21:04:04 IST" name="verifyTicketMarkedAsClosed" finished-at="2025-01-03T21:04:07 IST" duration-ms="3579" status="PASS">
          <reporter-output>
          </reporter-output>
        </test-method> <!-- verifyTicketMarkedAsClosed -->
        <test-method is-config="true" signature="afterMethod(org.testng.ITestResult)[pri:0, instance:TestScript.QALegendTicketTest@2d6c53fc]" started-at="2025-01-03T21:04:07 IST" name="afterMethod" finished-at="2025-01-03T21:04:07 IST" duration-ms="138" status="PASS">
          <params>
            <param index="0">
              <value>
                <![CDATA[[TestResult name=verifyTicketMarkedAsClosed status=SUCCESS method=QALegendTicketTest.verifyTicketMarkedAsClosed()[pri:0, instance:TestScript.QALegendTicketTest@2d6c53fc] output={null}]]]>
              </value>
            </param>
          </params>
          <reporter-output>
          </reporter-output>
        </test-method> <!-- afterMethod -->
      </class> <!-- TestScript.QALegendTicketTest -->
    </test> <!-- Test -->
  </suite> <!-- Suite -->
</testng-results>
